{"level":"info","message":"GET /system/info 19 2019-01-11T05:59:20.237Z","timestamp":"2019-01-11T05:59:20.241Z"}
{"level":"info","message":"POST /admin/login 52 2019-01-11T05:59:26.190Z","timestamp":"2019-01-11T05:59:26.190Z"}
{"level":"info","message":"GET /system/info 54 2019-01-11T05:59:26.286Z","timestamp":"2019-01-11T05:59:26.286Z"}
{"level":"info","message":"GET /system/total 28 2019-01-11T05:59:26.545Z","timestamp":"2019-01-11T05:59:26.545Z"}
{"level":"info","message":"GET /system/role 60 2019-01-11T06:00:03.977Z","timestamp":"2019-01-11T06:00:03.977Z"}
{"level":"info","message":"GET /system/list 140 2019-01-11T06:00:04.052Z","timestamp":"2019-01-11T06:00:04.052Z"}
{"level":"info","message":"GET /upload/qiniu/token 18 2019-01-11T06:00:05.727Z","timestamp":"2019-01-11T06:00:05.727Z"}
{"level":"info","message":"GET /upload/qiniu/token 16 2019-01-11T06:23:20.217Z","timestamp":"2019-01-11T06:23:20.217Z"}
{"level":"info","message":"GET /system/role 18 2019-01-11T07:08:13.762Z","timestamp":"2019-01-11T07:08:13.762Z"}
{"level":"info","message":"GET /system/role 18 2019-01-11T07:08:15.529Z","timestamp":"2019-01-11T07:08:15.529Z"}
{"level":"info","message":"GET /system/list 104 2019-01-11T07:08:15.617Z","timestamp":"2019-01-11T07:08:15.618Z"}
{"level":"info","message":"GET /upload/qiniu/token 13 2019-01-11T07:08:18.621Z","timestamp":"2019-01-11T07:08:18.621Z"}
{"level":"info","message":"GET /upload/qiniu/token 17 2019-01-11T07:10:55.603Z","timestamp":"2019-01-11T07:10:55.603Z"}
{"level":"info","message":"GET /upload/qiniu/token 15 2019-01-11T07:19:53.971Z","timestamp":"2019-01-11T07:19:53.973Z"}
{"level":"info","message":"GET /system/total 16 2019-01-11T07:20:10.198Z","timestamp":"2019-01-11T07:20:10.198Z"}
{"level":"info","message":"GET /system/info 110 2019-01-11T08:01:19.183Z","timestamp":"2019-01-11T08:01:19.184Z"}
{"level":"info","message":"GET /system/info 44 2019-01-11T08:02:07.881Z","timestamp":"2019-01-11T08:02:07.881Z"}
{"level":"error","message":"resource \"GET:/static/index1.html\" not found","timestamp":"2019-01-11T08:02:08.200Z"}
{"level":"info","message":"GET /static/index1.html 2 2019-01-11T08:02:08.200Z","timestamp":"2019-01-11T08:02:08.201Z"}
{"level":"info","message":"GET /system/total 16 2019-01-11T08:02:08.261Z","timestamp":"2019-01-11T08:02:08.261Z"}
{"level":"info","message":"GET /system/info 119 2019-01-11T08:02:34.901Z","timestamp":"2019-01-11T08:02:34.902Z"}
{"level":"error","message":"resource \"GET:/static/index1.html\" not found","timestamp":"2019-01-11T08:02:35.084Z"}
{"level":"info","message":"GET /static/index1.html 1 2019-01-11T08:02:35.085Z","timestamp":"2019-01-11T08:02:35.085Z"}
{"level":"info","message":"GET /system/total 16 2019-01-11T08:02:35.143Z","timestamp":"2019-01-11T08:02:35.144Z"}
{"level":"error","message":"resource \"GET:/js/vue-count-to.min.js.map\" not found","timestamp":"2019-01-11T08:02:42.665Z"}
{"level":"info","message":"GET /js/vue-count-to.min.js.map 1 2019-01-11T08:02:42.666Z","timestamp":"2019-01-11T08:02:42.666Z"}
{"level":"info","message":"GET /system/info 38 2019-01-11T08:03:12.829Z","timestamp":"2019-01-11T08:03:12.829Z"}
{"level":"error","message":"resource \"GET:/js/vue-count-to.min.js.map\" not found","timestamp":"2019-01-11T08:03:13.126Z"}
{"level":"info","message":"GET /js/vue-count-to.min.js.map 1 2019-01-11T08:03:13.126Z","timestamp":"2019-01-11T08:03:13.126Z"}
{"level":"error","message":"resource \"GET:/static/index1.html\" not found","timestamp":"2019-01-11T08:03:13.264Z"}
{"level":"info","message":"GET /static/index1.html 0 2019-01-11T08:03:13.264Z","timestamp":"2019-01-11T08:03:13.264Z"}
{"level":"info","message":"GET /system/total 18 2019-01-11T08:03:13.336Z","timestamp":"2019-01-11T08:03:13.336Z"}
{"level":"info","message":"GET /system/info 149 2019-01-11T08:04:30.448Z","timestamp":"2019-01-11T08:04:30.448Z"}
{"level":"error","message":"resource \"GET:/js/vue-count-to.min.js.map\" not found","timestamp":"2019-01-11T08:04:30.656Z"}
{"level":"info","message":"GET /js/vue-count-to.min.js.map 1 2019-01-11T08:04:30.656Z","timestamp":"2019-01-11T08:04:30.657Z"}
{"level":"error","message":"resource \"GET:/static/index1.html\" not found","timestamp":"2019-01-11T08:04:30.789Z"}
{"level":"info","message":"GET /static/index1.html 1 2019-01-11T08:04:30.790Z","timestamp":"2019-01-11T08:04:30.790Z"}
{"level":"info","message":"GET /system/total 20 2019-01-11T08:04:30.873Z","timestamp":"2019-01-11T08:04:30.873Z"}
{"level":"info","message":"GET /system/info 160 2019-01-11T08:05:13.994Z","timestamp":"2019-01-11T08:05:13.994Z"}
{"level":"info","message":"GET /system/info 102 2019-01-11T08:05:14.568Z","timestamp":"2019-01-11T08:05:14.568Z"}
{"level":"error","message":"resource \"GET:/js/vue-count-to.min.js.map\" not found","timestamp":"2019-01-11T08:05:14.755Z"}
{"level":"info","message":"GET /js/vue-count-to.min.js.map 1 2019-01-11T08:05:14.756Z","timestamp":"2019-01-11T08:05:14.756Z"}
{"level":"info","message":"GET /system/total 17 2019-01-11T08:05:14.962Z","timestamp":"2019-01-11T08:05:14.962Z"}
{"level":"info","message":"GET /system/info 327 2019-01-11T08:05:15.701Z","timestamp":"2019-01-11T08:05:15.701Z"}
{"level":"error","message":"resource \"GET:/static/index1.html\" not found","timestamp":"2019-01-11T08:05:41.277Z"}
{"level":"info","message":"GET /static/index1.html 2 2019-01-11T08:05:41.278Z","timestamp":"2019-01-11T08:05:41.278Z"}
{"level":"info","message":"GET /system/info 114 2019-01-11T08:05:51.095Z","timestamp":"2019-01-11T08:05:51.096Z"}
{"level":"error","message":"resource \"GET:/js/vue-count-to.min.js.map\" not found","timestamp":"2019-01-11T08:05:51.217Z"}
{"level":"info","message":"GET /js/vue-count-to.min.js.map 1 2019-01-11T08:05:51.218Z","timestamp":"2019-01-11T08:05:51.218Z"}
{"level":"error","message":"resource \"GET:/static/index1.html\" not found","timestamp":"2019-01-11T08:05:51.360Z"}
{"level":"info","message":"GET /static/index1.html 1 2019-01-11T08:05:51.361Z","timestamp":"2019-01-11T08:05:51.361Z"}
{"level":"info","message":"GET /system/total 14 2019-01-11T08:05:51.422Z","timestamp":"2019-01-11T08:05:51.422Z"}
{"level":"info","message":"GET /system/info 39 2019-01-11T08:06:01.811Z","timestamp":"2019-01-11T08:06:01.811Z"}
{"level":"error","message":"resource \"GET:/js/vue-count-to.min.js.map\" not found","timestamp":"2019-01-11T08:06:02.106Z"}
{"level":"info","message":"GET /js/vue-count-to.min.js.map 1 2019-01-11T08:06:02.106Z","timestamp":"2019-01-11T08:06:02.106Z"}
{"level":"error","message":"resource \"GET:/static/index1.html\" not found","timestamp":"2019-01-11T08:06:02.250Z"}
{"level":"info","message":"GET /static/index1.html 1 2019-01-11T08:06:02.250Z","timestamp":"2019-01-11T08:06:02.253Z"}
{"level":"info","message":"GET /system/total 15 2019-01-11T08:06:02.326Z","timestamp":"2019-01-11T08:06:02.326Z"}
{"level":"error","message":"resource \"GET:/static/index1.html\" not found","timestamp":"2019-01-11T08:06:41.519Z"}
{"level":"info","message":"GET /static/index1.html 1 2019-01-11T08:06:41.520Z","timestamp":"2019-01-11T08:06:41.520Z"}
{"level":"info","message":"GET /system/total 17 2019-01-11T08:06:41.554Z","timestamp":"2019-01-11T08:06:41.554Z"}
{"level":"error","message":"resource \"GET:/static/index1.html\" not found","timestamp":"2019-01-11T08:10:15.751Z"}
{"level":"info","message":"GET /static/index1.html 1 2019-01-11T08:10:15.752Z","timestamp":"2019-01-11T08:10:15.752Z"}
{"level":"info","message":"GET /system/total 17 2019-01-11T08:10:15.771Z","timestamp":"2019-01-11T08:10:15.771Z"}
{"level":"error","message":"resource \"GET:/static/index1.html\" not found","timestamp":"2019-01-11T08:10:22.822Z"}
{"level":"info","message":"GET /static/index1.html 1 2019-01-11T08:10:22.823Z","timestamp":"2019-01-11T08:10:22.823Z"}
{"level":"info","message":"GET /system/info 152 2019-01-11T08:10:24.529Z","timestamp":"2019-01-11T08:10:24.533Z"}
{"level":"error","message":"resource \"GET:/js/vue-count-to.min.js.map\" not found","timestamp":"2019-01-11T08:10:24.677Z"}
{"level":"info","message":"GET /js/vue-count-to.min.js.map 1 2019-01-11T08:10:24.677Z","timestamp":"2019-01-11T08:10:24.678Z"}
{"level":"error","message":"resource \"GET:/static/index1.html\" not found","timestamp":"2019-01-11T08:10:24.823Z"}
{"level":"info","message":"GET /static/index1.html 1 2019-01-11T08:10:24.823Z","timestamp":"2019-01-11T08:10:24.824Z"}
{"level":"info","message":"GET /system/total 22 2019-01-11T08:10:24.906Z","timestamp":"2019-01-11T08:10:24.907Z"}
{"level":"error","message":"resource \"GET:/static/index1.html\" not found","timestamp":"2019-01-11T08:10:39.133Z"}
{"level":"info","message":"GET /static/index1.html 0 2019-01-11T08:10:39.133Z","timestamp":"2019-01-11T08:10:39.133Z"}
{"level":"info","message":"GET /system/total 15 2019-01-11T08:10:39.156Z","timestamp":"2019-01-11T08:10:39.157Z"}
{"level":"info","message":"GET /system/total 18 2019-01-11T08:14:51.174Z","timestamp":"2019-01-11T08:14:51.174Z"}
{"level":"info","message":"GET /system/info 106 2019-01-11T08:14:54.029Z","timestamp":"2019-01-11T08:14:54.032Z"}
{"level":"error","message":"resource \"GET:/js/vue-count-to.min.js.map\" not found","timestamp":"2019-01-11T08:14:54.188Z"}
{"level":"info","message":"GET /js/vue-count-to.min.js.map 2 2019-01-11T08:14:54.189Z","timestamp":"2019-01-11T08:14:54.189Z"}
{"level":"info","message":"GET /system/total 22 2019-01-11T08:14:54.401Z","timestamp":"2019-01-11T08:14:54.401Z"}
{"level":"info","message":"GET /system/info 115 2019-01-11T08:15:20.445Z","timestamp":"2019-01-11T08:15:20.445Z"}
{"level":"error","message":"resource \"GET:/js/vue-count-to.min.js.map\" not found","timestamp":"2019-01-11T08:15:20.568Z"}
{"level":"info","message":"GET /js/vue-count-to.min.js.map 1 2019-01-11T08:15:20.568Z","timestamp":"2019-01-11T08:15:20.569Z"}
{"level":"info","message":"GET /system/total 19 2019-01-11T08:15:20.780Z","timestamp":"2019-01-11T08:15:20.783Z"}
{"level":"info","message":"GET /system/info 135 2019-01-11T08:15:30.427Z","timestamp":"2019-01-11T08:15:30.427Z"}
{"level":"error","message":"resource \"GET:/js/vue-count-to.min.js.map\" not found","timestamp":"2019-01-11T08:15:30.565Z"}
{"level":"info","message":"GET /js/vue-count-to.min.js.map 1 2019-01-11T08:15:30.565Z","timestamp":"2019-01-11T08:15:30.565Z"}
{"level":"info","message":"GET /system/total 19 2019-01-11T08:15:30.777Z","timestamp":"2019-01-11T08:15:30.777Z"}
{"level":"info","message":"GET /system/info 115 2019-01-11T08:15:43.915Z","timestamp":"2019-01-11T08:15:43.915Z"}
{"level":"error","message":"resource \"GET:/js/vue-count-to.min.js.map\" not found","timestamp":"2019-01-11T08:15:44.068Z"}
{"level":"info","message":"GET /js/vue-count-to.min.js.map 1 2019-01-11T08:15:44.069Z","timestamp":"2019-01-11T08:15:44.069Z"}
{"level":"info","message":"GET /system/total 15 2019-01-11T08:15:44.327Z","timestamp":"2019-01-11T08:15:44.327Z"}
{"level":"error","message":"resource \"GET:/://www.baidu.com\" not found","timestamp":"2019-01-11T08:16:15.482Z"}
{"level":"info","message":"GET /://www.baidu.com 1 2019-01-11T08:16:15.482Z","timestamp":"2019-01-11T08:16:15.483Z"}
{"level":"info","message":"GET /system/info 121 2019-01-11T08:16:23.895Z","timestamp":"2019-01-11T08:16:23.895Z"}
{"level":"error","message":"resource \"GET:/js/vue-count-to.min.js.map\" not found","timestamp":"2019-01-11T08:16:24.028Z"}
{"level":"info","message":"GET /js/vue-count-to.min.js.map 1 2019-01-11T08:16:24.029Z","timestamp":"2019-01-11T08:16:24.029Z"}
{"level":"info","message":"GET /system/total 17 2019-01-11T08:16:24.255Z","timestamp":"2019-01-11T08:16:24.255Z"}
{"level":"info","message":"GET /system/info 39 2019-01-11T08:16:26.152Z","timestamp":"2019-01-11T08:16:26.152Z"}
{"level":"error","message":"resource \"GET:/js/vue-count-to.min.js.map\" not found","timestamp":"2019-01-11T08:16:26.396Z"}
{"level":"info","message":"GET /js/vue-count-to.min.js.map 1 2019-01-11T08:16:26.397Z","timestamp":"2019-01-11T08:16:26.397Z"}
{"level":"info","message":"GET /system/total 16 2019-01-11T08:16:26.613Z","timestamp":"2019-01-11T08:16:26.614Z"}
{"level":"info","message":"GET /system/info 38 2019-01-11T08:16:27.103Z","timestamp":"2019-01-11T08:16:27.104Z"}
{"level":"error","message":"resource \"GET:/js/vue-count-to.min.js.map\" not found","timestamp":"2019-01-11T08:16:27.323Z"}
{"level":"info","message":"GET /js/vue-count-to.min.js.map 1 2019-01-11T08:16:27.324Z","timestamp":"2019-01-11T08:16:27.324Z"}
{"level":"info","message":"GET /system/total 17 2019-01-11T08:16:27.520Z","timestamp":"2019-01-11T08:16:27.520Z"}
{"level":"error","message":"SequelizeConnectionError: connect ETIMEDOUT\n    at Utils.Promise.tap.then.catch.err (/Users/chintec/Documents/node/pos-admin/public/node_modules/sequelize/lib/dialects/mysql/connection-manager.js:149:19)\n    at tryCatcher (/Users/chintec/Documents/node/pos-admin/public/node_modules/bluebird/js/release/util.js:16:23)\n    at Promise._settlePromiseFromHandler (/Users/chintec/Documents/node/pos-admin/public/node_modules/bluebird/js/release/promise.js:512:31)\n    at Promise._settlePromise (/Users/chintec/Documents/node/pos-admin/public/node_modules/bluebird/js/release/promise.js:569:18)\n    at Promise._settlePromise0 (/Users/chintec/Documents/node/pos-admin/public/node_modules/bluebird/js/release/promise.js:614:10)\n    at Promise._settlePromises (/Users/chintec/Documents/node/pos-admin/public/node_modules/bluebird/js/release/promise.js:689:18)\n    at Async._drainQueue (/Users/chintec/Documents/node/pos-admin/public/node_modules/bluebird/js/release/async.js:133:16)\n    at Async._drainQueues (/Users/chintec/Documents/node/pos-admin/public/node_modules/bluebird/js/release/async.js:143:10)\n    at Immediate.Async.drainQueues (/Users/chintec/Documents/node/pos-admin/public/node_modules/bluebird/js/release/async.js:17:14)\n    at runCallback (timers.js:789:20)\n    at tryOnImmediate (timers.js:751:5)\n    at processImmediate [as _immediateCallback] (timers.js:722:5)","timestamp":"2019-01-11T08:16:45.527Z"}
{"level":"info","message":"GET /resto/brand/shop/detail/list 10029 2019-01-11T08:16:45.528Z","timestamp":"2019-01-11T08:16:45.528Z"}
{"level":"error","message":"SequelizeConnectionError: connect ETIMEDOUT\n    at Utils.Promise.tap.then.catch.err (/Users/chintec/Documents/node/pos-admin/public/node_modules/sequelize/lib/dialects/mysql/connection-manager.js:149:19)\n    at tryCatcher (/Users/chintec/Documents/node/pos-admin/public/node_modules/bluebird/js/release/util.js:16:23)\n    at Promise._settlePromiseFromHandler (/Users/chintec/Documents/node/pos-admin/public/node_modules/bluebird/js/release/promise.js:512:31)\n    at Promise._settlePromise (/Users/chintec/Documents/node/pos-admin/public/node_modules/bluebird/js/release/promise.js:569:18)\n    at Promise._settlePromise0 (/Users/chintec/Documents/node/pos-admin/public/node_modules/bluebird/js/release/promise.js:614:10)\n    at Promise._settlePromises (/Users/chintec/Documents/node/pos-admin/public/node_modules/bluebird/js/release/promise.js:689:18)\n    at Async._drainQueue (/Users/chintec/Documents/node/pos-admin/public/node_modules/bluebird/js/release/async.js:133:16)\n    at Async._drainQueues (/Users/chintec/Documents/node/pos-admin/public/node_modules/bluebird/js/release/async.js:143:10)\n    at Immediate.Async.drainQueues (/Users/chintec/Documents/node/pos-admin/public/node_modules/bluebird/js/release/async.js:17:14)\n    at runCallback (timers.js:789:20)\n    at tryOnImmediate (timers.js:751:5)\n    at processImmediate [as _immediateCallback] (timers.js:722:5)","timestamp":"2019-01-11T08:16:45.529Z"}
{"level":"info","message":"GET /resto/brand/shop/all 5929 2019-01-11T08:16:45.529Z","timestamp":"2019-01-11T08:16:45.529Z"}
{"level":"info","message":"GET /system/total 15 2019-01-11T08:16:47.434Z","timestamp":"2019-01-11T08:16:47.435Z"}
{"level":"error","message":"resource \"GET:/static/index1.html\" not found","timestamp":"2019-01-11T08:17:01.238Z"}
{"level":"info","message":"GET /static/index1.html 6 2019-01-11T08:17:01.244Z","timestamp":"2019-01-11T08:17:01.244Z"}
{"level":"error","message":"resource \"GET:/static/index1.html\" not found","timestamp":"2019-01-11T08:17:01.246Z"}
{"level":"info","message":"GET /static/index1.html 0 2019-01-11T08:17:01.246Z","timestamp":"2019-01-11T08:17:01.246Z"}
{"level":"info","message":"GET /system/info 38 2019-01-11T08:17:02.881Z","timestamp":"2019-01-11T08:17:02.881Z"}
{"level":"error","message":"resource \"GET:/js/vue-count-to.min.js.map\" not found","timestamp":"2019-01-11T08:17:03.080Z"}
{"level":"info","message":"GET /js/vue-count-to.min.js.map 1 2019-01-11T08:17:03.081Z","timestamp":"2019-01-11T08:17:03.081Z"}
{"level":"error","message":"resource \"GET:/static/index1.html\" not found","timestamp":"2019-01-11T08:17:03.241Z"}
{"level":"info","message":"GET /static/index1.html 1 2019-01-11T08:17:03.241Z","timestamp":"2019-01-11T08:17:03.241Z"}
{"level":"info","message":"GET /system/total 19 2019-01-11T08:17:03.311Z","timestamp":"2019-01-11T08:17:03.312Z"}
{"level":"error","message":"resource \"GET:/view/index1.html\" not found","timestamp":"2019-01-11T08:18:35.594Z"}
{"level":"info","message":"GET /view/index1.html 1 2019-01-11T08:18:35.594Z","timestamp":"2019-01-11T08:18:35.594Z"}
{"level":"info","message":"GET /system/info 122 2019-01-11T08:18:36.587Z","timestamp":"2019-01-11T08:18:36.587Z"}
{"level":"error","message":"resource \"GET:/js/vue-count-to.min.js.map\" not found","timestamp":"2019-01-11T08:18:36.805Z"}
{"level":"info","message":"GET /js/vue-count-to.min.js.map 1 2019-01-11T08:18:36.806Z","timestamp":"2019-01-11T08:18:36.806Z"}
{"level":"error","message":"resource \"GET:/view/index1.html\" not found","timestamp":"2019-01-11T08:18:36.923Z"}
{"level":"info","message":"GET /view/index1.html 0 2019-01-11T08:18:36.923Z","timestamp":"2019-01-11T08:18:36.923Z"}
{"level":"info","message":"GET /system/total 18 2019-01-11T08:18:36.984Z","timestamp":"2019-01-11T08:18:36.984Z"}
{"level":"error","message":"resource \"GET:/static/index1.html\" not found","timestamp":"2019-01-11T08:18:48.883Z"}
{"level":"info","message":"GET /static/index1.html 1 2019-01-11T08:18:48.884Z","timestamp":"2019-01-11T08:18:48.885Z"}
{"level":"info","message":"GET /system/total 28 2019-01-11T08:18:48.941Z","timestamp":"2019-01-11T08:18:48.942Z"}
{"level":"info","message":"GET /system/info 110 2019-01-11T08:18:50.760Z","timestamp":"2019-01-11T08:18:50.760Z"}
{"level":"error","message":"resource \"GET:/js/vue-count-to.min.js.map\" not found","timestamp":"2019-01-11T08:18:50.906Z"}
{"level":"info","message":"GET /js/vue-count-to.min.js.map 1 2019-01-11T08:18:50.906Z","timestamp":"2019-01-11T08:18:50.907Z"}
{"level":"error","message":"resource \"GET:/static/index1.html\" not found","timestamp":"2019-01-11T08:18:51.042Z"}
{"level":"info","message":"GET /static/index1.html 1 2019-01-11T08:18:51.043Z","timestamp":"2019-01-11T08:18:51.043Z"}
{"level":"info","message":"GET /system/total 16 2019-01-11T08:18:51.110Z","timestamp":"2019-01-11T08:18:51.110Z"}
{"level":"info","message":"GET /system/info 178 2019-01-11T08:20:18.054Z","timestamp":"2019-01-11T08:20:18.055Z"}
{"level":"error","message":"resource \"GET:/js/vue-count-to.min.js.map\" not found","timestamp":"2019-01-11T08:20:18.203Z"}
{"level":"info","message":"GET /js/vue-count-to.min.js.map 1 2019-01-11T08:20:18.204Z","timestamp":"2019-01-11T08:20:18.204Z"}
{"level":"error","message":"resource \"GET:/static/index1.html\" not found","timestamp":"2019-01-11T08:20:18.330Z"}
{"level":"info","message":"GET /static/index1.html 1 2019-01-11T08:20:18.330Z","timestamp":"2019-01-11T08:20:18.330Z"}
{"level":"info","message":"GET /system/total 30 2019-01-11T08:20:18.422Z","timestamp":"2019-01-11T08:20:18.422Z"}
{"level":"error","message":"resource \"GET:/pos-admin/static/index1.html\" not found","timestamp":"2019-01-11T08:22:34.496Z"}
{"level":"info","message":"GET /pos-admin/static/index1.html 1 2019-01-11T08:22:34.496Z","timestamp":"2019-01-11T08:22:34.496Z"}
{"level":"info","message":"GET /system/info 47 2019-01-11T08:22:35.708Z","timestamp":"2019-01-11T08:22:35.708Z"}
{"level":"error","message":"resource \"GET:/js/vue-count-to.min.js.map\" not found","timestamp":"2019-01-11T08:22:36.003Z"}
{"level":"info","message":"GET /js/vue-count-to.min.js.map 2 2019-01-11T08:22:36.004Z","timestamp":"2019-01-11T08:22:36.004Z"}
{"level":"error","message":"resource \"GET:/pos-admin/static/index1.html\" not found","timestamp":"2019-01-11T08:22:36.138Z"}
{"level":"info","message":"GET /pos-admin/static/index1.html 1 2019-01-11T08:22:36.139Z","timestamp":"2019-01-11T08:22:36.139Z"}
{"level":"info","message":"GET /system/total 18 2019-01-11T08:22:36.213Z","timestamp":"2019-01-11T08:22:36.213Z"}
{"level":"info","message":"GET /system/info 37 2019-01-11T08:22:39.082Z","timestamp":"2019-01-11T08:22:39.082Z"}
{"level":"error","message":"resource \"GET:/js/vue-count-to.min.js.map\" not found","timestamp":"2019-01-11T08:22:39.311Z"}
{"level":"info","message":"GET /js/vue-count-to.min.js.map 1 2019-01-11T08:22:39.312Z","timestamp":"2019-01-11T08:22:39.312Z"}
{"level":"error","message":"resource \"GET:/pos-admin/static/index1.html\" not found","timestamp":"2019-01-11T08:22:39.474Z"}
{"level":"info","message":"GET /pos-admin/static/index1.html 0 2019-01-11T08:22:39.474Z","timestamp":"2019-01-11T08:22:39.475Z"}
{"level":"info","message":"GET /system/total 14 2019-01-11T08:22:39.551Z","timestamp":"2019-01-11T08:22:39.552Z"}
{"level":"info","message":"GET /system/info 122 2019-01-11T08:22:50.578Z","timestamp":"2019-01-11T08:22:50.578Z"}
{"level":"error","message":"resource \"GET:/js/vue-count-to.min.js.map\" not found","timestamp":"2019-01-11T08:22:50.716Z"}
{"level":"info","message":"GET /js/vue-count-to.min.js.map 1 2019-01-11T08:22:50.717Z","timestamp":"2019-01-11T08:22:50.717Z"}
{"level":"error","message":"resource \"GET:/pos-admin/static/index1.html\" not found","timestamp":"2019-01-11T08:22:50.840Z"}
{"level":"info","message":"GET /pos-admin/static/index1.html 1 2019-01-11T08:22:50.840Z","timestamp":"2019-01-11T08:22:50.840Z"}
{"level":"info","message":"GET /system/total 17 2019-01-11T08:22:50.927Z","timestamp":"2019-01-11T08:22:50.928Z"}
{"level":"error","message":"resource \"GET:/static/index1.html\" not found","timestamp":"2019-01-11T08:23:04.935Z"}
{"level":"info","message":"GET /static/index1.html 1 2019-01-11T08:23:04.935Z","timestamp":"2019-01-11T08:23:04.935Z"}
{"level":"info","message":"GET /system/total 77 2019-01-11T08:30:38.057Z","timestamp":"2019-01-11T08:30:38.073Z"}
{"level":"info","message":"GET /system/info 46 2019-01-11T08:30:58.182Z","timestamp":"2019-01-11T08:30:58.182Z"}
{"level":"error","message":"resource \"GET:/js/vue-count-to.min.js.map\" not found","timestamp":"2019-01-11T08:30:58.462Z"}
{"level":"info","message":"GET /js/vue-count-to.min.js.map 6 2019-01-11T08:30:58.462Z","timestamp":"2019-01-11T08:30:58.463Z"}
{"level":"info","message":"GET /system/total 20 2019-01-11T08:30:58.741Z","timestamp":"2019-01-11T08:30:58.741Z"}
{"level":"info","message":"GET /resto/brand/shop/detail/list 366 2019-01-11T08:31:58.809Z","timestamp":"2019-01-11T08:31:58.809Z"}
{"level":"info","message":"GET /system/total 20 2019-01-11T08:32:00.628Z","timestamp":"2019-01-11T08:32:00.628Z"}
{"level":"error","message":"resource \"GET:/static/index1.html\" not found","timestamp":"2019-01-11T08:37:34.142Z"}
{"level":"info","message":"GET /static/index1.html 8 2019-01-11T08:37:34.146Z","timestamp":"2019-01-11T08:37:34.147Z"}
{"level":"error","message":"resource \"GET:/favicon.ico\" not found","timestamp":"2019-01-11T08:37:36.207Z"}
{"level":"info","message":"GET /favicon.ico 1 2019-01-11T08:37:36.208Z","timestamp":"2019-01-11T08:37:36.208Z"}
{"level":"error","message":"resource \"GET:/index1.html\" not found","timestamp":"2019-01-11T08:37:48.240Z"}
{"level":"info","message":"GET /index1.html 6 2019-01-11T08:37:48.240Z","timestamp":"2019-01-11T08:37:48.240Z"}
{"level":"error","message":"resource \"GET:/favicon.ico\" not found","timestamp":"2019-01-11T08:37:48.807Z"}
{"level":"info","message":"GET /favicon.ico 1 2019-01-11T08:37:48.807Z","timestamp":"2019-01-11T08:37:48.807Z"}
{"level":"error","message":"ServiceUnavailableError: Response timeout\n    at IncomingMessage.<anonymous> (/Users/chintec/Documents/node/pos-admin/node_modules/connect-timeout/index.js:84:8)\n    at emitOne (events.js:116:13)\n    at IncomingMessage.emit (events.js:211:7)\n    at Timeout._onTimeout (/Users/chintec/Documents/node/pos-admin/node_modules/connect-timeout/index.js:49:11)\n    at ontimeout (timers.js:475:11)\n    at tryOnTimeout (timers.js:310:5)\n    at Timer.listOnTimeout (timers.js:270:5)","timestamp":"2019-01-11T08:38:51.611Z"}
{"level":"info","message":"GET /system/info 210 2019-01-11T08:39:08.685Z","timestamp":"2019-01-11T08:39:08.686Z"}
{"level":"error","message":"resource \"GET:/js/vue-count-to.min.js.map\" not found","timestamp":"2019-01-11T08:39:08.816Z"}
{"level":"info","message":"GET /js/vue-count-to.min.js.map 3 2019-01-11T08:39:08.817Z","timestamp":"2019-01-11T08:39:08.817Z"}
{"level":"error","message":"resource \"GET:/static/index1.html\" not found","timestamp":"2019-01-11T08:39:08.965Z"}
{"level":"info","message":"GET /static/index1.html 1 2019-01-11T08:39:08.966Z","timestamp":"2019-01-11T08:39:08.966Z"}
{"level":"info","message":"GET /system/total 23 2019-01-11T08:39:09.301Z","timestamp":"2019-01-11T08:39:09.302Z"}
{"level":"error","message":"resource \"GET:/index1.html\" not found","timestamp":"2019-01-11T08:41:50.285Z"}
{"level":"info","message":"GET /index1.html 1 2019-01-11T08:41:50.286Z","timestamp":"2019-01-11T08:41:50.286Z"}
{"level":"info","message":"GET /system/info 110 2019-01-11T08:42:02.813Z","timestamp":"2019-01-11T08:42:02.814Z"}
{"level":"error","message":"resource \"GET:/js/vue-count-to.min.js.map\" not found","timestamp":"2019-01-11T08:42:02.930Z"}
{"level":"info","message":"GET /js/vue-count-to.min.js.map 1 2019-01-11T08:42:02.931Z","timestamp":"2019-01-11T08:42:02.931Z"}
{"level":"info","message":"GET /system/total 20 2019-01-11T08:42:03.200Z","timestamp":"2019-01-11T08:42:03.200Z"}
{"level":"info","message":"GET /system/info 46 2019-01-11T08:42:03.895Z","timestamp":"2019-01-11T08:42:03.895Z"}
{"level":"error","message":"resource \"GET:/js/vue-count-to.min.js.map\" not found","timestamp":"2019-01-11T08:42:04.114Z"}
{"level":"info","message":"GET /js/vue-count-to.min.js.map 1 2019-01-11T08:42:04.114Z","timestamp":"2019-01-11T08:42:04.114Z"}
{"level":"info","message":"GET /system/total 24 2019-01-11T08:42:04.324Z","timestamp":"2019-01-11T08:42:04.324Z"}
{"level":"info","message":"GET /system/info 161 2019-01-11T08:43:14.247Z","timestamp":"2019-01-11T08:43:14.250Z"}
{"level":"error","message":"resource \"GET:/js/vue-count-to.min.js.map\" not found","timestamp":"2019-01-11T08:43:14.391Z"}
{"level":"info","message":"GET /js/vue-count-to.min.js.map 1 2019-01-11T08:43:14.392Z","timestamp":"2019-01-11T08:43:14.392Z"}
{"level":"info","message":"GET /system/total 21 2019-01-11T08:43:14.609Z","timestamp":"2019-01-11T08:43:14.609Z"}
{"level":"info","message":"GET /system/info 132 2019-01-11T08:43:15.244Z","timestamp":"2019-01-11T08:43:15.244Z"}
{"level":"error","message":"resource \"GET:/js/vue-count-to.min.js.map\" not found","timestamp":"2019-01-11T08:43:15.321Z"}
{"level":"info","message":"GET /js/vue-count-to.min.js.map 1 2019-01-11T08:43:15.321Z","timestamp":"2019-01-11T08:43:15.321Z"}
{"level":"info","message":"GET /system/total 21 2019-01-11T08:43:15.513Z","timestamp":"2019-01-11T08:43:15.513Z"}
{"level":"info","message":"GET /system/info 145 2019-01-11T08:43:16.115Z","timestamp":"2019-01-11T08:43:16.115Z"}
{"level":"error","message":"resource \"GET:/js/vue-count-to.min.js.map\" not found","timestamp":"2019-01-11T08:43:16.230Z"}
{"level":"info","message":"GET /js/vue-count-to.min.js.map 1 2019-01-11T08:43:16.231Z","timestamp":"2019-01-11T08:43:16.231Z"}
{"level":"info","message":"GET /system/total 20 2019-01-11T08:43:16.429Z","timestamp":"2019-01-11T08:43:16.429Z"}
{"level":"info","message":"GET /system/info 123 2019-01-11T08:43:31.039Z","timestamp":"2019-01-11T08:43:31.040Z"}
{"level":"error","message":"resource \"GET:/js/vue-count-to.min.js.map\" not found","timestamp":"2019-01-11T08:43:31.197Z"}
{"level":"info","message":"GET /js/vue-count-to.min.js.map 1 2019-01-11T08:43:31.198Z","timestamp":"2019-01-11T08:43:31.198Z"}
{"level":"info","message":"GET /system/total 22 2019-01-11T08:43:31.493Z","timestamp":"2019-01-11T08:43:31.494Z"}
{"level":"info","message":"GET /system/info 190 2019-01-11T08:43:32.230Z","timestamp":"2019-01-11T08:43:32.231Z"}
{"level":"error","message":"resource \"GET:/js/vue-count-to.min.js.map\" not found","timestamp":"2019-01-11T08:43:32.336Z"}
{"level":"info","message":"GET /js/vue-count-to.min.js.map 2 2019-01-11T08:43:32.337Z","timestamp":"2019-01-11T08:43:32.338Z"}
{"level":"info","message":"GET /system/total 19 2019-01-11T08:43:32.544Z","timestamp":"2019-01-11T08:43:32.544Z"}
{"level":"info","message":"GET /system/info 143 2019-01-11T08:43:33.182Z","timestamp":"2019-01-11T08:43:33.183Z"}
{"level":"error","message":"resource \"GET:/js/vue-count-to.min.js.map\" not found","timestamp":"2019-01-11T08:43:33.327Z"}
{"level":"info","message":"GET /js/vue-count-to.min.js.map 2 2019-01-11T08:43:33.328Z","timestamp":"2019-01-11T08:43:33.330Z"}
{"level":"info","message":"GET /system/total 19 2019-01-11T08:43:33.529Z","timestamp":"2019-01-11T08:43:33.529Z"}
{"level":"info","message":"GET /system/info 133 2019-01-11T08:44:03.618Z","timestamp":"2019-01-11T08:44:03.619Z"}
{"level":"error","message":"resource \"GET:/js/vue-count-to.min.js.map\" not found","timestamp":"2019-01-11T08:44:03.782Z"}
{"level":"info","message":"GET /js/vue-count-to.min.js.map 2 2019-01-11T08:44:03.782Z","timestamp":"2019-01-11T08:44:03.783Z"}
{"level":"info","message":"GET /system/total 22 2019-01-11T08:44:04.013Z","timestamp":"2019-01-11T08:44:04.014Z"}
{"level":"info","message":"GET /system/info 117 2019-01-11T08:44:04.634Z","timestamp":"2019-01-11T08:44:04.634Z"}
{"level":"error","message":"resource \"GET:/js/vue-count-to.min.js.map\" not found","timestamp":"2019-01-11T08:44:04.716Z"}
{"level":"info","message":"GET /js/vue-count-to.min.js.map 1 2019-01-11T08:44:04.717Z","timestamp":"2019-01-11T08:44:04.717Z"}
{"level":"info","message":"GET /system/total 20 2019-01-11T08:44:04.914Z","timestamp":"2019-01-11T08:44:04.914Z"}
{"level":"info","message":"GET /system/info 43 2019-01-11T08:44:05.432Z","timestamp":"2019-01-11T08:44:05.432Z"}
{"level":"error","message":"resource \"GET:/js/vue-count-to.min.js.map\" not found","timestamp":"2019-01-11T08:44:05.648Z"}
{"level":"info","message":"GET /js/vue-count-to.min.js.map 1 2019-01-11T08:44:05.648Z","timestamp":"2019-01-11T08:44:05.649Z"}
{"level":"info","message":"GET /system/total 19 2019-01-11T08:44:05.884Z","timestamp":"2019-01-11T08:44:05.886Z"}
{"level":"error","message":"resource \"GET:/index1.html\" not found","timestamp":"2019-01-11T08:44:20.721Z"}
{"level":"info","message":"GET /index1.html 1 2019-01-11T08:44:20.721Z","timestamp":"2019-01-11T08:44:20.721Z"}
{"level":"error","message":"resource \"GET:/index1.html\" not found","timestamp":"2019-01-11T08:44:20.733Z"}
{"level":"info","message":"GET /index1.html 1 2019-01-11T08:44:20.734Z","timestamp":"2019-01-11T08:44:20.734Z"}
{"level":"error","message":"resource \"GET:/index1.html\" not found","timestamp":"2019-01-11T08:44:20.747Z"}
{"level":"info","message":"GET /index1.html 1 2019-01-11T08:44:20.748Z","timestamp":"2019-01-11T08:44:20.748Z"}
{"level":"info","message":"GET /system/info 112 2019-01-11T08:44:27.274Z","timestamp":"2019-01-11T08:44:27.274Z"}
{"level":"error","message":"resource \"GET:/js/vue-count-to.min.js.map\" not found","timestamp":"2019-01-11T08:44:27.483Z"}
{"level":"info","message":"GET /js/vue-count-to.min.js.map 1 2019-01-11T08:44:27.484Z","timestamp":"2019-01-11T08:44:27.484Z"}
{"level":"error","message":"resource \"GET:/index1.html\" not found","timestamp":"2019-01-11T08:44:27.623Z"}
{"level":"info","message":"GET /index1.html 1 2019-01-11T08:44:27.624Z","timestamp":"2019-01-11T08:44:27.624Z"}
{"level":"info","message":"GET /system/total 19 2019-01-11T08:44:27.713Z","timestamp":"2019-01-11T08:44:27.714Z"}
{"level":"info","message":"GET /system/info 142 2019-01-11T08:44:58.017Z","timestamp":"2019-01-11T08:44:58.017Z"}
{"level":"error","message":"resource \"GET:/js/vue-count-to.min.js.map\" not found","timestamp":"2019-01-11T08:44:58.153Z"}
{"level":"info","message":"GET /js/vue-count-to.min.js.map 1 2019-01-11T08:44:58.154Z","timestamp":"2019-01-11T08:44:58.154Z"}
{"level":"error","message":"resource \"GET:/index1.html\" not found","timestamp":"2019-01-11T08:44:58.297Z"}
{"level":"info","message":"GET /index1.html 1 2019-01-11T08:44:58.297Z","timestamp":"2019-01-11T08:44:58.297Z"}
{"level":"info","message":"GET /system/total 21 2019-01-11T08:44:58.386Z","timestamp":"2019-01-11T08:44:58.386Z"}
{"level":"error","message":"ServiceUnavailableError: Response timeout\n    at IncomingMessage.<anonymous> (/Users/chintec/Documents/node/pos-admin/node_modules/connect-timeout/index.js:84:8)\n    at emitOne (events.js:116:13)\n    at IncomingMessage.emit (events.js:211:7)\n    at Timeout._onTimeout (/Users/chintec/Documents/node/pos-admin/node_modules/connect-timeout/index.js:49:11)\n    at ontimeout (timers.js:475:11)\n    at tryOnTimeout (timers.js:310:5)\n    at Timer.listOnTimeout (timers.js:270:5)","timestamp":"2019-01-11T08:46:20.339Z"}
{"level":"error","message":"resource \"GET:/4c9195ace4e7e4bad007.hot-update.json\" not found","timestamp":"2019-01-11T08:46:37.397Z"}
{"level":"info","message":"GET /4c9195ace4e7e4bad007.hot-update.json 4 2019-01-11T08:46:37.399Z","timestamp":"2019-01-11T08:46:37.411Z"}
{"level":"error","message":"ServiceUnavailableError: Response timeout\n    at IncomingMessage.<anonymous> (/Users/chintec/Documents/node/pos-admin/node_modules/connect-timeout/index.js:84:8)\n    at emitOne (events.js:116:13)\n    at IncomingMessage.emit (events.js:211:7)\n    at Timeout._onTimeout (/Users/chintec/Documents/node/pos-admin/node_modules/connect-timeout/index.js:49:11)\n    at ontimeout (timers.js:475:11)\n    at tryOnTimeout (timers.js:310:5)\n    at Timer.listOnTimeout (timers.js:270:5)","timestamp":"2019-01-11T08:46:40.454Z"}
{"level":"info","message":"GET /system/info 170 2019-01-11T08:46:43.422Z","timestamp":"2019-01-11T08:46:43.423Z"}
{"level":"error","message":"resource \"GET:/js/vue-count-to.min.js.map\" not found","timestamp":"2019-01-11T08:46:43.564Z"}
{"level":"info","message":"GET /js/vue-count-to.min.js.map 2 2019-01-11T08:46:43.565Z","timestamp":"2019-01-11T08:46:43.565Z"}
{"level":"info","message":"GET /system/total 23 2019-01-11T08:46:43.789Z","timestamp":"2019-01-11T08:46:43.789Z"}
{"level":"info","message":"GET /system/info 116 2019-01-11T08:46:44.412Z","timestamp":"2019-01-11T08:46:44.412Z"}
{"level":"error","message":"resource \"GET:/js/vue-count-to.min.js.map\" not found","timestamp":"2019-01-11T08:46:44.522Z"}
{"level":"info","message":"GET /js/vue-count-to.min.js.map 1 2019-01-11T08:46:44.522Z","timestamp":"2019-01-11T08:46:44.522Z"}
{"level":"info","message":"GET /system/total 19 2019-01-11T08:46:44.759Z","timestamp":"2019-01-11T08:46:44.759Z"}
{"level":"info","message":"GET /system/info 133 2019-01-11T08:46:45.520Z","timestamp":"2019-01-11T08:46:45.521Z"}
{"level":"error","message":"resource \"GET:/js/vue-count-to.min.js.map\" not found","timestamp":"2019-01-11T08:46:45.657Z"}
{"level":"info","message":"GET /js/vue-count-to.min.js.map 1 2019-01-11T08:46:45.658Z","timestamp":"2019-01-11T08:46:45.658Z"}
{"level":"info","message":"GET /system/total 21 2019-01-11T08:46:45.911Z","timestamp":"2019-01-11T08:46:45.911Z"}
{"level":"info","message":"GET /system/info 119 2019-01-11T08:47:28.206Z","timestamp":"2019-01-11T08:47:28.207Z"}
{"level":"error","message":"resource \"GET:/js/vue-count-to.min.js.map\" not found","timestamp":"2019-01-11T08:47:28.331Z"}
{"level":"info","message":"GET /js/vue-count-to.min.js.map 2 2019-01-11T08:47:28.332Z","timestamp":"2019-01-11T08:47:28.332Z"}
{"level":"info","message":"GET /system/total 22 2019-01-11T08:47:28.506Z","timestamp":"2019-01-11T08:47:28.507Z"}
{"level":"info","message":"GET /system/info 136 2019-01-11T08:48:07.314Z","timestamp":"2019-01-11T08:48:07.314Z"}
{"level":"error","message":"resource \"GET:/js/vue-count-to.min.js.map\" not found","timestamp":"2019-01-11T08:48:07.449Z"}
{"level":"info","message":"GET /js/vue-count-to.min.js.map 1 2019-01-11T08:48:07.450Z","timestamp":"2019-01-11T08:48:07.451Z"}
{"level":"info","message":"GET /system/total 42 2019-01-11T08:48:07.678Z","timestamp":"2019-01-11T08:48:07.678Z"}
{"level":"info","message":"GET /system/info 346 2019-01-11T08:48:08.489Z","timestamp":"2019-01-11T08:48:08.489Z"}
{"level":"error","message":"resource \"GET:/js/vue-count-to.min.js.map\" not found","timestamp":"2019-01-11T08:48:08.621Z"}
{"level":"info","message":"GET /js/vue-count-to.min.js.map 2 2019-01-11T08:48:08.622Z","timestamp":"2019-01-11T08:48:08.622Z"}
{"level":"info","message":"GET /system/total 18 2019-01-11T08:48:08.824Z","timestamp":"2019-01-11T08:48:08.824Z"}
{"level":"info","message":"GET /system/info 92 2019-01-11T08:48:09.259Z","timestamp":"2019-01-11T08:48:09.260Z"}
{"level":"error","message":"resource \"GET:/js/vue-count-to.min.js.map\" not found","timestamp":"2019-01-11T08:48:09.323Z"}
{"level":"info","message":"GET /js/vue-count-to.min.js.map 1 2019-01-11T08:48:09.324Z","timestamp":"2019-01-11T08:48:09.324Z"}
{"level":"info","message":"GET /system/total 15 2019-01-11T08:48:09.493Z","timestamp":"2019-01-11T08:48:09.494Z"}
{"level":"error","message":"ServiceUnavailableError: Response timeout\n    at IncomingMessage.<anonymous> (/Users/chintec/Documents/node/pos-admin/node_modules/connect-timeout/index.js:84:8)\n    at emitOne (events.js:116:13)\n    at IncomingMessage.emit (events.js:211:7)\n    at Timeout._onTimeout (/Users/chintec/Documents/node/pos-admin/node_modules/connect-timeout/index.js:49:11)\n    at ontimeout (timers.js:475:11)\n    at tryOnTimeout (timers.js:310:5)\n    at Timer.listOnTimeout (timers.js:270:5)","timestamp":"2019-01-11T08:52:22.399Z"}
{"level":"error","message":"ServiceUnavailableError: Response timeout\n    at IncomingMessage.<anonymous> (/Users/chintec/Documents/node/pos-admin/node_modules/connect-timeout/index.js:84:8)\n    at emitOne (events.js:116:13)\n    at IncomingMessage.emit (events.js:211:7)\n    at Timeout._onTimeout (/Users/chintec/Documents/node/pos-admin/node_modules/connect-timeout/index.js:49:11)\n    at ontimeout (timers.js:475:11)\n    at tryOnTimeout (timers.js:310:5)\n    at Timer.listOnTimeout (timers.js:270:5)","timestamp":"2019-01-11T08:52:22.408Z"}
{"level":"error","message":"ServiceUnavailableError: Response timeout\n    at IncomingMessage.<anonymous> (/Users/chintec/Documents/node/pos-admin/node_modules/connect-timeout/index.js:84:8)\n    at emitOne (events.js:116:13)\n    at IncomingMessage.emit (events.js:211:7)\n    at Timeout._onTimeout (/Users/chintec/Documents/node/pos-admin/node_modules/connect-timeout/index.js:49:11)\n    at ontimeout (timers.js:475:11)\n    at tryOnTimeout (timers.js:310:5)\n    at Timer.listOnTimeout (timers.js:270:5)","timestamp":"2019-01-11T08:52:22.413Z"}
{"level":"error","message":"resource \"GET:/ec0f0edce412ff6e67b5.hot-update.json\" not found","timestamp":"2019-01-11T08:52:42.874Z"}
{"level":"info","message":"GET /ec0f0edce412ff6e67b5.hot-update.json 3 2019-01-11T08:52:42.876Z","timestamp":"2019-01-11T08:52:42.878Z"}
{"level":"error","message":"resource \"GET:/ec0f0edce412ff6e67b5.hot-update.json\" not found","timestamp":"2019-01-11T08:52:42.883Z"}
{"level":"info","message":"GET /ec0f0edce412ff6e67b5.hot-update.json 1 2019-01-11T08:52:42.884Z","timestamp":"2019-01-11T08:52:42.885Z"}
{"level":"error","message":"resource \"GET:/ec0f0edce412ff6e67b5.hot-update.json\" not found","timestamp":"2019-01-11T08:52:42.893Z"}
{"level":"info","message":"GET /ec0f0edce412ff6e67b5.hot-update.json 2 2019-01-11T08:52:42.894Z","timestamp":"2019-01-11T08:52:42.894Z"}
{"level":"info","message":"GET /system/info 161 2019-01-11T08:57:19.257Z","timestamp":"2019-01-11T08:57:19.258Z"}
{"level":"info","message":"POST /admin/login 16 2019-01-11T08:57:22.734Z","timestamp":"2019-01-11T08:57:22.734Z"}
{"level":"info","message":"POST /admin/login 52 2019-01-11T08:57:30.584Z","timestamp":"2019-01-11T08:57:30.585Z"}
{"level":"info","message":"GET /system/info 194 2019-01-11T08:57:30.803Z","timestamp":"2019-01-11T08:57:30.804Z"}
{"level":"error","message":"resource \"GET:/js/vue-count-to.min.js.map\" not found","timestamp":"2019-01-11T08:57:30.895Z"}
{"level":"info","message":"GET /js/vue-count-to.min.js.map 8 2019-01-11T08:57:30.902Z","timestamp":"2019-01-11T08:57:30.903Z"}
{"level":"info","message":"GET /system/info 268 2019-01-11T08:57:35.049Z","timestamp":"2019-01-11T08:57:35.050Z"}
{"level":"info","message":"DELETE /admin/logout 14 2019-01-11T08:57:45.778Z","timestamp":"2019-01-11T08:57:45.778Z"}
{"level":"info","message":"POST /admin/login 9 2019-01-11T08:57:49.322Z","timestamp":"2019-01-11T08:57:49.322Z"}
{"level":"info","message":"POST /admin/login 9 2019-01-11T08:57:53.266Z","timestamp":"2019-01-11T08:57:53.266Z"}
{"level":"info","message":"POST /admin/login 15 2019-01-11T08:57:55.766Z","timestamp":"2019-01-11T08:57:55.766Z"}
{"level":"info","message":"POST /admin/login 9 2019-01-11T08:58:01.051Z","timestamp":"2019-01-11T08:58:01.051Z"}
{"level":"info","message":"GET /system/info 177 2019-01-11T08:58:01.259Z","timestamp":"2019-01-11T08:58:01.259Z"}
{"level":"error","message":"resource \"GET:/js/vue-count-to.min.js.map\" not found","timestamp":"2019-01-11T08:58:01.352Z"}
{"level":"info","message":"GET /js/vue-count-to.min.js.map 1 2019-01-11T08:58:01.353Z","timestamp":"2019-01-11T08:58:01.353Z"}
{"level":"info","message":"GET /system/info 282 2019-01-11T08:58:12.946Z","timestamp":"2019-01-11T08:58:12.946Z"}
{"level":"info","message":"GET /system/info 261 2019-01-11T09:00:47.003Z","timestamp":"2019-01-11T09:00:47.003Z"}
{"level":"info","message":"GET /system/info 240 2019-01-11T09:00:48.071Z","timestamp":"2019-01-11T09:00:48.071Z"}
{"level":"info","message":"GET /system/info 306 2019-01-11T09:01:44.595Z","timestamp":"2019-01-11T09:01:44.595Z"}
{"level":"info","message":"GET /system/info 255 2019-01-11T09:01:45.340Z","timestamp":"2019-01-11T09:01:45.340Z"}
{"level":"info","message":"GET /system/info 868 2019-01-11T09:01:47.305Z","timestamp":"2019-01-11T09:01:47.306Z"}
{"level":"info","message":"GET /system/info 317 2019-01-11T09:02:53.127Z","timestamp":"2019-01-11T09:02:53.127Z"}
{"level":"error","message":"resource \"GET:/js/vue-count-to.min.js.map\" not found","timestamp":"2019-01-11T09:02:53.240Z"}
{"level":"info","message":"GET /js/vue-count-to.min.js.map 1 2019-01-11T09:02:53.240Z","timestamp":"2019-01-11T09:02:53.240Z"}
{"level":"info","message":"GET /system/info 274 2019-01-11T09:03:02.920Z","timestamp":"2019-01-11T09:03:02.920Z"}
{"level":"error","message":"resource \"GET:/index1.html\" not found","timestamp":"2019-01-11T09:03:03.113Z"}
{"level":"info","message":"GET /index1.html 1 2019-01-11T09:03:03.114Z","timestamp":"2019-01-11T09:03:03.114Z"}
{"level":"info","message":"GET /system/info 234 2019-01-11T09:03:10.534Z","timestamp":"2019-01-11T09:03:10.534Z"}
{"level":"error","message":"resource \"GET:/js/vue-count-to.min.js.map\" not found","timestamp":"2019-01-11T09:03:10.604Z"}
{"level":"info","message":"GET /js/vue-count-to.min.js.map 3 2019-01-11T09:03:10.605Z","timestamp":"2019-01-11T09:03:10.605Z"}
{"level":"info","message":"GET /system/info 244 2019-01-11T09:03:31.392Z","timestamp":"2019-01-11T09:03:31.392Z"}
{"level":"error","message":"resource \"GET:/js/vue-count-to.min.js.map\" not found","timestamp":"2019-01-11T09:03:31.490Z"}
{"level":"info","message":"GET /js/vue-count-to.min.js.map 1 2019-01-11T09:03:31.490Z","timestamp":"2019-01-11T09:03:31.490Z"}
{"level":"error","message":"SequelizeConnectionError: connect ETIMEDOUT\n    at Utils.Promise.tap.then.catch.err (/Users/chintec/Documents/node/pos-admin/public/node_modules/sequelize/lib/dialects/mysql/connection-manager.js:149:19)\n    at tryCatcher (/Users/chintec/Documents/node/pos-admin/public/node_modules/bluebird/js/release/util.js:16:23)\n    at Promise._settlePromiseFromHandler (/Users/chintec/Documents/node/pos-admin/public/node_modules/bluebird/js/release/promise.js:512:31)\n    at Promise._settlePromise (/Users/chintec/Documents/node/pos-admin/public/node_modules/bluebird/js/release/promise.js:569:18)\n    at Promise._settlePromise0 (/Users/chintec/Documents/node/pos-admin/public/node_modules/bluebird/js/release/promise.js:614:10)\n    at Promise._settlePromises (/Users/chintec/Documents/node/pos-admin/public/node_modules/bluebird/js/release/promise.js:689:18)\n    at Async._drainQueue (/Users/chintec/Documents/node/pos-admin/public/node_modules/bluebird/js/release/async.js:133:16)\n    at Async._drainQueues (/Users/chintec/Documents/node/pos-admin/public/node_modules/bluebird/js/release/async.js:143:10)\n    at Immediate.Async.drainQueues (/Users/chintec/Documents/node/pos-admin/public/node_modules/bluebird/js/release/async.js:17:14)\n    at runCallback (timers.js:789:20)\n    at tryOnImmediate (timers.js:751:5)\n    at processImmediate [as _immediateCallback] (timers.js:722:5)","timestamp":"2019-01-11T09:03:35.291Z"}
{"level":"info","message":"GET /resto/brand/shop/detail/list 10028 2019-01-11T09:03:35.291Z","timestamp":"2019-01-11T09:03:35.291Z"}
{"level":"info","message":"GET /system/info 237 2019-01-11T09:04:48.416Z","timestamp":"2019-01-11T09:04:48.417Z"}
{"level":"info","message":"GET /system/info 229 2019-01-11T09:04:53.110Z","timestamp":"2019-01-11T09:04:53.110Z"}
{"level":"info","message":"GET /system/info 241 2019-01-11T09:05:03.609Z","timestamp":"2019-01-11T09:05:03.609Z"}
{"level":"error","message":"resource \"GET:/js/vue-count-to.min.js.map\" not found","timestamp":"2019-01-11T09:05:03.730Z"}
{"level":"info","message":"GET /js/vue-count-to.min.js.map 1 2019-01-11T09:05:03.731Z","timestamp":"2019-01-11T09:05:03.731Z"}
{"level":"info","message":"GET /system/info 232 2019-01-11T09:06:22.144Z","timestamp":"2019-01-11T09:06:22.144Z"}
{"level":"info","message":"GET /system/info 231 2019-01-11T09:06:34.627Z","timestamp":"2019-01-11T09:06:34.628Z"}
{"level":"error","message":"resource \"GET:/js/vue-count-to.min.js.map\" not found","timestamp":"2019-01-11T09:06:34.743Z"}
{"level":"info","message":"GET /js/vue-count-to.min.js.map 1 2019-01-11T09:06:34.744Z","timestamp":"2019-01-11T09:06:34.744Z"}
{"level":"info","message":"DELETE /admin/logout 10 2019-01-11T09:06:46.817Z","timestamp":"2019-01-11T09:06:46.818Z"}
{"level":"info","message":"POST /admin/login 9 2019-01-11T09:06:48.686Z","timestamp":"2019-01-11T09:06:48.686Z"}
{"level":"info","message":"POST /admin/login 8 2019-01-11T09:06:50.526Z","timestamp":"2019-01-11T09:06:50.526Z"}
{"level":"info","message":"POST /admin/login 9 2019-01-11T09:06:54.670Z","timestamp":"2019-01-11T09:06:54.670Z"}
{"level":"info","message":"POST /admin/login 8 2019-01-11T09:06:59.367Z","timestamp":"2019-01-11T09:06:59.367Z"}
{"level":"info","message":"POST /admin/login 9 2019-01-11T09:07:04.404Z","timestamp":"2019-01-11T09:07:04.404Z"}
{"level":"info","message":"POST /admin/login 12 2019-01-11T09:07:07.272Z","timestamp":"2019-01-11T09:07:07.272Z"}
{"level":"info","message":"GET /system/info 153 2019-01-11T09:07:07.445Z","timestamp":"2019-01-11T09:07:07.445Z"}
{"level":"error","message":"resource \"GET:/js/vue-count-to.min.js.map\" not found","timestamp":"2019-01-11T09:07:07.554Z"}
{"level":"info","message":"GET /js/vue-count-to.min.js.map 0 2019-01-11T09:07:07.554Z","timestamp":"2019-01-11T09:07:07.555Z"}
{"level":"info","message":"GET /system/info 239 2019-01-11T09:09:23.406Z","timestamp":"2019-01-11T09:09:23.407Z"}
{"level":"error","message":"resource \"GET:/js/vue-count-to.min.js.map\" not found","timestamp":"2019-01-11T09:09:23.510Z"}
{"level":"info","message":"GET /js/vue-count-to.min.js.map 1 2019-01-11T09:09:23.511Z","timestamp":"2019-01-11T09:09:23.511Z"}
{"level":"info","message":"GET /system/info 277 2019-01-11T09:09:32.193Z","timestamp":"2019-01-11T09:09:32.194Z"}
{"level":"error","message":"resource \"GET:/js/vue-count-to.min.js.map\" not found","timestamp":"2019-01-11T09:09:32.282Z"}
{"level":"info","message":"GET /js/vue-count-to.min.js.map 2 2019-01-11T09:09:32.283Z","timestamp":"2019-01-11T09:09:32.283Z"}
{"level":"info","message":"GET /system/info 252 2019-01-11T09:10:08.946Z","timestamp":"2019-01-11T09:10:08.946Z"}
{"level":"error","message":"resource \"GET:/js/vue-count-to.min.js.map\" not found","timestamp":"2019-01-11T09:10:09.037Z"}
{"level":"info","message":"GET /js/vue-count-to.min.js.map 3 2019-01-11T09:10:09.038Z","timestamp":"2019-01-11T09:10:09.038Z"}
{"level":"info","message":"GET /system/info 288 2019-01-11T09:10:10.063Z","timestamp":"2019-01-11T09:10:10.064Z"}
{"level":"error","message":"resource \"GET:/js/vue-count-to.min.js.map\" not found","timestamp":"2019-01-11T09:10:10.157Z"}
{"level":"info","message":"GET /js/vue-count-to.min.js.map 1 2019-01-11T09:10:10.158Z","timestamp":"2019-01-11T09:10:10.158Z"}
{"level":"info","message":"GET /system/info 518 2019-01-11T09:10:11.508Z","timestamp":"2019-01-11T09:10:11.508Z"}
{"level":"error","message":"resource \"GET:/js/vue-count-to.min.js.map\" not found","timestamp":"2019-01-11T09:10:11.582Z"}
{"level":"info","message":"GET /js/vue-count-to.min.js.map 1 2019-01-11T09:10:11.582Z","timestamp":"2019-01-11T09:10:11.583Z"}
{"level":"info","message":"GET /system/info 613 2019-01-11T09:16:04.068Z","timestamp":"2019-01-11T09:16:04.068Z"}
{"level":"error","message":"resource \"GET:/js/vue-count-to.min.js.map\" not found","timestamp":"2019-01-11T09:16:04.175Z"}
{"level":"info","message":"GET /js/vue-count-to.min.js.map 1 2019-01-11T09:16:04.176Z","timestamp":"2019-01-11T09:16:04.176Z"}
{"level":"info","message":"GET /system/info 269 2019-01-11T09:16:05.385Z","timestamp":"2019-01-11T09:16:05.385Z"}
{"level":"error","message":"resource \"GET:/js/vue-count-to.min.js.map\" not found","timestamp":"2019-01-11T09:16:05.484Z"}
{"level":"info","message":"GET /js/vue-count-to.min.js.map 1 2019-01-11T09:16:05.485Z","timestamp":"2019-01-11T09:16:05.485Z"}
{"level":"info","message":"GET /system/info 272 2019-01-11T09:16:06.608Z","timestamp":"2019-01-11T09:16:06.608Z"}
{"level":"error","message":"resource \"GET:/js/vue-count-to.min.js.map\" not found","timestamp":"2019-01-11T09:16:06.686Z"}
{"level":"info","message":"GET /js/vue-count-to.min.js.map 1 2019-01-11T09:16:06.686Z","timestamp":"2019-01-11T09:16:06.686Z"}
{"level":"info","message":"GET /system/info 240 2019-01-11T09:16:13.049Z","timestamp":"2019-01-11T09:16:13.050Z"}
{"level":"error","message":"resource \"GET:/js/vue-count-to.min.js.map\" not found","timestamp":"2019-01-11T09:16:13.167Z"}
{"level":"info","message":"GET /js/vue-count-to.min.js.map 1 2019-01-11T09:16:13.167Z","timestamp":"2019-01-11T09:16:13.167Z"}
{"level":"info","message":"GET /system/info 233 2019-01-11T09:16:14.114Z","timestamp":"2019-01-11T09:16:14.114Z"}
{"level":"error","message":"resource \"GET:/js/vue-count-to.min.js.map\" not found","timestamp":"2019-01-11T09:16:14.204Z"}
{"level":"info","message":"GET /js/vue-count-to.min.js.map 1 2019-01-11T09:16:14.205Z","timestamp":"2019-01-11T09:16:14.205Z"}
{"level":"info","message":"GET /system/info 260 2019-01-11T09:16:41.935Z","timestamp":"2019-01-11T09:16:41.935Z"}
{"level":"info","message":"GET /system/info 155 2019-01-11T09:16:43.968Z","timestamp":"2019-01-11T09:16:43.968Z"}
{"level":"error","message":"resource \"GET:/js/vue-count-to.min.js.map\" not found","timestamp":"2019-01-11T09:16:44.779Z"}
{"level":"info","message":"GET /js/vue-count-to.min.js.map 0 2019-01-11T09:16:44.779Z","timestamp":"2019-01-11T09:16:44.780Z"}
{"level":"info","message":"GET /system/info 258 2019-01-11T09:22:42.591Z","timestamp":"2019-01-11T09:22:42.591Z"}
{"level":"info","message":"GET /system/info 231 2019-01-11T09:23:15.525Z","timestamp":"2019-01-11T09:23:15.525Z"}
{"level":"info","message":"GET /system/info 262 2019-01-11T09:23:16.529Z","timestamp":"2019-01-11T09:23:16.530Z"}
{"level":"error","message":"resource \"GET:/js/vue-count-to.min.js.map\" not found","timestamp":"2019-01-11T09:23:16.631Z"}
{"level":"info","message":"GET /js/vue-count-to.min.js.map 1 2019-01-11T09:23:16.631Z","timestamp":"2019-01-11T09:23:16.632Z"}
{"level":"info","message":"GET /system/info 250 2019-01-11T09:23:34.501Z","timestamp":"2019-01-11T09:23:34.502Z"}
{"level":"info","message":"GET /system/info 435 2019-01-11T09:23:35.663Z","timestamp":"2019-01-11T09:23:35.663Z"}
{"level":"error","message":"resource \"GET:/js/vue-count-to.min.js.map\" not found","timestamp":"2019-01-11T09:23:35.784Z"}
{"level":"info","message":"GET /js/vue-count-to.min.js.map 1 2019-01-11T09:23:35.785Z","timestamp":"2019-01-11T09:23:35.785Z"}
{"level":"info","message":"GET /resto/brand/shop/detail/list 327 2019-01-11T09:23:46.766Z","timestamp":"2019-01-11T09:23:46.766Z"}
{"level":"info","message":"GET /system/info 230 2019-01-11T09:24:25.477Z","timestamp":"2019-01-11T09:24:25.477Z"}
{"level":"info","message":"GET /resto/brand/shop/detail/list 2105 2019-01-11T09:24:27.887Z","timestamp":"2019-01-11T09:24:27.887Z"}
{"level":"info","message":"GET /system/info 284 2019-01-11T09:25:41.633Z","timestamp":"2019-01-11T09:25:41.634Z"}
{"level":"error","message":"resource \"GET:/js/vue-count-to.min.js.map\" not found","timestamp":"2019-01-11T09:25:41.723Z"}
{"level":"info","message":"GET /js/vue-count-to.min.js.map 1 2019-01-11T09:25:41.723Z","timestamp":"2019-01-11T09:25:41.724Z"}
{"level":"info","message":"GET /system/info 272 2019-01-11T09:33:41.394Z","timestamp":"2019-01-11T09:33:41.395Z"}
{"level":"error","message":"resource \"GET:/static/index1.html\" not found","timestamp":"2019-01-11T09:33:41.679Z"}
{"level":"info","message":"GET /static/index1.html 1 2019-01-11T09:33:41.679Z","timestamp":"2019-01-11T09:33:41.680Z"}
{"level":"info","message":"GET /system/info 252 2019-01-11T09:34:01.526Z","timestamp":"2019-01-11T09:34:01.527Z"}
{"level":"info","message":"GET /resto/brand/shop/detail/list 114 2019-01-11T09:34:08.315Z","timestamp":"2019-01-11T09:34:08.315Z"}
{"level":"info","message":"GET /system/info 260 2019-01-11T09:37:40.479Z","timestamp":"2019-01-11T09:37:40.479Z"}
{"level":"info","message":"GET /system/info 258 2019-01-11T09:40:45.471Z","timestamp":"2019-01-11T09:40:45.471Z"}
{"level":"info","message":"GET /system/info 256 2019-01-11T09:41:26.770Z","timestamp":"2019-01-11T09:41:26.770Z"}
{"level":"error","message":"resource \"GET:/js/vue-count-to.min.js.map\" not found","timestamp":"2019-01-11T09:41:29.422Z"}
{"level":"info","message":"GET /js/vue-count-to.min.js.map 2 2019-01-11T09:41:29.423Z","timestamp":"2019-01-11T09:41:29.423Z"}
{"level":"info","message":"GET /system/info 461 2019-01-11T09:42:05.216Z","timestamp":"2019-01-11T09:42:05.216Z"}
{"level":"info","message":"GET /system/info 243 2019-01-11T09:42:40.261Z","timestamp":"2019-01-11T09:42:40.261Z"}
{"level":"info","message":"GET /system/info 247 2019-01-11T09:43:08.037Z","timestamp":"2019-01-11T09:43:08.038Z"}
{"level":"info","message":"GET /system/info 251 2019-01-11T09:43:29.537Z","timestamp":"2019-01-11T09:43:29.537Z"}
{"level":"info","message":"GET /system/info 266 2019-01-11T09:43:34.485Z","timestamp":"2019-01-11T09:43:34.486Z"}
{"level":"info","message":"GET /system/info 268 2019-01-11T09:43:53.479Z","timestamp":"2019-01-11T09:43:53.479Z"}
{"level":"info","message":"GET /system/info 249 2019-01-11T09:44:19.011Z","timestamp":"2019-01-11T09:44:19.011Z"}
{"level":"info","message":"GET /system/info 233 2019-01-11T09:44:25.480Z","timestamp":"2019-01-11T09:44:25.480Z"}
{"level":"info","message":"GET /system/info 352 2019-01-11T10:04:12.450Z","timestamp":"2019-01-11T10:04:12.451Z"}
{"level":"info","message":"GET /system/info 305 2019-01-11T10:10:29.501Z","timestamp":"2019-01-11T10:10:29.501Z"}
{"level":"info","message":"GET /system/info 360 2019-01-11T10:11:58.176Z","timestamp":"2019-01-11T10:11:58.177Z"}
{"level":"info","message":"GET /system/info 280 2019-01-11T10:12:03.334Z","timestamp":"2019-01-11T10:12:03.334Z"}
{"level":"info","message":"GET /system/info 246 2019-01-11T10:12:21.586Z","timestamp":"2019-01-11T10:12:21.587Z"}
{"level":"info","message":"GET /system/info 243 2019-01-11T10:12:39.664Z","timestamp":"2019-01-11T10:12:39.664Z"}
{"level":"info","message":"GET /system/info 327 2019-01-11T10:16:30.848Z","timestamp":"2019-01-11T10:16:30.849Z"}
{"level":"info","message":"GET /system/info 273 2019-01-11T10:18:05.442Z","timestamp":"2019-01-11T10:18:05.442Z"}
{"level":"info","message":"GET /system/info 257 2019-01-11T10:18:32.035Z","timestamp":"2019-01-11T10:18:32.035Z"}
{"level":"info","message":"GET /system/info 260 2019-01-11T10:18:57.473Z","timestamp":"2019-01-11T10:18:57.473Z"}
{"level":"info","message":"GET /system/info 231 2019-01-11T10:19:03.255Z","timestamp":"2019-01-11T10:19:03.255Z"}
{"level":"info","message":"GET /system/info 270 2019-01-11T10:21:09.319Z","timestamp":"2019-01-11T10:21:09.319Z"}
{"level":"info","message":"GET /system/info 680 2019-01-11T10:21:54.372Z","timestamp":"2019-01-11T10:21:54.372Z"}
{"level":"info","message":"GET /system/info 273 2019-01-11T10:22:08.949Z","timestamp":"2019-01-11T10:22:08.949Z"}
{"level":"info","message":"GET /system/info 268 2019-01-11T10:22:58.196Z","timestamp":"2019-01-11T10:22:58.196Z"}
{"level":"info","message":"GET /system/info 243 2019-01-11T10:23:43.949Z","timestamp":"2019-01-11T10:23:43.949Z"}
{"level":"info","message":"GET /system/info 256 2019-01-11T10:23:50.748Z","timestamp":"2019-01-11T10:23:50.748Z"}
{"level":"info","message":"GET /system/info 256 2019-01-11T10:24:53.052Z","timestamp":"2019-01-11T10:24:53.052Z"}
{"level":"info","message":"GET /system/info 238 2019-01-11T10:24:59.744Z","timestamp":"2019-01-11T10:24:59.744Z"}
{"level":"info","message":"GET /system/info 297 2019-01-11T10:25:30.422Z","timestamp":"2019-01-11T10:25:30.423Z"}
{"level":"info","message":"GET /system/info 273 2019-01-11T10:25:36.314Z","timestamp":"2019-01-11T10:25:36.315Z"}
{"level":"info","message":"GET /system/info 332 2019-01-11T10:26:38.769Z","timestamp":"2019-01-11T10:26:38.769Z"}
{"level":"info","message":"GET /system/info 263 2019-01-11T10:26:45.942Z","timestamp":"2019-01-11T10:26:45.942Z"}
{"level":"info","message":"GET /system/info 255 2019-01-11T10:27:37.032Z","timestamp":"2019-01-11T10:27:37.032Z"}
{"level":"info","message":"GET /system/info 252 2019-01-11T10:28:01.283Z","timestamp":"2019-01-11T10:28:01.283Z"}
{"level":"info","message":"GET /system/info 252 2019-01-11T10:28:07.184Z","timestamp":"2019-01-11T10:28:07.184Z"}
{"level":"info","message":"GET /system/info 280 2019-01-11T10:29:24.895Z","timestamp":"2019-01-11T10:29:24.895Z"}
{"level":"info","message":"GET /system/info 347 2019-01-11T10:41:51.909Z","timestamp":"2019-01-11T10:41:51.912Z"}
{"level":"info","message":"GET /system/info 252 2019-01-11T10:42:56.319Z","timestamp":"2019-01-11T10:42:56.319Z"}
{"level":"info","message":"GET /system/info 300 2019-01-11T10:43:12.477Z","timestamp":"2019-01-11T10:43:12.477Z"}
{"level":"info","message":"GET /system/info 251 2019-01-11T10:43:28.543Z","timestamp":"2019-01-11T10:43:28.544Z"}
{"level":"info","message":"GET /system/info 403 2019-01-11T10:54:50.638Z","timestamp":"2019-01-11T10:54:50.641Z"}
{"level":"info","message":"GET /system/info 275 2019-01-11T10:56:19.289Z","timestamp":"2019-01-11T10:56:19.289Z"}
{"level":"info","message":"POST /admin/login 10 2019-01-11T10:58:25.579Z","timestamp":"2019-01-11T10:58:25.579Z"}
{"level":"info","message":"POST /admin/login 8 2019-01-11T10:58:29.331Z","timestamp":"2019-01-11T10:58:29.331Z"}
{"level":"info","message":"POST /admin/login 10 2019-01-11T10:58:34.300Z","timestamp":"2019-01-11T10:58:34.300Z"}
{"level":"info","message":"GET /system/info 168 2019-01-11T10:58:34.490Z","timestamp":"2019-01-11T10:58:34.490Z"}
{"level":"info","message":"GET /system/info 274 2019-01-11T10:58:48.122Z","timestamp":"2019-01-11T10:58:48.122Z"}
{"level":"info","message":"POST /admin/login 18 2019-01-11T11:02:22.999Z","timestamp":"2019-01-11T11:02:23.000Z"}
{"level":"info","message":"GET /system/info 176 2019-01-11T11:02:23.234Z","timestamp":"2019-01-11T11:02:23.235Z"}
{"level":"info","message":"GET /system/info 229 2019-01-11T11:02:51.370Z","timestamp":"2019-01-11T11:02:51.370Z"}
{"level":"info","message":"POST /admin/login 10 2019-01-11T11:03:15.685Z","timestamp":"2019-01-11T11:03:15.686Z"}
{"level":"info","message":"GET /system/info 164 2019-01-11T11:03:15.875Z","timestamp":"2019-01-11T11:03:15.875Z"}
