{"level":"info","message":"GET /system/info 360 2019-01-17T06:58:51.413Z","timestamp":"2019-01-17T06:58:51.417Z"}
{"level":"info","message":"GET /system/info 339 2019-01-17T06:59:20.257Z","timestamp":"2019-01-17T06:59:20.259Z"}
{"level":"error","message":"resource \"GET:/js/vue-count-to.min.js.map\" not found","timestamp":"2019-01-17T06:59:41.444Z"}
{"level":"info","message":"GET /js/vue-count-to.min.js.map 3 2019-01-17T06:59:41.444Z","timestamp":"2019-01-17T06:59:41.445Z"}
{"level":"info","message":"GET /system/info 274 2019-01-17T07:03:47.831Z","timestamp":"2019-01-17T07:03:47.832Z"}
{"level":"info","message":"GET /system/info 260 2019-01-17T07:04:18.678Z","timestamp":"2019-01-17T07:04:18.678Z"}
{"level":"error","message":"resource \"GET:/js/vue-count-to.min.js.map\" not found","timestamp":"2019-01-17T07:04:26.277Z"}
{"level":"info","message":"GET /js/vue-count-to.min.js.map 1 2019-01-17T07:04:26.277Z","timestamp":"2019-01-17T07:04:26.278Z"}
{"level":"info","message":"GET /system/info 288 2019-01-17T07:05:07.136Z","timestamp":"2019-01-17T07:05:07.136Z"}
{"level":"error","message":"resource \"GET:/js/vue-count-to.min.js.map\" not found","timestamp":"2019-01-17T07:05:07.241Z"}
{"level":"info","message":"GET /js/vue-count-to.min.js.map 2 2019-01-17T07:05:07.242Z","timestamp":"2019-01-17T07:05:07.244Z"}
{"level":"info","message":"GET /system/info 320 2019-01-17T07:06:34.843Z","timestamp":"2019-01-17T07:06:34.843Z"}
{"level":"info","message":"GET /system/info 346 2019-01-17T07:06:46.226Z","timestamp":"2019-01-17T07:06:46.226Z"}
{"level":"error","message":"resource \"GET:/js/vue-count-to.min.js.map\" not found","timestamp":"2019-01-17T07:06:46.329Z"}
{"level":"info","message":"GET /js/vue-count-to.min.js.map 1 2019-01-17T07:06:46.329Z","timestamp":"2019-01-17T07:06:46.329Z"}
{"level":"info","message":"GET /system/info 270 2019-01-17T07:09:31.538Z","timestamp":"2019-01-17T07:09:31.538Z"}
{"level":"error","message":"resource \"GET:/js/vue-count-to.min.js.map\" not found","timestamp":"2019-01-17T07:11:09.952Z"}
{"level":"info","message":"GET /js/vue-count-to.min.js.map 1 2019-01-17T07:11:09.952Z","timestamp":"2019-01-17T07:11:09.953Z"}
{"level":"info","message":"GET /system/info 354 2019-01-17T07:13:49.146Z","timestamp":"2019-01-17T07:13:49.146Z"}
{"level":"info","message":"GET /system/info 295 2019-01-17T07:13:49.255Z","timestamp":"2019-01-17T07:13:49.255Z"}
{"level":"info","message":"GET /system/info 254 2019-01-17T07:13:53.438Z","timestamp":"2019-01-17T07:13:53.438Z"}
{"level":"info","message":"GET /system/info 308 2019-01-17T07:14:02.285Z","timestamp":"2019-01-17T07:14:02.285Z"}
{"level":"info","message":"GET /system/info 242 2019-01-17T07:14:02.566Z","timestamp":"2019-01-17T07:14:02.566Z"}
{"level":"info","message":"GET /system/info 307 2019-01-17T07:14:13.472Z","timestamp":"2019-01-17T07:14:13.472Z"}
{"level":"info","message":"GET /system/info 229 2019-01-17T07:14:13.628Z","timestamp":"2019-01-17T07:14:13.629Z"}
{"level":"info","message":"GET /system/info 227 2019-01-17T07:15:53.426Z","timestamp":"2019-01-17T07:15:53.426Z"}
{"level":"info","message":"GET /system/info 259 2019-01-17T07:16:05.970Z","timestamp":"2019-01-17T07:16:05.970Z"}
{"level":"info","message":"GET /system/info 237 2019-01-17T07:16:18.515Z","timestamp":"2019-01-17T07:16:18.515Z"}
{"level":"info","message":"GET /system/info 349 2019-01-17T07:16:18.518Z","timestamp":"2019-01-17T07:16:18.518Z"}
{"level":"info","message":"GET /system/info 453 2019-01-17T07:16:22.873Z","timestamp":"2019-01-17T07:16:22.874Z"}
{"level":"info","message":"GET /system/info 315 2019-01-17T07:16:39.108Z","timestamp":"2019-01-17T07:16:39.109Z"}
{"level":"info","message":"GET /system/info 231 2019-01-17T07:16:39.124Z","timestamp":"2019-01-17T07:16:39.125Z"}
{"level":"info","message":"GET /resto/brand/shop/detail/list 432 2019-01-17T07:42:52.442Z","timestamp":"2019-01-17T07:42:52.451Z"}
{"level":"error","message":"resource \"GET:/js/vue-count-to.min.js.map\" not found","timestamp":"2019-01-17T07:43:17.320Z"}
{"level":"info","message":"GET /js/vue-count-to.min.js.map 1 2019-01-17T07:43:17.321Z","timestamp":"2019-01-17T07:43:17.321Z"}
{"level":"info","message":"GET /system/info 311 2019-01-17T07:43:31.902Z","timestamp":"2019-01-17T07:43:31.902Z"}
{"level":"info","message":"DELETE /admin/logout 10 2019-01-17T07:44:30.081Z","timestamp":"2019-01-17T07:44:30.081Z"}
{"level":"info","message":"POST /admin/login 37 2019-01-17T07:45:50.743Z","timestamp":"2019-01-17T07:45:50.743Z"}
{"level":"info","message":"GET /system/info 45 2019-01-17T07:45:50.817Z","timestamp":"2019-01-17T07:45:50.817Z"}
{"level":"error","message":"resource \"GET:/js/vue-count-to.min.js.map\" not found","timestamp":"2019-01-17T07:45:50.918Z"}
{"level":"info","message":"GET /js/vue-count-to.min.js.map 1 2019-01-17T07:45:50.918Z","timestamp":"2019-01-17T07:45:50.918Z"}
{"level":"info","message":"GET /system/total 30 2019-01-17T07:45:51.167Z","timestamp":"2019-01-17T07:45:51.167Z"}
