{"level":"error","message":"AbortError: Redis connection lost and command aborted. It might have been processed.\n    at RedisClient.flush_and_error (/Users/chintec/Documents/node/pos-admin/public/node_modules/redis/index.js:362:23)\n    at RedisClient.connection_gone (/Users/chintec/Documents/node/pos-admin/public/node_modules/redis/index.js:664:14)\n    at RedisClient.on_error (/Users/chintec/Documents/node/pos-admin/public/node_modules/redis/index.js:410:10)\n    at Socket.<anonymous> (/Users/chintec/Documents/node/pos-admin/public/node_modules/redis/index.js:279:14)\n    at emitOne (events.js:116:13)\n    at Socket.emit (events.js:211:7)\n    at emitErrorNT (internal/streams/destroy.js:64:8)\n    at _combinedTickCallback (internal/process/next_tick.js:138:11)\n    at process._tickCallback (internal/process/next_tick.js:180:9)","timestamp":"2019-01-22T07:01:13.300Z"}
{"level":"info","message":"GET /admin/login/mobile/verification/code 93 2019-01-22T07:01:13.325Z","timestamp":"2019-01-22T07:01:13.327Z"}
{"level":"error","message":"username is null","timestamp":"2019-01-22T07:02:18.091Z"}
{"level":"info","message":"GET /admin/login/mobile/verification/code 1 2019-01-22T07:02:18.092Z","timestamp":"2019-01-22T07:02:18.092Z"}
{"level":"info","message":"GET /admin/login/mobile/verification/code 227 2019-01-22T07:03:25.027Z","timestamp":"2019-01-22T07:03:25.028Z"}
{"level":"info","message":"POST /admin/login 167 2019-01-22T07:03:53.741Z","timestamp":"2019-01-22T07:03:53.742Z"}
{"level":"info","message":"GET /system/info 228 2019-01-22T07:03:54.068Z","timestamp":"2019-01-22T07:03:54.068Z"}
{"level":"error","message":"resource \"GET:/js/vue-count-to.min.js.map\" not found","timestamp":"2019-01-22T07:03:54.318Z"}
{"level":"info","message":"GET /js/vue-count-to.min.js.map 1 2019-01-22T07:03:54.318Z","timestamp":"2019-01-22T07:03:54.318Z"}
{"level":"info","message":"DELETE /admin/logout 12 2019-01-22T07:06:23.055Z","timestamp":"2019-01-22T07:06:23.055Z"}
{"level":"error","message":"password is null","timestamp":"2019-01-22T07:06:34.979Z"}
{"level":"info","message":"POST /admin/login 0 2019-01-22T07:06:34.979Z","timestamp":"2019-01-22T07:06:34.980Z"}
{"level":"error","message":"password is null","timestamp":"2019-01-22T07:06:58.261Z"}
{"level":"info","message":"POST /admin/login 1 2019-01-22T07:06:58.261Z","timestamp":"2019-01-22T07:06:58.261Z"}
{"level":"error","message":"ServiceUnavailableError: Response timeout\n    at IncomingMessage.<anonymous> (/Users/chintec/Documents/node/pos-admin/node_modules/connect-timeout/index.js:84:8)\n    at emitOne (events.js:116:13)\n    at IncomingMessage.emit (events.js:211:7)\n    at Timeout._onTimeout (/Users/chintec/Documents/node/pos-admin/node_modules/connect-timeout/index.js:49:11)\n    at ontimeout (timers.js:475:11)\n    at tryOnTimeout (timers.js:310:5)\n    at Timer.listOnTimeout (timers.js:270:5)","timestamp":"2019-01-22T07:22:04.949Z"}
{"level":"error","message":"resource \"GET:/dae514c80fca404f66ae.hot-update.json\" not found","timestamp":"2019-01-22T07:22:26.023Z"}
{"level":"info","message":"GET /dae514c80fca404f66ae.hot-update.json 3 2019-01-22T07:22:26.024Z","timestamp":"2019-01-22T07:22:26.026Z"}
{"level":"error","message":"ServiceUnavailableError: Response timeout\n    at IncomingMessage.<anonymous> (/Users/chintec/Documents/node/pos-admin/node_modules/connect-timeout/index.js:84:8)\n    at emitOne (events.js:116:13)\n    at IncomingMessage.emit (events.js:211:7)\n    at Timeout._onTimeout (/Users/chintec/Documents/node/pos-admin/node_modules/connect-timeout/index.js:49:11)\n    at ontimeout (timers.js:475:11)\n    at tryOnTimeout (timers.js:310:5)\n    at Timer.listOnTimeout (timers.js:270:5)","timestamp":"2019-01-22T07:23:28.460Z"}
{"level":"error","message":"ServiceUnavailableError: Response timeout\n    at IncomingMessage.<anonymous> (/Users/chintec/Documents/node/pos-admin/node_modules/connect-timeout/index.js:84:8)\n    at emitOne (events.js:116:13)\n    at IncomingMessage.emit (events.js:211:7)\n    at Timeout._onTimeout (/Users/chintec/Documents/node/pos-admin/node_modules/connect-timeout/index.js:49:11)\n    at ontimeout (timers.js:475:11)\n    at tryOnTimeout (timers.js:310:5)\n    at Timer.listOnTimeout (timers.js:270:5)","timestamp":"2019-01-22T07:25:50.442Z"}
{"level":"error","message":"ServiceUnavailableError: Response timeout\n    at IncomingMessage.<anonymous> (/Users/chintec/Documents/node/pos-admin/node_modules/connect-timeout/index.js:84:8)\n    at emitOne (events.js:116:13)\n    at IncomingMessage.emit (events.js:211:7)\n    at Timeout._onTimeout (/Users/chintec/Documents/node/pos-admin/node_modules/connect-timeout/index.js:49:11)\n    at ontimeout (timers.js:475:11)\n    at tryOnTimeout (timers.js:310:5)\n    at Timer.listOnTimeout (timers.js:270:5)","timestamp":"2019-01-22T07:27:54.051Z"}
{"level":"error","message":"ServiceUnavailableError: Response timeout\n    at IncomingMessage.<anonymous> (/Users/chintec/Documents/node/pos-admin/node_modules/connect-timeout/index.js:84:8)\n    at emitOne (events.js:116:13)\n    at IncomingMessage.emit (events.js:211:7)\n    at Timeout._onTimeout (/Users/chintec/Documents/node/pos-admin/node_modules/connect-timeout/index.js:49:11)\n    at ontimeout (timers.js:475:11)\n    at tryOnTimeout (timers.js:310:5)\n    at Timer.listOnTimeout (timers.js:270:5)","timestamp":"2019-01-22T07:30:57.159Z"}
{"level":"error","message":"ServiceUnavailableError: Response timeout\n    at IncomingMessage.<anonymous> (/Users/chintec/Documents/node/pos-admin/node_modules/connect-timeout/index.js:84:8)\n    at emitOne (events.js:116:13)\n    at IncomingMessage.emit (events.js:211:7)\n    at Timeout._onTimeout (/Users/chintec/Documents/node/pos-admin/node_modules/connect-timeout/index.js:49:11)\n    at ontimeout (timers.js:475:11)\n    at tryOnTimeout (timers.js:310:5)\n    at Timer.listOnTimeout (timers.js:270:5)","timestamp":"2019-01-22T07:34:01.939Z"}
{"level":"info","message":"POST /admin/login 57 2019-01-22T07:38:11.842Z","timestamp":"2019-01-22T07:38:11.849Z"}
{"level":"info","message":"GET /system/info 220 2019-01-22T07:38:12.104Z","timestamp":"2019-01-22T07:38:12.105Z"}
{"level":"error","message":"resource \"GET:/js/vue-count-to.min.js.map\" not found","timestamp":"2019-01-22T07:38:12.344Z"}
{"level":"info","message":"GET /js/vue-count-to.min.js.map 3 2019-01-22T07:38:12.345Z","timestamp":"2019-01-22T07:38:12.345Z"}
{"level":"error","message":"ServiceUnavailableError: Response timeout\n    at IncomingMessage.<anonymous> (/Users/chintec/Documents/node/pos-admin/node_modules/connect-timeout/index.js:84:8)\n    at emitOne (events.js:116:13)\n    at IncomingMessage.emit (events.js:211:7)\n    at Timeout._onTimeout (/Users/chintec/Documents/node/pos-admin/node_modules/connect-timeout/index.js:49:11)\n    at ontimeout (timers.js:475:11)\n    at tryOnTimeout (timers.js:310:5)\n    at Timer.listOnTimeout (timers.js:270:5)","timestamp":"2019-01-22T07:41:55.078Z"}
{"level":"error","message":"ServiceUnavailableError: Response timeout\n    at IncomingMessage.<anonymous> (/Users/chintec/Documents/node/pos-admin/node_modules/connect-timeout/index.js:84:8)\n    at emitOne (events.js:116:13)\n    at IncomingMessage.emit (events.js:211:7)\n    at Timeout._onTimeout (/Users/chintec/Documents/node/pos-admin/node_modules/connect-timeout/index.js:49:11)\n    at ontimeout (timers.js:475:11)\n    at tryOnTimeout (timers.js:310:5)\n    at Timer.listOnTimeout (timers.js:270:5)","timestamp":"2019-01-22T07:43:00.579Z"}
{"level":"error","message":"resource \"GET:/96b65d53b0efad930974.hot-update.json\" not found","timestamp":"2019-01-22T07:43:20.692Z"}
{"level":"info","message":"GET /96b65d53b0efad930974.hot-update.json 3 2019-01-22T07:43:20.693Z","timestamp":"2019-01-22T07:43:20.695Z"}
{"level":"info","message":"GET /system/info 368 2019-01-22T07:48:59.927Z","timestamp":"2019-01-22T07:48:59.927Z"}
{"level":"error","message":"resource \"GET:/js/vue-count-to.min.js.map\" not found","timestamp":"2019-01-22T07:49:05.452Z"}
{"level":"info","message":"GET /js/vue-count-to.min.js.map 1 2019-01-22T07:49:05.453Z","timestamp":"2019-01-22T07:49:05.453Z"}
{"level":"error","message":"ServiceUnavailableError: Response timeout\n    at IncomingMessage.<anonymous> (/Users/chintec/Documents/node/pos-admin/node_modules/connect-timeout/index.js:84:8)\n    at emitOne (events.js:116:13)\n    at IncomingMessage.emit (events.js:211:7)\n    at Timeout._onTimeout (/Users/chintec/Documents/node/pos-admin/node_modules/connect-timeout/index.js:49:11)\n    at ontimeout (timers.js:475:11)\n    at tryOnTimeout (timers.js:310:5)\n    at Timer.listOnTimeout (timers.js:270:5)","timestamp":"2019-01-22T08:08:31.816Z"}
{"level":"error","message":"resource \"GET:/715d9f34a18a4484bade.hot-update.json\" not found","timestamp":"2019-01-22T08:08:52.039Z"}
{"level":"info","message":"GET /715d9f34a18a4484bade.hot-update.json 3 2019-01-22T08:08:52.041Z","timestamp":"2019-01-22T08:08:52.043Z"}
{"level":"info","message":"GET /system/info 394 2019-01-22T08:09:07.555Z","timestamp":"2019-01-22T08:09:07.556Z"}
{"level":"error","message":"resource \"GET:/page/charts/index.html\" not found","timestamp":"2019-01-22T08:09:13.986Z"}
{"level":"info","message":"GET /page/charts/index.html 1 2019-01-22T08:09:13.987Z","timestamp":"2019-01-22T08:09:13.987Z"}
{"level":"error","message":"resource \"GET:/page/charts/index.html\" not found","timestamp":"2019-01-22T08:09:25.607Z"}
{"level":"info","message":"GET /page/charts/index.html 2 2019-01-22T08:09:25.608Z","timestamp":"2019-01-22T08:09:25.608Z"}
{"level":"info","message":"GET /system/info 386 2019-01-22T08:22:50.932Z","timestamp":"2019-01-22T08:22:50.936Z"}
{"level":"error","message":"resource \"GET:/js/vue-count-to.min.js.map\" not found","timestamp":"2019-01-22T08:22:51.245Z"}
{"level":"info","message":"GET /js/vue-count-to.min.js.map 3 2019-01-22T08:22:51.246Z","timestamp":"2019-01-22T08:22:51.246Z"}
{"level":"info","message":"DELETE /admin/logout 9 2019-01-22T08:22:55.136Z","timestamp":"2019-01-22T08:22:55.136Z"}
{"level":"info","message":"GET /admin/login/mobile/verification/code 148 2019-01-22T08:23:09.366Z","timestamp":"2019-01-22T08:23:09.367Z"}
{"level":"info","message":"POST /admin/login 27 2019-01-22T08:23:20.541Z","timestamp":"2019-01-22T08:23:20.541Z"}
{"level":"info","message":"GET /system/info 207 2019-01-22T08:23:20.772Z","timestamp":"2019-01-22T08:23:20.773Z"}
{"level":"error","message":"resource \"GET:/js/vue-count-to.min.js.map\" not found","timestamp":"2019-01-22T08:23:20.918Z"}
{"level":"info","message":"GET /js/vue-count-to.min.js.map 1 2019-01-22T08:23:20.918Z","timestamp":"2019-01-22T08:23:20.918Z"}
{"level":"info","message":"DELETE /admin/logout 9 2019-01-22T08:23:24.462Z","timestamp":"2019-01-22T08:23:24.462Z"}
{"level":"info","message":"GET /admin/login/mobile/verification/code 44 2019-01-22T08:23:30.066Z","timestamp":"2019-01-22T08:23:30.066Z"}
{"level":"error","message":"ServiceUnavailableError: Response timeout\n    at IncomingMessage.<anonymous> (/Users/chintec/Documents/node/pos-admin/node_modules/connect-timeout/index.js:84:8)\n    at emitOne (events.js:116:13)\n    at IncomingMessage.emit (events.js:211:7)\n    at Timeout._onTimeout (/Users/chintec/Documents/node/pos-admin/node_modules/connect-timeout/index.js:49:11)\n    at ontimeout (timers.js:475:11)\n    at tryOnTimeout (timers.js:310:5)\n    at Timer.listOnTimeout (timers.js:270:5)","timestamp":"2019-01-22T08:26:38.173Z"}
{"level":"error","message":"resource \"GET:/5bbaab065f6e75fcb1b5.hot-update.json\" not found","timestamp":"2019-01-22T08:26:58.352Z"}
{"level":"info","message":"GET /5bbaab065f6e75fcb1b5.hot-update.json 3 2019-01-22T08:26:58.353Z","timestamp":"2019-01-22T08:26:58.356Z"}
{"level":"error","message":"ServiceUnavailableError: Response timeout\n    at IncomingMessage.<anonymous> (/Users/chintec/Documents/node/pos-admin/node_modules/connect-timeout/index.js:84:8)\n    at emitOne (events.js:116:13)\n    at IncomingMessage.emit (events.js:211:7)\n    at Timeout._onTimeout (/Users/chintec/Documents/node/pos-admin/node_modules/connect-timeout/index.js:49:11)\n    at ontimeout (timers.js:475:11)\n    at tryOnTimeout (timers.js:310:5)\n    at Timer.listOnTimeout (timers.js:270:5)","timestamp":"2019-01-22T08:35:51.680Z"}
{"level":"error","message":"ServiceUnavailableError: Response timeout\n    at IncomingMessage.<anonymous> (/Users/chintec/Documents/node/pos-admin/node_modules/connect-timeout/index.js:84:8)\n    at emitOne (events.js:116:13)\n    at IncomingMessage.emit (events.js:211:7)\n    at Timeout._onTimeout (/Users/chintec/Documents/node/pos-admin/node_modules/connect-timeout/index.js:49:11)\n    at ontimeout (timers.js:475:11)\n    at tryOnTimeout (timers.js:310:5)\n    at Timer.listOnTimeout (timers.js:270:5)","timestamp":"2019-01-22T08:43:13.646Z"}
{"level":"error","message":"ServiceUnavailableError: Response timeout\n    at IncomingMessage.<anonymous> (/Users/chintec/Documents/node/pos-admin/node_modules/connect-timeout/index.js:84:8)\n    at emitOne (events.js:116:13)\n    at IncomingMessage.emit (events.js:211:7)\n    at Timeout._onTimeout (/Users/chintec/Documents/node/pos-admin/node_modules/connect-timeout/index.js:49:11)\n    at ontimeout (timers.js:475:11)\n    at tryOnTimeout (timers.js:310:5)\n    at Timer.listOnTimeout (timers.js:270:5)","timestamp":"2019-01-22T08:47:19.667Z"}
{"level":"error","message":"ServiceUnavailableError: Response timeout\n    at IncomingMessage.<anonymous> (/Users/chintec/Documents/node/pos-admin/node_modules/connect-timeout/index.js:84:8)\n    at emitOne (events.js:116:13)\n    at IncomingMessage.emit (events.js:211:7)\n    at Timeout._onTimeout (/Users/chintec/Documents/node/pos-admin/node_modules/connect-timeout/index.js:49:11)\n    at ontimeout (timers.js:475:11)\n    at tryOnTimeout (timers.js:310:5)\n    at Timer.listOnTimeout (timers.js:270:5)","timestamp":"2019-01-22T08:52:30.322Z"}
{"level":"error","message":"ServiceUnavailableError: Response timeout\n    at IncomingMessage.<anonymous> (/Users/chintec/Documents/node/pos-admin/node_modules/connect-timeout/index.js:84:8)\n    at emitOne (events.js:116:13)\n    at IncomingMessage.emit (events.js:211:7)\n    at Timeout._onTimeout (/Users/chintec/Documents/node/pos-admin/node_modules/connect-timeout/index.js:49:11)\n    at ontimeout (timers.js:475:11)\n    at tryOnTimeout (timers.js:310:5)\n    at Timer.listOnTimeout (timers.js:270:5)","timestamp":"2019-01-22T08:55:40.536Z"}
{"level":"error","message":"ServiceUnavailableError: Response timeout\n    at IncomingMessage.<anonymous> (/Users/chintec/Documents/node/pos-admin/node_modules/connect-timeout/index.js:84:8)\n    at emitOne (events.js:116:13)\n    at IncomingMessage.emit (events.js:211:7)\n    at Timeout._onTimeout (/Users/chintec/Documents/node/pos-admin/node_modules/connect-timeout/index.js:49:11)\n    at ontimeout (timers.js:475:11)\n    at tryOnTimeout (timers.js:310:5)\n    at Timer.listOnTimeout (timers.js:270:5)","timestamp":"2019-01-22T09:12:36.239Z"}
{"level":"error","message":"ServiceUnavailableError: Response timeout\n    at IncomingMessage.<anonymous> (/Users/chintec/Documents/node/pos-admin/node_modules/connect-timeout/index.js:84:8)\n    at emitOne (events.js:116:13)\n    at IncomingMessage.emit (events.js:211:7)\n    at Timeout._onTimeout (/Users/chintec/Documents/node/pos-admin/node_modules/connect-timeout/index.js:49:11)\n    at ontimeout (timers.js:475:11)\n    at tryOnTimeout (timers.js:310:5)\n    at Timer.listOnTimeout (timers.js:270:5)","timestamp":"2019-01-22T09:14:51.835Z"}
{"level":"error","message":"ServiceUnavailableError: Response timeout\n    at IncomingMessage.<anonymous> (/Users/chintec/Documents/node/pos-admin/node_modules/connect-timeout/index.js:84:8)\n    at emitOne (events.js:116:13)\n    at IncomingMessage.emit (events.js:211:7)\n    at Timeout._onTimeout (/Users/chintec/Documents/node/pos-admin/node_modules/connect-timeout/index.js:49:11)\n    at ontimeout (timers.js:475:11)\n    at tryOnTimeout (timers.js:310:5)\n    at Timer.listOnTimeout (timers.js:270:5)","timestamp":"2019-01-22T09:16:35.346Z"}
{"level":"error","message":"ServiceUnavailableError: Response timeout\n    at IncomingMessage.<anonymous> (/Users/chintec/Documents/node/pos-admin/node_modules/connect-timeout/index.js:84:8)\n    at emitOne (events.js:116:13)\n    at IncomingMessage.emit (events.js:211:7)\n    at Timeout._onTimeout (/Users/chintec/Documents/node/pos-admin/node_modules/connect-timeout/index.js:49:11)\n    at ontimeout (timers.js:475:11)\n    at tryOnTimeout (timers.js:310:5)\n    at Timer.listOnTimeout (timers.js:270:5)","timestamp":"2019-01-22T09:18:33.725Z"}
{"level":"info","message":"POST /admin/login 60 2019-01-22T09:42:32.090Z","timestamp":"2019-01-22T09:42:32.092Z"}
{"level":"info","message":"GET /system/info 411 2019-01-22T09:42:32.574Z","timestamp":"2019-01-22T09:42:32.574Z"}
{"level":"info","message":"POST /admin/login 18 2019-01-22T09:44:25.697Z","timestamp":"2019-01-22T09:44:25.697Z"}
{"level":"info","message":"GET /system/info 336 2019-01-22T09:44:26.074Z","timestamp":"2019-01-22T09:44:26.074Z"}
{"level":"error","message":"resource \"GET:/js/vue-count-to.min.js.map\" not found","timestamp":"2019-01-22T09:44:26.287Z"}
{"level":"info","message":"GET /js/vue-count-to.min.js.map 1 2019-01-22T09:44:26.288Z","timestamp":"2019-01-22T09:44:26.289Z"}
{"level":"info","message":"GET /system/info 475 2019-01-22T09:45:05.048Z","timestamp":"2019-01-22T09:45:05.048Z"}
{"level":"info","message":"GET /system/info 452 2019-01-22T09:45:14.672Z","timestamp":"2019-01-22T09:45:14.673Z"}
{"level":"info","message":"GET /system/info 387 2019-01-22T09:45:27.267Z","timestamp":"2019-01-22T09:45:27.268Z"}
{"level":"info","message":"GET /system/info 560 2019-01-22T09:50:04.116Z","timestamp":"2019-01-22T09:50:04.116Z"}
{"level":"info","message":"GET /system/info 384 2019-01-22T09:50:10.812Z","timestamp":"2019-01-22T09:50:10.813Z"}
