{"level":"info","message":"GET /newpos/pos/charts/trend/analysis/two/weeks 62 2019-02-13T05:51:27.192Z","timestamp":"2019-02-13T05:51:27.209Z"}
{"level":"error","message":"ServiceUnavailableError: Response timeout\n    at IncomingMessage.<anonymous> (/Users/chintec/Documents/node/pos-admin/node_modules/connect-timeout/index.js:84:8)\n    at emitOne (events.js:116:13)\n    at IncomingMessage.emit (events.js:211:7)\n    at Timeout._onTimeout (/Users/chintec/Documents/node/pos-admin/node_modules/connect-timeout/index.js:49:11)\n    at ontimeout (timers.js:475:11)\n    at tryOnTimeout (timers.js:310:5)\n    at Timer.listOnTimeout (timers.js:270:5)","timestamp":"2019-02-13T06:10:27.895Z"}
{"level":"error","message":"ServiceUnavailableError: Response timeout\n    at IncomingMessage.<anonymous> (/Users/chintec/Documents/node/pos-admin/node_modules/connect-timeout/index.js:84:8)\n    at emitOne (events.js:116:13)\n    at IncomingMessage.emit (events.js:211:7)\n    at Timeout._onTimeout (/Users/chintec/Documents/node/pos-admin/node_modules/connect-timeout/index.js:49:11)\n    at ontimeout (timers.js:475:11)\n    at tryOnTimeout (timers.js:310:5)\n    at Timer.listOnTimeout (timers.js:270:5)","timestamp":"2019-02-13T06:10:53.343Z"}
{"level":"info","message":"GET /newpos/pos/charts/trend/analysis/two/weeks 68 2019-02-13T06:11:35.971Z","timestamp":"2019-02-13T06:11:35.971Z"}
{"level":"info","message":"GET /newpos/pos/charts/trend/analysis/two/weeks 23 2019-02-13T06:31:36.877Z","timestamp":"2019-02-13T06:31:36.877Z"}
{"level":"info","message":"GET /newpos/pos/charts/trend/analysis/two/weeks 12 2019-02-13T06:32:11.443Z","timestamp":"2019-02-13T06:32:11.443Z"}
{"level":"info","message":"GET /newpos/pos/charts/trend/analysis/two/weeks 9 2019-02-13T06:32:28.634Z","timestamp":"2019-02-13T06:32:28.634Z"}
{"level":"info","message":"GET /newpos/pos/charts/trend/analysis/two/weeks 9 2019-02-13T06:33:02.292Z","timestamp":"2019-02-13T06:33:02.292Z"}
{"level":"info","message":"GET /newpos/pos/charts/trend/analysis/two/weeks 39 2019-02-13T06:39:36.006Z","timestamp":"2019-02-13T06:39:36.007Z"}
{"level":"info","message":"GET /newpos/pos/charts/trend/analysis/two/weeks 21 2019-02-13T06:40:14.261Z","timestamp":"2019-02-13T06:40:14.261Z"}
{"level":"info","message":"GET /newpos/pos/charts/trend/analysis/two/weeks 16 2019-02-13T06:41:47.222Z","timestamp":"2019-02-13T06:41:47.222Z"}
{"level":"info","message":"GET /newpos/pos/charts/trend/analysis/two/weeks 17 2019-02-13T06:43:57.129Z","timestamp":"2019-02-13T06:43:57.130Z"}
{"level":"info","message":"GET /newpos/pos/charts/trend/analysis/two/weeks 15 2019-02-13T06:44:15.349Z","timestamp":"2019-02-13T06:44:15.349Z"}
{"level":"info","message":"GET /newpos/pos/charts/trend/analysis/two/weeks 20 2019-02-13T06:44:28.304Z","timestamp":"2019-02-13T06:44:28.305Z"}
{"level":"info","message":"GET /newpos/pos/charts/trend/analysis/two/weeks 10 2019-02-13T06:45:00.191Z","timestamp":"2019-02-13T06:45:00.192Z"}
{"level":"info","message":"GET /newpos/pos/charts/trend/analysis/two/weeks 14 2019-02-13T06:45:13.500Z","timestamp":"2019-02-13T06:45:13.501Z"}
{"level":"info","message":"GET /newpos/pos/charts/trend/analysis/two/weeks 10 2019-02-13T06:45:25.997Z","timestamp":"2019-02-13T06:45:25.998Z"}
{"level":"info","message":"GET /newpos/pos/charts/trend/analysis/two/weeks 13 2019-02-13T06:52:27.905Z","timestamp":"2019-02-13T06:52:27.905Z"}
{"level":"info","message":"GET /newpos/pos/charts/trend/analysis/two/weeks 16 2019-02-13T06:53:43.720Z","timestamp":"2019-02-13T06:53:43.721Z"}
{"level":"info","message":"GET /newpos/pos/charts/trend/analysis/two/weeks 15 2019-02-13T06:55:13.621Z","timestamp":"2019-02-13T06:55:13.622Z"}
{"level":"info","message":"GET /newpos/pos/charts/trend/analysis/two/weeks 18 2019-02-13T06:56:48.910Z","timestamp":"2019-02-13T06:56:48.910Z"}
{"level":"info","message":"GET /newpos/pos/charts/trend/analysis/two/weeks 12 2019-02-13T06:57:04.554Z","timestamp":"2019-02-13T06:57:04.554Z"}
{"level":"info","message":"GET /newpos/pos/charts/trend/analysis/two/weeks 23 2019-02-13T06:57:55.406Z","timestamp":"2019-02-13T06:57:55.406Z"}
{"level":"info","message":"GET /newpos/pos/charts/day/business/statistics 307 2019-02-13T06:59:48.980Z","timestamp":"2019-02-13T06:59:48.980Z"}
{"level":"info","message":"GET /newpos/pos/charts/day/business/statistics 55 2019-02-13T07:32:22.033Z","timestamp":"2019-02-13T07:32:22.033Z"}
{"level":"info","message":"GET /newpos/pos/charts/day/business/statistics 28 2019-02-13T07:36:11.281Z","timestamp":"2019-02-13T07:36:11.281Z"}
{"level":"info","message":"GET /newpos/pos/charts/day/business/statistics 27 2019-02-13T07:36:21.586Z","timestamp":"2019-02-13T07:36:21.587Z"}
{"level":"info","message":"GET /newpos/pos/charts/day/business/statistics 43 2019-02-13T07:37:16.543Z","timestamp":"2019-02-13T07:37:16.544Z"}
{"level":"info","message":"GET /newpos/pos/charts/day/business/statistics 29 2019-02-13T07:38:20.624Z","timestamp":"2019-02-13T07:38:20.625Z"}
{"level":"info","message":"GET /newpos/pos/charts/day/business/statistics 70 2019-02-13T07:38:31.608Z","timestamp":"2019-02-13T07:38:31.608Z"}
{"level":"info","message":"GET /newpos/pos/charts/day/business/statistics 26 2019-02-13T07:40:07.858Z","timestamp":"2019-02-13T07:40:07.859Z"}
{"level":"info","message":"GET /newpos/pos/charts/day/business/statistics 26 2019-02-13T07:40:39.984Z","timestamp":"2019-02-13T07:40:39.985Z"}
{"level":"info","message":"GET /newpos/pos/charts/day/business/statistics 28 2019-02-13T07:41:21.305Z","timestamp":"2019-02-13T07:41:21.305Z"}
{"level":"info","message":"GET /newpos/pos/charts/day/business/statistics 31 2019-02-13T07:41:43.647Z","timestamp":"2019-02-13T07:41:43.647Z"}
{"level":"info","message":"GET /newpos/pos/charts/day/business/statistics 38 2019-02-13T07:46:09.925Z","timestamp":"2019-02-13T07:46:09.926Z"}
{"level":"info","message":"GET /newpos/pos/charts/day/business/statistics 25 2019-02-13T07:47:11.359Z","timestamp":"2019-02-13T07:47:11.359Z"}
{"level":"info","message":"GET /newpos/pos/charts/day/business/statistics 30 2019-02-13T07:47:32.186Z","timestamp":"2019-02-13T07:47:32.187Z"}
{"level":"info","message":"GET /newpos/pos/charts/day/business/statistics 23 2019-02-13T07:48:37.801Z","timestamp":"2019-02-13T07:48:37.802Z"}
{"level":"info","message":"GET /newpos/pos/charts/day/business/statistics 35 2019-02-13T07:49:10.668Z","timestamp":"2019-02-13T07:49:10.668Z"}
{"level":"info","message":"GET /newpos/pos/charts/day/business/statistics 59 2019-02-13T07:53:20.390Z","timestamp":"2019-02-13T07:53:20.391Z"}
{"level":"info","message":"GET /newpos/pos/charts/trend/analysis/article/statistics 457 2019-02-13T07:58:45.948Z","timestamp":"2019-02-13T07:58:45.948Z"}
{"level":"info","message":"GET /newpos/pos/charts/day/business/statistics 34 2019-02-13T08:54:54.643Z","timestamp":"2019-02-13T08:54:54.643Z"}
{"level":"error","message":"resource \"GET:/pages/charts/echarts/chart/bar.js\" not found","timestamp":"2019-02-13T08:55:29.153Z"}
{"level":"info","message":"GET /pages/charts/echarts/chart/bar.js 2 2019-02-13T08:55:29.154Z","timestamp":"2019-02-13T08:55:29.154Z"}
{"level":"error","message":"resource \"GET:/pages/charts/echarts/chart/pie.js\" not found","timestamp":"2019-02-13T08:55:29.172Z"}
{"level":"info","message":"GET /pages/charts/echarts/chart/pie.js 0 2019-02-13T08:55:29.172Z","timestamp":"2019-02-13T08:55:29.172Z"}
{"level":"error","message":"resource \"GET:/pages/charts/echarts/chart/line.js\" not found","timestamp":"2019-02-13T08:55:29.174Z"}
{"level":"info","message":"GET /pages/charts/echarts/chart/line.js 0 2019-02-13T08:55:29.174Z","timestamp":"2019-02-13T08:55:29.174Z"}
{"level":"info","message":"GET /newpos/pos/charts/day/business/statistics 34 2019-02-13T08:55:29.221Z","timestamp":"2019-02-13T08:55:29.222Z"}
{"level":"error","message":"resource \"GET:/pages/charts/echarts/chart/bar.js\" not found","timestamp":"2019-02-13T08:56:04.395Z"}
{"level":"info","message":"GET /pages/charts/echarts/chart/bar.js 1 2019-02-13T08:56:04.395Z","timestamp":"2019-02-13T08:56:04.396Z"}
{"level":"error","message":"resource \"GET:/pages/charts/echarts/chart/pie.js\" not found","timestamp":"2019-02-13T08:56:04.398Z"}
{"level":"info","message":"GET /pages/charts/echarts/chart/pie.js 1 2019-02-13T08:56:04.398Z","timestamp":"2019-02-13T08:56:04.399Z"}
{"level":"error","message":"resource \"GET:/pages/charts/echarts/chart/line.js\" not found","timestamp":"2019-02-13T08:56:04.401Z"}
{"level":"info","message":"GET /pages/charts/echarts/chart/line.js 1 2019-02-13T08:56:04.402Z","timestamp":"2019-02-13T08:56:04.402Z"}
{"level":"info","message":"GET /newpos/pos/charts/day/business/statistics 28 2019-02-13T08:56:04.463Z","timestamp":"2019-02-13T08:56:04.463Z"}
{"level":"info","message":"GET /newpos/pos/charts/day/business/statistics 20 2019-02-13T08:56:12.435Z","timestamp":"2019-02-13T08:56:12.435Z"}
{"level":"info","message":"GET /newpos/pos/charts/day/business/statistics 24 2019-02-13T09:00:43.852Z","timestamp":"2019-02-13T09:00:43.853Z"}
{"level":"info","message":"GET /newpos/pos/charts/day/business/statistics 26 2019-02-13T09:04:41.695Z","timestamp":"2019-02-13T09:04:41.695Z"}
{"level":"info","message":"GET /newpos/pos/charts/day/business/statistics 77 2019-02-13T09:06:37.116Z","timestamp":"2019-02-13T09:06:37.116Z"}
{"level":"info","message":"GET /newpos/pos/charts/day/business/statistics 62 2019-02-13T09:07:30.017Z","timestamp":"2019-02-13T09:07:30.018Z"}
{"level":"info","message":"GET /newpos/pos/charts/day/business/statistics 24 2019-02-13T09:09:59.516Z","timestamp":"2019-02-13T09:09:59.517Z"}
{"level":"info","message":"GET /newpos/pos/charts/day/business/statistics 25 2019-02-13T09:10:39.250Z","timestamp":"2019-02-13T09:10:39.250Z"}
