{"level":"info","message":"GET /system/info 91 2019-02-21T02:38:07.674Z","timestamp":"2019-02-21T02:38:07.678Z"}
{"level":"info","message":"GET /resto/brand/shop/all 338 2019-02-21T02:38:08.686Z","timestamp":"2019-02-21T02:38:08.686Z"}
{"level":"error","message":"SequelizeDatabaseError: Unknown column 'order_remark_ids' in 'field list'\n    at Query.formatError (/Users/chintec/Documents/node/pos-admin/public/node_modules/sequelize/lib/dialects/mysql/query.js:247:16)\n    at Query.handler [as onResult] (/Users/chintec/Documents/node/pos-admin/public/node_modules/sequelize/lib/dialects/mysql/query.js:68:23)\n    at Query.Command.execute (/Users/chintec/Documents/node/pos-admin/public/node_modules/mysql2/lib/commands/command.js:30:12)\n    at Connection.handlePacket (/Users/chintec/Documents/node/pos-admin/public/node_modules/mysql2/lib/connection.js:513:28)\n    at PacketParser.onPacket (/Users/chintec/Documents/node/pos-admin/public/node_modules/mysql2/lib/connection.js:81:16)\n    at PacketParser.executeStart (/Users/chintec/Documents/node/pos-admin/public/node_modules/mysql2/lib/packet_parser.js:76:14)\n    at Socket.<anonymous> (/Users/chintec/Documents/node/pos-admin/public/node_modules/mysql2/lib/connection.js:89:29)\n    at emitOne (events.js:116:13)\n    at Socket.emit (events.js:211:7)\n    at addChunk (_stream_readable.js:263:12)\n    at readableAddChunk (_stream_readable.js:250:11)\n    at Socket.Readable.push (_stream_readable.js:208:10)\n    at TCP.onread (net.js:594:20)","timestamp":"2019-02-21T02:38:08.940Z"}
{"level":"info","message":"GET /resto/brand/shop/order/list 142 2019-02-21T02:38:08.941Z","timestamp":"2019-02-21T02:38:08.941Z"}
{"level":"info","message":"DELETE /admin/logout 10 2019-02-21T02:48:37.379Z","timestamp":"2019-02-21T02:48:37.379Z"}
{"level":"info","message":"POST /admin/login 19 2019-02-21T02:48:39.488Z","timestamp":"2019-02-21T02:48:39.488Z"}
{"level":"info","message":"GET /system/info 46 2019-02-21T02:48:39.566Z","timestamp":"2019-02-21T02:48:39.567Z"}
{"level":"info","message":"GET /system/total 24 2019-02-21T02:48:39.843Z","timestamp":"2019-02-21T02:48:39.843Z"}
{"level":"info","message":"GET /system/account/record/list 55 2019-02-21T02:48:54.270Z","timestamp":"2019-02-21T02:48:54.271Z"}
{"level":"info","message":"GET /system/info 198 2019-02-21T07:44:55.644Z","timestamp":"2019-02-21T07:44:55.644Z"}
{"level":"info","message":"GET /system/account/record/list 58 2019-02-21T07:44:55.993Z","timestamp":"2019-02-21T07:44:55.993Z"}
{"level":"info","message":"GET /resto/brand/shop/detail/list 394 2019-02-21T07:45:00.824Z","timestamp":"2019-02-21T07:45:00.824Z"}
{"level":"info","message":"GET /resto/brand/shop/detail/list 189 2019-02-21T07:45:39.774Z","timestamp":"2019-02-21T07:45:39.774Z"}
{"level":"info","message":"GET /resto/brand/shop/order/abnormal/list 118 2019-02-21T07:45:43.528Z","timestamp":"2019-02-21T07:45:43.532Z"}
{"level":"info","message":"GET /resto/brand/shop/order/abnormal/list 89 2019-02-21T07:45:46.468Z","timestamp":"2019-02-21T07:45:46.468Z"}
{"level":"info","message":"GET /resto/brand/shop/order/abnormal/list 90 2019-02-21T07:45:49.205Z","timestamp":"2019-02-21T07:45:49.205Z"}
{"level":"info","message":"GET /resto/brand/shop/order/abnormal/list 91 2019-02-21T07:45:59.323Z","timestamp":"2019-02-21T07:45:59.324Z"}
{"level":"info","message":"GET /resto/brand/shop/detail/list 180 2019-02-21T07:46:13.587Z","timestamp":"2019-02-21T07:46:13.588Z"}
{"level":"info","message":"GET /resto/brand/shop/order/abnormal/list 96 2019-02-21T07:46:33.098Z","timestamp":"2019-02-21T07:46:33.098Z"}
{"level":"info","message":"GET /resto/brand/shop/detail/list 182 2019-02-21T07:46:46.959Z","timestamp":"2019-02-21T07:46:46.960Z"}
