{"level":"info","message":"GET /system/info 104 2019-02-22T02:06:14.957Z","timestamp":"2019-02-22T02:06:14.961Z"}
{"level":"info","message":"GET /resto/brand/shop/detail/list 2493 2019-02-22T02:06:19.433Z","timestamp":"2019-02-22T02:06:19.434Z"}
{"level":"info","message":"GET /newpos/pos/charts/day/business/statistics 60 2019-02-22T02:11:49.762Z","timestamp":"2019-02-22T02:11:49.763Z"}
{"level":"info","message":"GET /newpos/pos/charts/day/business/statistics 26 2019-02-22T02:26:29.633Z","timestamp":"2019-02-22T02:26:29.633Z"}
{"level":"info","message":"GET /newpos/pos/charts/day/business/statistics 26 2019-02-22T02:26:49.571Z","timestamp":"2019-02-22T02:26:49.572Z"}
{"level":"info","message":"GET /newpos/pos/charts/day/business/statistics 18 2019-02-22T02:27:12.751Z","timestamp":"2019-02-22T02:27:12.751Z"}
{"level":"info","message":"GET /system/info 168 2019-02-22T02:27:15.202Z","timestamp":"2019-02-22T02:27:15.202Z"}
{"level":"info","message":"GET /newpos/pos/charts/day/business/statistics 20 2019-02-22T02:27:16.026Z","timestamp":"2019-02-22T02:27:16.026Z"}
{"level":"info","message":"GET /system/info 52 2019-02-22T02:27:19.429Z","timestamp":"2019-02-22T02:27:19.429Z"}
{"level":"info","message":"GET /newpos/pos/charts/day/business/statistics 28 2019-02-22T02:27:20.219Z","timestamp":"2019-02-22T02:27:20.219Z"}
{"level":"info","message":"GET /newpos/pos/charts/day/business/statistics 26 2019-02-22T02:34:06.430Z","timestamp":"2019-02-22T02:34:06.430Z"}
{"level":"info","message":"GET /newpos/pos/charts/day/business/statistics 20 2019-02-22T02:36:17.684Z","timestamp":"2019-02-22T02:36:17.684Z"}
{"level":"info","message":"GET /system/info 342 2019-02-22T02:43:30.255Z","timestamp":"2019-02-22T02:43:30.255Z"}
{"level":"info","message":"GET /system/info 394 2019-02-22T02:44:02.487Z","timestamp":"2019-02-22T02:44:02.487Z"}
{"level":"info","message":"GET /system/info 57 2019-02-22T02:44:07.887Z","timestamp":"2019-02-22T02:44:07.888Z"}
{"level":"error","message":"resource \"GET:/js/vue-count-to.min.js.map\" not found","timestamp":"2019-02-22T02:44:08.421Z"}
{"level":"info","message":"GET /js/vue-count-to.min.js.map 2 2019-02-22T02:44:08.422Z","timestamp":"2019-02-22T02:44:08.422Z"}
{"level":"info","message":"GET /system/total 30 2019-02-22T02:44:08.459Z","timestamp":"2019-02-22T02:44:08.459Z"}
{"level":"info","message":"GET /newpos/pos/charts/day/business/statistics 15 2019-02-22T02:44:11.962Z","timestamp":"2019-02-22T02:44:11.963Z"}
{"level":"info","message":"GET /resto/brand/shop/all 141 2019-02-22T02:45:24.022Z","timestamp":"2019-02-22T02:45:24.022Z"}
{"level":"info","message":"GET /newpos/pos/charts/day/business/statistics 19 2019-02-22T02:45:25.247Z","timestamp":"2019-02-22T02:45:25.247Z"}
{"level":"info","message":"GET /system/info 186 2019-02-22T02:47:37.915Z","timestamp":"2019-02-22T02:47:37.915Z"}
{"level":"info","message":"GET /resto/brand/shop/all 210 2019-02-22T02:47:38.496Z","timestamp":"2019-02-22T02:47:38.496Z"}
{"level":"info","message":"GET /newpos/pos/charts/day/business/statistics 19 2019-02-22T02:47:39.091Z","timestamp":"2019-02-22T02:47:39.091Z"}
{"level":"info","message":"GET /resto/brand/shop/all 128 2019-02-22T02:50:05.253Z","timestamp":"2019-02-22T02:50:05.254Z"}
{"level":"info","message":"GET /newpos/pos/charts/day/business/statistics 18 2019-02-22T02:50:05.979Z","timestamp":"2019-02-22T02:50:05.979Z"}
{"level":"info","message":"GET /system/info 256 2019-02-22T02:50:54.113Z","timestamp":"2019-02-22T02:50:54.113Z"}
{"level":"info","message":"GET /resto/brand/shop/all 154 2019-02-22T02:50:54.691Z","timestamp":"2019-02-22T02:50:54.691Z"}
{"level":"info","message":"GET /newpos/pos/charts/day/business/statistics 22 2019-02-22T02:50:55.435Z","timestamp":"2019-02-22T02:50:55.435Z"}
{"level":"info","message":"GET /resto/brand/shop/all 120 2019-02-22T02:52:05.604Z","timestamp":"2019-02-22T02:52:05.604Z"}
{"level":"info","message":"GET /newpos/pos/charts/day/business/statistics 17 2019-02-22T02:52:06.255Z","timestamp":"2019-02-22T02:52:06.255Z"}
{"level":"info","message":"GET /system/info 175 2019-02-22T02:52:09.062Z","timestamp":"2019-02-22T02:52:09.063Z"}
{"level":"info","message":"GET /resto/brand/shop/all 94 2019-02-22T02:52:09.527Z","timestamp":"2019-02-22T02:52:09.527Z"}
{"level":"info","message":"GET /newpos/pos/charts/day/business/statistics 20 2019-02-22T02:52:10.296Z","timestamp":"2019-02-22T02:52:10.296Z"}
{"level":"info","message":"GET /resto/brand/shop/all 129 2019-02-22T02:52:53.156Z","timestamp":"2019-02-22T02:52:53.156Z"}
{"level":"info","message":"GET /newpos/pos/charts/day/business/statistics 17 2019-02-22T02:52:53.794Z","timestamp":"2019-02-22T02:52:53.795Z"}
{"level":"info","message":"GET /system/info 425 2019-02-22T02:53:03.146Z","timestamp":"2019-02-22T02:53:03.146Z"}
{"level":"info","message":"GET /resto/brand/shop/all 102 2019-02-22T02:53:03.566Z","timestamp":"2019-02-22T02:53:03.566Z"}
{"level":"info","message":"GET /newpos/pos/charts/day/business/statistics 23 2019-02-22T02:53:04.271Z","timestamp":"2019-02-22T02:53:04.271Z"}
{"level":"info","message":"GET /system/info 167 2019-02-22T02:53:38.449Z","timestamp":"2019-02-22T02:53:38.450Z"}
{"level":"info","message":"GET /resto/brand/shop/all 109 2019-02-22T02:53:38.950Z","timestamp":"2019-02-22T02:53:38.951Z"}
{"level":"info","message":"GET /newpos/pos/charts/day/business/statistics 25 2019-02-22T02:53:39.670Z","timestamp":"2019-02-22T02:53:39.670Z"}
{"level":"info","message":"GET /resto/brand/shop/all 122 2019-02-22T02:56:16.002Z","timestamp":"2019-02-22T02:56:16.002Z"}
{"level":"info","message":"GET /newpos/pos/charts/day/business/statistics 18 2019-02-22T02:56:16.709Z","timestamp":"2019-02-22T02:56:16.709Z"}
{"level":"info","message":"GET /system/info 193 2019-02-22T02:56:32.691Z","timestamp":"2019-02-22T02:56:32.691Z"}
{"level":"info","message":"GET /resto/brand/shop/all 123 2019-02-22T02:56:33.199Z","timestamp":"2019-02-22T02:56:33.199Z"}
{"level":"info","message":"GET /newpos/pos/charts/day/business/statistics 19 2019-02-22T02:56:33.849Z","timestamp":"2019-02-22T02:56:33.849Z"}
{"level":"info","message":"GET /resto/brand/shop/all 114 2019-02-22T02:57:18.315Z","timestamp":"2019-02-22T02:57:18.315Z"}
{"level":"info","message":"GET /newpos/pos/charts/day/business/statistics 17 2019-02-22T02:57:18.919Z","timestamp":"2019-02-22T02:57:18.919Z"}
{"level":"info","message":"GET /resto/brand/shop/all 114 2019-02-22T02:57:51.223Z","timestamp":"2019-02-22T02:57:51.224Z"}
{"level":"info","message":"GET /resto/brand/shop/all 102 2019-02-22T02:59:47.941Z","timestamp":"2019-02-22T02:59:47.941Z"}
{"level":"info","message":"GET /system/info 151 2019-02-22T02:59:50.140Z","timestamp":"2019-02-22T02:59:50.140Z"}
{"level":"info","message":"GET /resto/brand/shop/all 88 2019-02-22T02:59:50.611Z","timestamp":"2019-02-22T02:59:50.611Z"}
{"level":"info","message":"GET /resto/brand/shop/all 138 2019-02-22T03:01:21.147Z","timestamp":"2019-02-22T03:01:21.147Z"}
{"level":"info","message":"GET /newpos/pos/charts/day/business/statistics 18 2019-02-22T03:01:22.350Z","timestamp":"2019-02-22T03:01:22.351Z"}
{"level":"info","message":"GET /system/info 188 2019-02-22T03:01:34.301Z","timestamp":"2019-02-22T03:01:34.301Z"}
{"level":"info","message":"GET /resto/brand/shop/all 87 2019-02-22T03:01:34.713Z","timestamp":"2019-02-22T03:01:34.713Z"}
{"level":"info","message":"GET /newpos/pos/charts/day/business/statistics 22 2019-02-22T03:01:35.452Z","timestamp":"2019-02-22T03:01:35.452Z"}
{"level":"info","message":"GET /system/info 52 2019-02-22T03:01:43.606Z","timestamp":"2019-02-22T03:01:43.606Z"}
{"level":"info","message":"GET /resto/brand/shop/all 130 2019-02-22T03:01:44.220Z","timestamp":"2019-02-22T03:01:44.220Z"}
{"level":"info","message":"GET /newpos/pos/charts/day/business/statistics 17 2019-02-22T03:01:44.963Z","timestamp":"2019-02-22T03:01:44.964Z"}
{"level":"info","message":"GET /resto/brand/shop/all 113 2019-02-22T03:02:15.977Z","timestamp":"2019-02-22T03:02:15.977Z"}
{"level":"info","message":"GET /newpos/pos/charts/day/business/statistics 17 2019-02-22T03:02:16.486Z","timestamp":"2019-02-22T03:02:16.487Z"}
{"level":"info","message":"GET /system/info 181 2019-02-22T03:02:22.899Z","timestamp":"2019-02-22T03:02:22.900Z"}
{"level":"info","message":"GET /resto/brand/shop/all 117 2019-02-22T03:02:23.377Z","timestamp":"2019-02-22T03:02:23.377Z"}
{"level":"info","message":"GET /newpos/pos/charts/day/business/statistics 87 2019-02-22T03:02:24.252Z","timestamp":"2019-02-22T03:02:24.253Z"}
{"level":"info","message":"GET /system/info 361 2019-02-22T03:03:16.665Z","timestamp":"2019-02-22T03:03:16.670Z"}
{"level":"info","message":"GET /resto/brand/shop/all 159 2019-02-22T03:03:17.143Z","timestamp":"2019-02-22T03:03:17.143Z"}
{"level":"info","message":"GET /newpos/pos/charts/day/business/statistics 16 2019-02-22T03:03:17.831Z","timestamp":"2019-02-22T03:03:17.831Z"}
{"level":"info","message":"GET /newpos/pos/charts/day/business/statistics 20 2019-02-22T03:03:30.778Z","timestamp":"2019-02-22T03:03:30.778Z"}
{"level":"info","message":"GET /resto/brand/shop/all 135 2019-02-22T03:06:29.521Z","timestamp":"2019-02-22T03:06:29.521Z"}
{"level":"info","message":"GET /newpos/pos/charts/day/business/statistics 27 2019-02-22T03:06:30.092Z","timestamp":"2019-02-22T03:06:30.092Z"}
{"level":"info","message":"GET /system/info 353 2019-02-22T03:06:32.231Z","timestamp":"2019-02-22T03:06:32.231Z"}
{"level":"info","message":"GET /resto/brand/shop/all 102 2019-02-22T03:06:32.679Z","timestamp":"2019-02-22T03:06:32.683Z"}
{"level":"info","message":"GET /newpos/pos/charts/day/business/statistics 18 2019-02-22T03:06:33.439Z","timestamp":"2019-02-22T03:06:33.439Z"}
{"level":"info","message":"GET /resto/brand/shop/all 152 2019-02-22T03:08:36.250Z","timestamp":"2019-02-22T03:08:36.250Z"}
{"level":"info","message":"GET /newpos/pos/charts/day/business/statistics 16 2019-02-22T03:08:36.874Z","timestamp":"2019-02-22T03:08:36.874Z"}
{"level":"info","message":"GET /system/info 217 2019-02-22T03:10:43.365Z","timestamp":"2019-02-22T03:10:43.366Z"}
{"level":"info","message":"GET /resto/brand/shop/all 161 2019-02-22T03:10:43.847Z","timestamp":"2019-02-22T03:10:43.849Z"}
{"level":"info","message":"GET /newpos/pos/charts/day/business/statistics 19 2019-02-22T03:10:44.553Z","timestamp":"2019-02-22T03:10:44.554Z"}
{"level":"info","message":"GET /resto/brand/shop/all 107 2019-02-22T03:11:46.542Z","timestamp":"2019-02-22T03:11:46.542Z"}
{"level":"info","message":"GET /newpos/pos/charts/day/business/statistics 18 2019-02-22T03:11:47.473Z","timestamp":"2019-02-22T03:11:47.473Z"}
{"level":"info","message":"GET /resto/brand/shop/all 136 2019-02-22T03:12:14.377Z","timestamp":"2019-02-22T03:12:14.377Z"}
{"level":"info","message":"GET /newpos/pos/charts/day/business/statistics 19 2019-02-22T03:12:14.999Z","timestamp":"2019-02-22T03:12:14.999Z"}
{"level":"info","message":"GET /resto/brand/shop/all 194 2019-02-22T03:13:55.135Z","timestamp":"2019-02-22T03:13:55.135Z"}
{"level":"info","message":"GET /newpos/pos/charts/day/business/statistics 23 2019-02-22T03:13:55.922Z","timestamp":"2019-02-22T03:13:55.922Z"}
{"level":"info","message":"GET /system/info 196 2019-02-22T03:14:41.558Z","timestamp":"2019-02-22T03:14:41.559Z"}
{"level":"info","message":"GET /resto/brand/shop/all 150 2019-02-22T03:14:42.108Z","timestamp":"2019-02-22T03:14:42.108Z"}
{"level":"info","message":"GET /newpos/pos/charts/day/business/statistics 65 2019-02-22T03:14:43.101Z","timestamp":"2019-02-22T03:14:43.101Z"}
{"level":"info","message":"GET /resto/brand/shop/all 117 2019-02-22T03:28:00.361Z","timestamp":"2019-02-22T03:28:00.361Z"}
{"level":"info","message":"GET /newpos/pos/charts/day/business/statistics 17 2019-02-22T03:28:01.154Z","timestamp":"2019-02-22T03:28:01.155Z"}
{"level":"info","message":"GET /system/info 147 2019-02-22T03:28:19.811Z","timestamp":"2019-02-22T03:28:19.812Z"}
{"level":"info","message":"GET /resto/brand/shop/all 128 2019-02-22T03:28:20.319Z","timestamp":"2019-02-22T03:28:20.319Z"}
{"level":"info","message":"GET /newpos/pos/charts/day/business/statistics 21 2019-02-22T03:28:21.127Z","timestamp":"2019-02-22T03:28:21.127Z"}
{"level":"info","message":"GET /system/info 195 2019-02-22T03:28:31.420Z","timestamp":"2019-02-22T03:28:31.420Z"}
{"level":"info","message":"GET /resto/brand/shop/all 141 2019-02-22T03:28:31.887Z","timestamp":"2019-02-22T03:28:31.887Z"}
{"level":"info","message":"GET /newpos/pos/charts/day/business/statistics 19 2019-02-22T03:28:32.599Z","timestamp":"2019-02-22T03:28:32.600Z"}
{"level":"info","message":"GET /system/info 161 2019-02-22T03:29:38.261Z","timestamp":"2019-02-22T03:29:38.261Z"}
{"level":"info","message":"GET /resto/brand/shop/all 136 2019-02-22T03:29:38.744Z","timestamp":"2019-02-22T03:29:38.745Z"}
{"level":"info","message":"GET /newpos/pos/charts/day/business/statistics 18 2019-02-22T03:29:39.500Z","timestamp":"2019-02-22T03:29:39.500Z"}
{"level":"info","message":"GET /system/info 368 2019-02-22T03:43:32.289Z","timestamp":"2019-02-22T03:43:32.290Z"}
{"level":"info","message":"GET /resto/brand/shop/all 142 2019-02-22T03:43:32.812Z","timestamp":"2019-02-22T03:43:32.812Z"}
{"level":"info","message":"GET /newpos/pos/charts/day/business/statistics 18 2019-02-22T03:43:33.565Z","timestamp":"2019-02-22T03:43:33.565Z"}
{"level":"info","message":"GET /resto/brand/shop/all 114 2019-02-22T03:44:20.239Z","timestamp":"2019-02-22T03:44:20.240Z"}
{"level":"info","message":"GET /newpos/pos/charts/day/business/statistics 18 2019-02-22T03:44:20.972Z","timestamp":"2019-02-22T03:44:20.972Z"}
{"level":"info","message":"GET /newpos/pos/charts/day/business/statistics 22 2019-02-22T03:44:33.353Z","timestamp":"2019-02-22T03:44:33.353Z"}
{"level":"info","message":"GET /newpos/pos/charts/day/business/statistics 20 2019-02-22T03:44:51.468Z","timestamp":"2019-02-22T03:44:51.469Z"}
{"level":"info","message":"GET /resto/brand/shop/all 128 2019-02-22T03:45:53.722Z","timestamp":"2019-02-22T03:45:53.722Z"}
{"level":"info","message":"GET /newpos/pos/charts/day/business/statistics 15 2019-02-22T03:45:54.354Z","timestamp":"2019-02-22T03:45:54.354Z"}
