{"level":"info","message":"GET /system/info 232 2019-01-18T02:41:49.447Z","timestamp":"2019-01-18T02:41:49.450Z"}
{"level":"info","message":"GET /system/info 510 2019-01-18T02:43:05.122Z","timestamp":"2019-01-18T02:43:05.123Z"}
{"level":"info","message":"GET /system/info 322 2019-01-18T02:43:47.405Z","timestamp":"2019-01-18T02:43:47.406Z"}
{"level":"info","message":"GET /system/info 392 2019-01-18T02:45:03.349Z","timestamp":"2019-01-18T02:45:03.349Z"}
{"level":"info","message":"GET /system/info 325 2019-01-18T02:47:19.367Z","timestamp":"2019-01-18T02:47:19.368Z"}
{"level":"info","message":"GET /system/info 316 2019-01-18T02:55:40.904Z","timestamp":"2019-01-18T02:55:40.905Z"}
{"level":"info","message":"GET /system/info 308 2019-01-18T02:55:41.893Z","timestamp":"2019-01-18T02:55:41.893Z"}
{"level":"info","message":"GET /system/info 353 2019-01-18T02:56:07.921Z","timestamp":"2019-01-18T02:56:07.922Z"}
{"level":"info","message":"GET /system/info 308 2019-01-18T02:56:49.686Z","timestamp":"2019-01-18T02:56:49.686Z"}
{"level":"info","message":"GET /system/info 379 2019-01-18T02:57:11.660Z","timestamp":"2019-01-18T02:57:11.660Z"}
{"level":"info","message":"GET /system/info 403 2019-01-18T02:57:37.936Z","timestamp":"2019-01-18T02:57:37.936Z"}
{"level":"info","message":"GET /system/info 308 2019-01-18T02:57:41.092Z","timestamp":"2019-01-18T02:57:41.092Z"}
{"level":"info","message":"GET /system/info 287 2019-01-18T02:57:42.072Z","timestamp":"2019-01-18T02:57:42.072Z"}
{"level":"info","message":"GET /system/info 483 2019-01-18T02:58:54.751Z","timestamp":"2019-01-18T02:58:54.752Z"}
{"level":"error","message":"resource \"GET:/static/charts.html\" not found","timestamp":"2019-01-18T02:59:13.851Z"}
{"level":"info","message":"GET /static/charts.html 3 2019-01-18T02:59:13.851Z","timestamp":"2019-01-18T02:59:13.851Z"}
{"level":"info","message":"GET /system/info 553 2019-01-18T02:59:17.466Z","timestamp":"2019-01-18T02:59:17.466Z"}
{"level":"error","message":"resource \"GET:/static/charts.html\" not found","timestamp":"2019-01-18T02:59:17.619Z"}
{"level":"info","message":"GET /static/charts.html 1 2019-01-18T02:59:17.620Z","timestamp":"2019-01-18T02:59:17.620Z"}
{"level":"info","message":"GET /system/info 507 2019-01-18T03:07:16.692Z","timestamp":"2019-01-18T03:07:16.693Z"}
{"level":"info","message":"GET /system/info 331 2019-01-18T03:10:26.741Z","timestamp":"2019-01-18T03:10:26.741Z"}
{"level":"error","message":"resource \"GET:/js/vue-count-to.min.js.map\" not found","timestamp":"2019-01-18T03:10:26.988Z"}
{"level":"info","message":"GET /js/vue-count-to.min.js.map 1 2019-01-18T03:10:26.988Z","timestamp":"2019-01-18T03:10:26.988Z"}
{"level":"info","message":"GET /system/info 361 2019-01-18T03:18:08.676Z","timestamp":"2019-01-18T03:18:08.677Z"}
{"level":"info","message":"GET /system/info 376 2019-01-18T03:20:55.046Z","timestamp":"2019-01-18T03:20:55.046Z"}
{"level":"info","message":"GET /system/info 551 2019-01-18T03:21:43.385Z","timestamp":"2019-01-18T03:21:43.386Z"}
{"level":"info","message":"GET /resto/brand/shop/detail/list 379 2019-01-18T03:24:24.172Z","timestamp":"2019-01-18T03:24:24.172Z"}
{"level":"info","message":"GET /resto/brand/shop/all 95 2019-01-18T03:24:30.510Z","timestamp":"2019-01-18T03:24:30.510Z"}
{"level":"info","message":"GET /resto/brand/customer/list 199 2019-01-18T03:24:30.749Z","timestamp":"2019-01-18T03:24:30.749Z"}
{"level":"info","message":"GET /resto/brand/customer/list 229 2019-01-18T03:24:31.611Z","timestamp":"2019-01-18T03:24:31.611Z"}
{"level":"info","message":"GET /constant/list 81 2019-01-18T03:24:40.321Z","timestamp":"2019-01-18T03:24:40.321Z"}
{"level":"info","message":"GET /constant/list 88 2019-01-18T03:24:40.326Z","timestamp":"2019-01-18T03:24:40.326Z"}
{"level":"info","message":"GET /constant/list 100 2019-01-18T03:24:40.336Z","timestamp":"2019-01-18T03:24:40.336Z"}
{"level":"info","message":"GET /resto/brand/customer/list 552 2019-01-18T03:24:40.786Z","timestamp":"2019-01-18T03:24:40.786Z"}
{"level":"info","message":"GET /resto/brand/customer/charge/list 598 2019-01-18T03:24:40.840Z","timestamp":"2019-01-18T03:24:40.840Z"}
{"level":"info","message":"GET /resto/brand/customer/appraise/list 517 2019-01-18T03:24:40.855Z","timestamp":"2019-01-18T03:24:40.855Z"}
{"level":"info","message":"GET /resto/brand/customer/coupon/list 515 2019-01-18T03:24:40.857Z","timestamp":"2019-01-18T03:24:40.860Z"}
{"level":"info","message":"GET /resto/brand/customer/order/list 500 2019-01-18T03:24:40.884Z","timestamp":"2019-01-18T03:24:40.884Z"}
{"level":"info","message":"GET /resto/brand/shop/all 93 2019-01-18T03:24:49.123Z","timestamp":"2019-01-18T03:24:49.123Z"}
{"level":"info","message":"GET /resto/brand/customer/list 178 2019-01-18T03:24:49.324Z","timestamp":"2019-01-18T03:24:49.325Z"}
{"level":"info","message":"GET /resto/brand/customer/list 222 2019-01-18T03:24:49.939Z","timestamp":"2019-01-18T03:24:49.939Z"}
{"level":"info","message":"GET /system/info 266 2019-01-18T03:31:44.416Z","timestamp":"2019-01-18T03:31:44.417Z"}
{"level":"info","message":"GET /resto/brand/shop/all 114 2019-01-18T03:31:45.096Z","timestamp":"2019-01-18T03:31:45.096Z"}
{"level":"info","message":"GET /resto/brand/customer/list 190 2019-01-18T03:31:45.328Z","timestamp":"2019-01-18T03:31:45.328Z"}
{"level":"info","message":"GET /resto/brand/customer/list 228 2019-01-18T03:31:45.990Z","timestamp":"2019-01-18T03:31:45.990Z"}
{"level":"info","message":"GET /system/info 314 2019-01-18T03:34:59.549Z","timestamp":"2019-01-18T03:34:59.550Z"}
{"level":"info","message":"GET /resto/brand/shop/all 126 2019-01-18T03:35:00.306Z","timestamp":"2019-01-18T03:35:00.306Z"}
{"level":"info","message":"GET /resto/brand/customer/list 193 2019-01-18T03:35:00.591Z","timestamp":"2019-01-18T03:35:00.591Z"}
{"level":"info","message":"GET /resto/brand/customer/list 183 2019-01-18T03:35:01.138Z","timestamp":"2019-01-18T03:35:01.138Z"}
{"level":"info","message":"GET /resto/brand/customer/list 10 2019-01-18T08:20:55.066Z","timestamp":"2019-01-18T08:20:55.067Z"}
{"level":"info","message":"GET /resto/brand/customer/list 7 2019-01-18T08:21:03.493Z","timestamp":"2019-01-18T08:21:03.493Z"}
{"level":"info","message":"POST /admin/login 60 2019-01-18T08:21:49.789Z","timestamp":"2019-01-18T08:21:49.789Z"}
{"level":"info","message":"GET /system/info 171 2019-01-18T08:21:50.391Z","timestamp":"2019-01-18T08:21:50.391Z"}
{"level":"error","message":"resource \"GET:/js/vue-count-to.min.js.map\" not found","timestamp":"2019-01-18T08:21:50.627Z"}
{"level":"info","message":"GET /js/vue-count-to.min.js.map 1 2019-01-18T08:21:50.627Z","timestamp":"2019-01-18T08:21:50.628Z"}
{"level":"info","message":"GET /resto/brand/shop/all 125 2019-01-18T08:21:57.073Z","timestamp":"2019-01-18T08:21:57.074Z"}
{"level":"info","message":"GET /resto/brand/customer/list 246 2019-01-18T08:21:57.350Z","timestamp":"2019-01-18T08:21:57.350Z"}
{"level":"info","message":"GET /resto/brand/customer/list 199 2019-01-18T08:21:58.109Z","timestamp":"2019-01-18T08:21:58.109Z"}
{"level":"info","message":"GET /resto/brand/customer/list 178 2019-01-18T08:22:01.079Z","timestamp":"2019-01-18T08:22:01.079Z"}
{"level":"info","message":"GET /resto/brand/customer/list 219 2019-01-18T08:22:14.581Z","timestamp":"2019-01-18T08:22:14.581Z"}
{"level":"error","message":"ServiceUnavailableError: Response timeout\n    at IncomingMessage.<anonymous> (/Users/chintec/Documents/node/pos-admin/node_modules/connect-timeout/index.js:84:8)\n    at emitOne (events.js:116:13)\n    at IncomingMessage.emit (events.js:211:7)\n    at Timeout._onTimeout (/Users/chintec/Documents/node/pos-admin/node_modules/connect-timeout/index.js:49:11)\n    at ontimeout (timers.js:475:11)\n    at tryOnTimeout (timers.js:310:5)\n    at Timer.listOnTimeout (timers.js:270:5)","timestamp":"2019-01-18T09:16:22.782Z"}
{"level":"error","message":"resource \"GET:/js/41.js\" not found","timestamp":"2019-01-18T09:16:34.223Z"}
{"level":"info","message":"GET /js/41.js 3 2019-01-18T09:16:34.225Z","timestamp":"2019-01-18T09:16:34.227Z"}
{"level":"info","message":"GET /system/info 349 2019-01-18T09:16:36.163Z","timestamp":"2019-01-18T09:16:36.163Z"}
{"level":"error","message":"resource \"GET:/js/vue-count-to.min.js.map\" not found","timestamp":"2019-01-18T09:16:36.391Z"}
{"level":"info","message":"GET /js/vue-count-to.min.js.map 3 2019-01-18T09:16:36.392Z","timestamp":"2019-01-18T09:16:36.392Z"}
{"level":"info","message":"GET /system/info 1279 2019-01-18T09:16:49.516Z","timestamp":"2019-01-18T09:16:49.517Z"}
{"level":"error","message":"resource \"GET:/js/vue-count-to.min.js.map\" not found","timestamp":"2019-01-18T09:16:49.700Z"}
{"level":"info","message":"GET /js/vue-count-to.min.js.map 1 2019-01-18T09:16:49.701Z","timestamp":"2019-01-18T09:16:49.701Z"}
{"level":"error","message":"ServiceUnavailableError: Response timeout\n    at IncomingMessage.<anonymous> (/Users/chintec/Documents/node/pos-admin/node_modules/connect-timeout/index.js:84:8)\n    at emitOne (events.js:116:13)\n    at IncomingMessage.emit (events.js:211:7)\n    at Timeout._onTimeout (/Users/chintec/Documents/node/pos-admin/node_modules/connect-timeout/index.js:49:11)\n    at ontimeout (timers.js:475:11)\n    at tryOnTimeout (timers.js:310:5)\n    at Timer.listOnTimeout (timers.js:270:5)","timestamp":"2019-01-18T09:18:26.052Z"}
{"level":"info","message":"GET /system/info 338 2019-01-18T09:18:44.800Z","timestamp":"2019-01-18T09:18:44.800Z"}
{"level":"error","message":"resource \"GET:/js/vue-count-to.min.js.map\" not found","timestamp":"2019-01-18T09:18:45.188Z"}
{"level":"info","message":"GET /js/vue-count-to.min.js.map 1 2019-01-18T09:18:45.189Z","timestamp":"2019-01-18T09:18:45.189Z"}
{"level":"error","message":"resource \"GET:/9124631909ff493747e9.hot-update.json\" not found","timestamp":"2019-01-18T09:32:28.012Z"}
{"level":"info","message":"GET /9124631909ff493747e9.hot-update.json 7 2019-01-18T09:32:28.014Z","timestamp":"2019-01-18T09:32:28.016Z"}
{"level":"error","message":"ServiceUnavailableError: Response timeout\n    at IncomingMessage.<anonymous> (/Users/chintec/Documents/node/pos-admin/node_modules/connect-timeout/index.js:84:8)\n    at emitOne (events.js:116:13)\n    at IncomingMessage.emit (events.js:211:7)\n    at Timeout._onTimeout (/Users/chintec/Documents/node/pos-admin/node_modules/connect-timeout/index.js:49:11)\n    at ontimeout (timers.js:475:11)\n    at tryOnTimeout (timers.js:310:5)\n    at Timer.listOnTimeout (timers.js:270:5)","timestamp":"2019-01-18T10:07:44.245Z"}
{"level":"info","message":"GET /system/info 251 2019-01-18T10:31:56.417Z","timestamp":"2019-01-18T10:31:56.421Z"}
{"level":"error","message":"resource \"GET:/js/vue-count-to.min.js.map\" not found","timestamp":"2019-01-18T10:31:57.739Z"}
{"level":"info","message":"GET /js/vue-count-to.min.js.map 4 2019-01-18T10:31:57.740Z","timestamp":"2019-01-18T10:31:57.740Z"}
{"level":"info","message":"GET /system/info 208 2019-01-18T10:32:58.755Z","timestamp":"2019-01-18T10:32:58.755Z"}
{"level":"error","message":"resource \"GET:/js/vue-count-to.min.js.map\" not found","timestamp":"2019-01-18T10:32:58.976Z"}
{"level":"info","message":"GET /js/vue-count-to.min.js.map 1 2019-01-18T10:32:58.977Z","timestamp":"2019-01-18T10:32:58.977Z"}
{"level":"info","message":"GET /system/info 204 2019-01-18T10:33:10.038Z","timestamp":"2019-01-18T10:33:10.039Z"}
{"level":"error","message":"resource \"GET:/js/vue-count-to.min.js.map\" not found","timestamp":"2019-01-18T10:33:10.259Z"}
{"level":"info","message":"GET /js/vue-count-to.min.js.map 1 2019-01-18T10:33:10.260Z","timestamp":"2019-01-18T10:33:10.260Z"}
{"level":"info","message":"GET /system/info 380 2019-01-18T10:34:37.214Z","timestamp":"2019-01-18T10:34:37.218Z"}
{"level":"error","message":"resource \"GET:/js/vue-count-to.min.js.map\" not found","timestamp":"2019-01-18T10:34:37.459Z"}
{"level":"info","message":"GET /js/vue-count-to.min.js.map 4 2019-01-18T10:34:37.460Z","timestamp":"2019-01-18T10:34:37.461Z"}
{"level":"info","message":"GET /system/info 311 2019-01-18T10:34:51.519Z","timestamp":"2019-01-18T10:34:51.519Z"}
{"level":"error","message":"resource \"GET:/js/vue-count-to.min.js.map\" not found","timestamp":"2019-01-18T10:34:51.716Z"}
{"level":"info","message":"GET /js/vue-count-to.min.js.map 1 2019-01-18T10:34:51.717Z","timestamp":"2019-01-18T10:34:51.717Z"}
{"level":"info","message":"GET /system/info 292 2019-01-18T10:34:57.962Z","timestamp":"2019-01-18T10:34:57.962Z"}
{"level":"error","message":"resource \"GET:/js/vue-count-to.min.js.map\" not found","timestamp":"2019-01-18T10:34:58.204Z"}
{"level":"info","message":"GET /js/vue-count-to.min.js.map 1 2019-01-18T10:34:58.204Z","timestamp":"2019-01-18T10:34:58.204Z"}
