{"level":"info","message":"GET /system/info 340 2019-01-23T02:42:34.926Z","timestamp":"2019-01-23T02:42:34.966Z"}
{"level":"info","message":"GET /system/perm/list/all 84 2019-01-23T02:42:48.090Z","timestamp":"2019-01-23T02:42:48.090Z"}
{"level":"info","message":"GET /system/role 23 2019-01-23T02:42:53.734Z","timestamp":"2019-01-23T02:42:53.734Z"}
{"level":"info","message":"GET /system/role 366 2019-01-23T02:43:24.290Z","timestamp":"2019-01-23T02:43:24.290Z"}
{"level":"info","message":"GET /system/perm/list/all 49 2019-01-23T02:43:50.628Z","timestamp":"2019-01-23T02:43:50.628Z"}
{"level":"info","message":"GET /system/role 18 2019-01-23T02:44:29.005Z","timestamp":"2019-01-23T02:44:29.005Z"}
{"level":"info","message":"GET /system/perm/list/btn_map 25 2019-01-23T02:44:33.059Z","timestamp":"2019-01-23T02:44:33.059Z"}
{"level":"info","message":"GET /system/perm 29 2019-01-23T02:44:33.065Z","timestamp":"2019-01-23T02:44:33.066Z"}
{"level":"info","message":"GET /system/role/perms 252 2019-01-23T02:44:33.290Z","timestamp":"2019-01-23T02:44:33.290Z"}
{"level":"info","message":"GET /system/role 18 2019-01-23T02:45:10.683Z","timestamp":"2019-01-23T02:45:10.683Z"}
{"level":"info","message":"GET /system/list 110 2019-01-23T02:45:10.777Z","timestamp":"2019-01-23T02:45:10.777Z"}
{"level":"info","message":"GET /system/perm/list/btn_map 21 2019-01-23T02:45:13.184Z","timestamp":"2019-01-23T02:45:13.185Z"}
{"level":"info","message":"GET /system/perm 25 2019-01-23T02:45:13.190Z","timestamp":"2019-01-23T02:45:13.190Z"}
{"level":"info","message":"GET /system/role/perms 238 2019-01-23T02:45:13.404Z","timestamp":"2019-01-23T02:45:13.404Z"}
{"level":"info","message":"GET /system/role 20 2019-01-23T02:45:15.317Z","timestamp":"2019-01-23T02:45:15.317Z"}
{"level":"info","message":"GET /system/list 107 2019-01-23T02:45:15.405Z","timestamp":"2019-01-23T02:45:15.405Z"}
{"level":"info","message":"GET /system/list 68 2019-01-23T02:45:39.674Z","timestamp":"2019-01-23T02:45:39.674Z"}
{"level":"info","message":"GET /system/list 99 2019-01-23T02:45:55.053Z","timestamp":"2019-01-23T02:45:55.053Z"}
{"level":"error","message":"resource \"GET:/js/vue-count-to.min.js.map\" not found","timestamp":"2019-01-23T03:03:02.493Z"}
{"level":"info","message":"GET /js/vue-count-to.min.js.map 16 2019-01-23T03:03:02.496Z","timestamp":"2019-01-23T03:03:02.496Z"}
{"level":"info","message":"GET /system/info 507 2019-01-23T06:17:31.301Z","timestamp":"2019-01-23T06:17:31.301Z"}
{"level":"info","message":"GET /system/info 478 2019-01-23T06:22:47.261Z","timestamp":"2019-01-23T06:22:47.261Z"}
{"level":"info","message":"GET /system/info 441 2019-01-23T06:23:41.007Z","timestamp":"2019-01-23T06:23:41.008Z"}
{"level":"info","message":"GET /system/info 454 2019-01-23T06:27:51.087Z","timestamp":"2019-01-23T06:27:51.087Z"}
{"level":"info","message":"GET /system/info 441 2019-01-23T06:28:33.300Z","timestamp":"2019-01-23T06:28:33.300Z"}
{"level":"error","message":"resource \"GET:/js/vue-count-to.min.js.map\" not found","timestamp":"2019-01-23T06:28:45.044Z"}
{"level":"info","message":"GET /js/vue-count-to.min.js.map 1 2019-01-23T06:28:45.045Z","timestamp":"2019-01-23T06:28:45.046Z"}
{"level":"info","message":"GET /system/info 450 2019-01-23T06:29:22.550Z","timestamp":"2019-01-23T06:29:22.551Z"}
{"level":"info","message":"GET /system/info 436 2019-01-23T06:34:28.157Z","timestamp":"2019-01-23T06:34:28.157Z"}
{"level":"info","message":"GET /system/info 452 2019-01-23T06:35:26.125Z","timestamp":"2019-01-23T06:35:26.125Z"}
{"level":"info","message":"GET /system/info 481 2019-01-23T06:36:40.716Z","timestamp":"2019-01-23T06:36:40.717Z"}
{"level":"info","message":"GET /system/info 490 2019-01-23T06:37:12.135Z","timestamp":"2019-01-23T06:37:12.135Z"}
{"level":"info","message":"GET /system/info 503 2019-01-23T06:38:25.017Z","timestamp":"2019-01-23T06:38:25.018Z"}
{"level":"info","message":"GET /system/info 468 2019-01-23T06:41:26.031Z","timestamp":"2019-01-23T06:41:26.032Z"}
{"level":"info","message":"GET /system/info 425 2019-01-23T06:41:46.523Z","timestamp":"2019-01-23T06:41:46.523Z"}
{"level":"info","message":"GET /system/info 468 2019-01-23T06:41:57.407Z","timestamp":"2019-01-23T06:41:57.407Z"}
{"level":"info","message":"GET /system/info 424 2019-01-23T06:42:23.514Z","timestamp":"2019-01-23T06:42:23.514Z"}
{"level":"info","message":"GET /system/info 772 2019-01-23T06:43:38.711Z","timestamp":"2019-01-23T06:43:38.711Z"}
{"level":"info","message":"GET /system/info 460 2019-01-23T06:44:42.311Z","timestamp":"2019-01-23T06:44:42.311Z"}
{"level":"info","message":"GET /system/info 539 2019-01-23T06:44:58.808Z","timestamp":"2019-01-23T06:44:58.808Z"}
{"level":"info","message":"GET /system/info 459 2019-01-23T06:45:31.282Z","timestamp":"2019-01-23T06:45:31.282Z"}
{"level":"info","message":"GET /system/info 464 2019-01-23T06:47:09.839Z","timestamp":"2019-01-23T06:47:09.840Z"}
{"level":"info","message":"GET /system/info 475 2019-01-23T06:48:49.780Z","timestamp":"2019-01-23T06:48:49.781Z"}
{"level":"info","message":"GET /system/info 465 2019-01-23T06:49:12.140Z","timestamp":"2019-01-23T06:49:12.140Z"}
{"level":"info","message":"GET /system/info 713 2019-01-23T06:58:51.274Z","timestamp":"2019-01-23T06:58:51.274Z"}
{"level":"info","message":"GET /system/info 534 2019-01-23T06:59:01.965Z","timestamp":"2019-01-23T06:59:01.966Z"}
{"level":"info","message":"GET /system/info 564 2019-01-23T06:59:38.891Z","timestamp":"2019-01-23T06:59:38.892Z"}
{"level":"info","message":"GET /system/info 560 2019-01-23T07:01:03.422Z","timestamp":"2019-01-23T07:01:03.423Z"}
{"level":"info","message":"GET /system/info 513 2019-01-23T07:04:13.488Z","timestamp":"2019-01-23T07:04:13.488Z"}
{"level":"info","message":"GET /system/info 483 2019-01-23T07:06:50.868Z","timestamp":"2019-01-23T07:06:50.869Z"}
{"level":"info","message":"GET /system/info 587 2019-01-23T07:07:54.055Z","timestamp":"2019-01-23T07:07:54.055Z"}
{"level":"info","message":"GET /system/info 499 2019-01-23T07:08:30.805Z","timestamp":"2019-01-23T07:08:30.806Z"}
{"level":"info","message":"GET /system/info 479 2019-01-23T07:09:22.809Z","timestamp":"2019-01-23T07:09:22.809Z"}
{"level":"info","message":"GET /system/info 466 2019-01-23T07:39:14.615Z","timestamp":"2019-01-23T07:39:14.615Z"}
{"level":"info","message":"GET /system/info 464 2019-01-23T07:40:01.114Z","timestamp":"2019-01-23T07:40:01.114Z"}
{"level":"info","message":"GET /system/info 485 2019-01-23T07:57:45.544Z","timestamp":"2019-01-23T07:57:45.544Z"}
{"level":"error","message":"resource \"GET:/pages/common.css\" not found","timestamp":"2019-01-23T07:57:45.926Z"}
{"level":"info","message":"GET /pages/common.css 1 2019-01-23T07:57:45.926Z","timestamp":"2019-01-23T07:57:45.927Z"}
{"level":"info","message":"GET /system/info 480 2019-01-23T07:58:20.859Z","timestamp":"2019-01-23T07:58:20.859Z"}
{"level":"error","message":"resource \"GET:/pages/common.css\" not found","timestamp":"2019-01-23T07:58:21.245Z"}
{"level":"info","message":"GET /pages/common.css 0 2019-01-23T07:58:21.245Z","timestamp":"2019-01-23T07:58:21.246Z"}
{"level":"info","message":"GET /system/info 532 2019-01-23T07:58:35.972Z","timestamp":"2019-01-23T07:58:35.972Z"}
{"level":"error","message":"resource \"GET:/pages/common.css\" not found","timestamp":"2019-01-23T07:58:36.315Z"}
{"level":"info","message":"GET /pages/common.css 1 2019-01-23T07:58:36.316Z","timestamp":"2019-01-23T07:58:36.316Z"}
{"level":"info","message":"GET /system/info 729 2019-01-23T07:58:54.924Z","timestamp":"2019-01-23T07:58:54.924Z"}
{"level":"error","message":"resource \"GET:/pages/common.css\" not found","timestamp":"2019-01-23T07:58:55.364Z"}
{"level":"info","message":"GET /pages/common.css 3 2019-01-23T07:58:55.366Z","timestamp":"2019-01-23T07:58:55.372Z"}
{"level":"info","message":"GET /system/info 438 2019-01-23T07:59:08.112Z","timestamp":"2019-01-23T07:59:08.113Z"}
{"level":"error","message":"resource \"GET:/pages/common.css\" not found","timestamp":"2019-01-23T07:59:08.464Z"}
{"level":"info","message":"GET /pages/common.css 1 2019-01-23T07:59:08.464Z","timestamp":"2019-01-23T07:59:08.464Z"}
{"level":"info","message":"GET /system/info 474 2019-01-23T07:59:36.599Z","timestamp":"2019-01-23T07:59:36.600Z"}
{"level":"error","message":"resource \"GET:/pages/common.css\" not found","timestamp":"2019-01-23T07:59:36.930Z"}
{"level":"info","message":"GET /pages/common.css 1 2019-01-23T07:59:36.931Z","timestamp":"2019-01-23T07:59:36.931Z"}
{"level":"info","message":"GET /system/info 463 2019-01-23T08:00:03.603Z","timestamp":"2019-01-23T08:00:03.603Z"}
{"level":"error","message":"resource \"GET:/pages/common.css\" not found","timestamp":"2019-01-23T08:00:03.955Z"}
{"level":"info","message":"GET /pages/common.css 1 2019-01-23T08:00:03.956Z","timestamp":"2019-01-23T08:00:03.956Z"}
{"level":"info","message":"GET /system/info 463 2019-01-23T08:00:18.962Z","timestamp":"2019-01-23T08:00:18.962Z"}
{"level":"info","message":"GET /system/info 750 2019-01-23T08:00:30.378Z","timestamp":"2019-01-23T08:00:30.378Z"}
{"level":"info","message":"GET /system/info 478 2019-01-23T08:01:40.836Z","timestamp":"2019-01-23T08:01:40.836Z"}
{"level":"error","message":"resource \"GET:/pages/common.css\" not found","timestamp":"2019-01-23T08:01:41.194Z"}
{"level":"info","message":"GET /pages/common.css 1 2019-01-23T08:01:41.194Z","timestamp":"2019-01-23T08:01:41.194Z"}
{"level":"info","message":"GET /system/info 456 2019-01-23T08:01:57.919Z","timestamp":"2019-01-23T08:01:57.919Z"}
{"level":"error","message":"resource \"GET:/pages/common.css\" not found","timestamp":"2019-01-23T08:01:58.273Z"}
{"level":"info","message":"GET /pages/common.css 1 2019-01-23T08:01:58.274Z","timestamp":"2019-01-23T08:01:58.274Z"}
{"level":"error","message":"resource \"GET:/common.css\" not found","timestamp":"2019-01-23T08:02:14.384Z"}
{"level":"info","message":"GET /common.css 2 2019-01-23T08:02:14.385Z","timestamp":"2019-01-23T08:02:14.385Z"}
{"level":"error","message":"resource \"GET:/pages/charts/common.css\" not found","timestamp":"2019-01-23T08:05:11.608Z"}
{"level":"info","message":"GET /pages/charts/common.css 0 2019-01-23T08:05:11.608Z","timestamp":"2019-01-23T08:05:11.608Z"}
{"level":"error","message":"resource \"GET:/pages/common.css\" not found","timestamp":"2019-01-23T08:05:22.271Z"}
{"level":"info","message":"GET /pages/common.css 1 2019-01-23T08:05:22.272Z","timestamp":"2019-01-23T08:05:22.272Z"}
{"level":"error","message":"resource \"GET:/pages/common.css\" not found","timestamp":"2019-01-23T08:05:24.792Z"}
{"level":"info","message":"GET /pages/common.css 1 2019-01-23T08:05:24.793Z","timestamp":"2019-01-23T08:05:24.793Z"}
{"level":"error","message":"resource \"GET:/pages/common.css\" not found","timestamp":"2019-01-23T08:05:26.649Z"}
{"level":"info","message":"GET /pages/common.css 1 2019-01-23T08:05:26.650Z","timestamp":"2019-01-23T08:05:26.650Z"}
{"level":"error","message":"resource \"GET:/pages/common.css\" not found","timestamp":"2019-01-23T08:05:39.181Z"}
{"level":"info","message":"GET /pages/common.css 1 2019-01-23T08:05:39.181Z","timestamp":"2019-01-23T08:05:39.181Z"}
{"level":"error","message":"resource \"GET:/pages/\" not found","timestamp":"2019-01-23T08:05:44.207Z"}
{"level":"info","message":"GET /pages/ 1 2019-01-23T08:05:44.207Z","timestamp":"2019-01-23T08:05:44.207Z"}
{"level":"error","message":"resource \"GET:/common.css\" not found","timestamp":"2019-01-23T08:05:55.570Z"}
{"level":"info","message":"GET /common.css 1 2019-01-23T08:05:55.571Z","timestamp":"2019-01-23T08:05:55.571Z"}
{"level":"error","message":"resource \"GET:/resto/brand/shop/detail\" not found","timestamp":"2019-01-23T08:29:38.665Z"}
{"level":"info","message":"GET /resto/brand/shop/detail 3 2019-01-23T08:29:38.667Z","timestamp":"2019-01-23T08:29:38.667Z"}
{"level":"error","message":"resource \"GET:/resto/brand/shop/detail\" not found","timestamp":"2019-01-23T08:29:49.238Z"}
{"level":"info","message":"GET /resto/brand/shop/detail 0 2019-01-23T08:29:49.238Z","timestamp":"2019-01-23T08:29:49.239Z"}
{"message":"read ETIMEDOUT","name":"MongoNetworkError","stack":"Error: read ETIMEDOUT\n    at _errnoException (util.js:1022:11)\n    at TCP.onread (net.js:615:25)","errorLabels":["TransientTransactionError"],"level":"error","timestamp":"2019-01-23T09:10:34.910Z"}
{"level":"error","message":"Error: read ETIMEDOUT\n    at _errnoException (util.js:1022:11)\n    at TCP.onread (net.js:615:25)","timestamp":"2019-01-23T09:10:52.994Z"}
{"level":"info","message":"GET /system/info 36074 2019-01-23T09:10:52.995Z","timestamp":"2019-01-23T09:10:52.996Z"}
{"level":"info","message":"POST /admin/login 276 2019-01-23T09:11:40.985Z","timestamp":"2019-01-23T09:11:40.985Z"}
{"level":"info","message":"GET /system/info 300 2019-01-23T09:11:41.342Z","timestamp":"2019-01-23T09:11:41.342Z"}
{"level":"error","message":"resource \"GET:/js/vue-count-to.min.js.map\" not found","timestamp":"2019-01-23T09:11:41.553Z"}
{"level":"info","message":"GET /js/vue-count-to.min.js.map 1 2019-01-23T09:11:41.553Z","timestamp":"2019-01-23T09:11:41.553Z"}
{"level":"error","message":"ServiceUnavailableError: Response timeout\n    at IncomingMessage.<anonymous> (/Users/chintec/Documents/node/pos-admin/node_modules/connect-timeout/index.js:84:8)\n    at emitOne (events.js:116:13)\n    at IncomingMessage.emit (events.js:211:7)\n    at Timeout._onTimeout (/Users/chintec/Documents/node/pos-admin/node_modules/connect-timeout/index.js:49:11)\n    at ontimeout (timers.js:475:11)\n    at tryOnTimeout (timers.js:310:5)\n    at Timer.listOnTimeout (timers.js:270:5)","timestamp":"2019-01-23T09:55:18.318Z"}
{"level":"error","message":"ServiceUnavailableError: Response timeout\n    at IncomingMessage.<anonymous> (/Users/chintec/Documents/node/pos-admin/node_modules/connect-timeout/index.js:84:8)\n    at emitOne (events.js:116:13)\n    at IncomingMessage.emit (events.js:211:7)\n    at Timeout._onTimeout (/Users/chintec/Documents/node/pos-admin/node_modules/connect-timeout/index.js:49:11)\n    at ontimeout (timers.js:475:11)\n    at tryOnTimeout (timers.js:310:5)\n    at Timer.listOnTimeout (timers.js:270:5)","timestamp":"2019-01-23T09:56:27.299Z"}
{"level":"error","message":"resource \"GET:/d2ff7f0ceaa69dc161dd.hot-update.json\" not found","timestamp":"2019-01-23T09:56:47.611Z"}
{"level":"info","message":"GET /d2ff7f0ceaa69dc161dd.hot-update.json 3 2019-01-23T09:56:47.613Z","timestamp":"2019-01-23T09:56:47.615Z"}
{"level":"error","message":"ServiceUnavailableError: Response timeout\n    at IncomingMessage.<anonymous> (/Users/chintec/Documents/node/pos-admin/node_modules/connect-timeout/index.js:84:8)\n    at emitOne (events.js:116:13)\n    at IncomingMessage.emit (events.js:211:7)\n    at Timeout._onTimeout (/Users/chintec/Documents/node/pos-admin/node_modules/connect-timeout/index.js:49:11)\n    at ontimeout (timers.js:475:11)\n    at tryOnTimeout (timers.js:310:5)\n    at Timer.listOnTimeout (timers.js:270:5)","timestamp":"2019-01-23T10:00:53.718Z"}
{"level":"error","message":"ServiceUnavailableError: Response timeout\n    at IncomingMessage.<anonymous> (/Users/chintec/Documents/node/pos-admin/node_modules/connect-timeout/index.js:84:8)\n    at emitOne (events.js:116:13)\n    at IncomingMessage.emit (events.js:211:7)\n    at Timeout._onTimeout (/Users/chintec/Documents/node/pos-admin/node_modules/connect-timeout/index.js:49:11)\n    at ontimeout (timers.js:475:11)\n    at tryOnTimeout (timers.js:310:5)\n    at Timer.listOnTimeout (timers.js:270:5)","timestamp":"2019-01-23T10:02:48.875Z"}
