{"level":"info","message":"GET /system/info 556 2019-02-20T02:07:16.079Z","timestamp":"2019-02-20T02:07:16.083Z"}
{"level":"error","message":"resource \"GET:/3d695b343461df1f6a5e.hot-update.json\" not found","timestamp":"2019-02-20T02:10:13.001Z"}
{"level":"info","message":"GET /3d695b343461df1f6a5e.hot-update.json 7 2019-02-20T02:10:13.004Z","timestamp":"2019-02-20T02:10:13.005Z"}
{"level":"error","message":"resource \"GET:/js/vue-count-to.min.js.map\" not found","timestamp":"2019-02-20T02:11:18.964Z"}
{"level":"info","message":"GET /js/vue-count-to.min.js.map 1 2019-02-20T02:11:18.965Z","timestamp":"2019-02-20T02:11:18.966Z"}
{"level":"info","message":"GET /system/info 558 2019-02-20T02:17:19.537Z","timestamp":"2019-02-20T02:17:19.541Z"}
{"level":"info","message":"GET /system/info 650 2019-02-20T02:17:28.433Z","timestamp":"2019-02-20T02:17:28.434Z"}
{"level":"info","message":"GET /system/info 341 2019-02-20T02:17:33.219Z","timestamp":"2019-02-20T02:17:33.219Z"}
{"level":"info","message":"GET /system/info 436 2019-02-20T02:17:33.652Z","timestamp":"2019-02-20T02:17:33.652Z"}
{"level":"error","message":"resource \"GET:/js/vue-count-to.min.js.map\" not found","timestamp":"2019-02-20T02:17:33.893Z"}
{"level":"info","message":"GET /js/vue-count-to.min.js.map 4 2019-02-20T02:17:33.893Z","timestamp":"2019-02-20T02:17:33.894Z"}
{"level":"error","message":"ServiceUnavailableError: Response timeout\n    at IncomingMessage.<anonymous> (/Users/chintec/Documents/node/pos-admin/node_modules/connect-timeout/index.js:84:8)\n    at emitOne (events.js:116:13)\n    at IncomingMessage.emit (events.js:211:7)\n    at Timeout._onTimeout (/Users/chintec/Documents/node/pos-admin/node_modules/connect-timeout/index.js:49:11)\n    at ontimeout (timers.js:475:11)\n    at tryOnTimeout (timers.js:310:5)\n    at Timer.listOnTimeout (timers.js:270:5)","timestamp":"2019-02-20T02:20:58.851Z"}
{"level":"error","message":"resource \"GET:/2ebf15b0c9aa0e343ddb.hot-update.json\" not found","timestamp":"2019-02-20T02:21:18.953Z"}
{"level":"info","message":"GET /2ebf15b0c9aa0e343ddb.hot-update.json 2 2019-02-20T02:21:18.954Z","timestamp":"2019-02-20T02:21:18.954Z"}
{"level":"info","message":"GET /system/info 505 2019-02-20T02:23:20.970Z","timestamp":"2019-02-20T02:23:20.974Z"}
{"level":"error","message":"resource \"GET:/js/vue-count-to.min.js.map\" not found","timestamp":"2019-02-20T02:23:21.179Z"}
{"level":"info","message":"GET /js/vue-count-to.min.js.map 6 2019-02-20T02:23:21.181Z","timestamp":"2019-02-20T02:23:21.182Z"}
{"level":"error","message":"resource \"GET:/8f35d55951b9b9ac9dc6.hot-update.json\" not found","timestamp":"2019-02-20T02:27:40.590Z"}
{"level":"info","message":"GET /8f35d55951b9b9ac9dc6.hot-update.json 8 2019-02-20T02:27:40.594Z","timestamp":"2019-02-20T02:27:40.596Z"}
{"level":"info","message":"GET /system/info 401 2019-02-20T02:28:00.431Z","timestamp":"2019-02-20T02:28:00.431Z"}
{"level":"error","message":"resource \"GET:/js/vue-count-to.min.js.map\" not found","timestamp":"2019-02-20T02:28:00.636Z"}
{"level":"info","message":"GET /js/vue-count-to.min.js.map 2 2019-02-20T02:28:00.637Z","timestamp":"2019-02-20T02:28:00.637Z"}
{"level":"info","message":"GET /system/info 521 2019-02-20T02:29:19.408Z","timestamp":"2019-02-20T02:29:19.408Z"}
{"level":"error","message":"resource \"GET:/js/vue-count-to.min.js.map\" not found","timestamp":"2019-02-20T02:29:19.635Z"}
{"level":"info","message":"GET /js/vue-count-to.min.js.map 1 2019-02-20T02:29:19.636Z","timestamp":"2019-02-20T02:29:19.637Z"}
{"level":"info","message":"GET /system/info 507 2019-02-20T02:29:55.032Z","timestamp":"2019-02-20T02:29:55.032Z"}
{"level":"error","message":"resource \"GET:/js/vue-count-to.min.js.map\" not found","timestamp":"2019-02-20T02:29:55.205Z"}
{"level":"info","message":"GET /js/vue-count-to.min.js.map 1 2019-02-20T02:29:55.206Z","timestamp":"2019-02-20T02:29:55.206Z"}
{"level":"error","message":"resource \"GET:/b733df9f6ed27351dcaa.hot-update.json\" not found","timestamp":"2019-02-20T02:31:56.364Z"}
{"level":"info","message":"GET /b733df9f6ed27351dcaa.hot-update.json 6 2019-02-20T02:31:56.366Z","timestamp":"2019-02-20T02:31:56.368Z"}
{"level":"info","message":"GET /system/info 501 2019-02-20T02:37:32.960Z","timestamp":"2019-02-20T02:37:32.964Z"}
{"level":"error","message":"resource \"GET:/js/vue-count-to.min.js.map\" not found","timestamp":"2019-02-20T02:37:33.154Z"}
{"level":"info","message":"GET /js/vue-count-to.min.js.map 4 2019-02-20T02:37:33.155Z","timestamp":"2019-02-20T02:37:33.155Z"}
{"level":"info","message":"GET /system/info 512 2019-02-20T02:38:14.081Z","timestamp":"2019-02-20T02:38:14.081Z"}
{"level":"error","message":"resource \"GET:/js/vue-count-to.min.js.map\" not found","timestamp":"2019-02-20T02:38:14.288Z"}
{"level":"info","message":"GET /js/vue-count-to.min.js.map 1 2019-02-20T02:38:14.288Z","timestamp":"2019-02-20T02:38:14.289Z"}
{"level":"info","message":"GET /system/info 467 2019-02-20T02:38:54.860Z","timestamp":"2019-02-20T02:38:54.861Z"}
{"level":"error","message":"resource \"GET:/js/vue-count-to.min.js.map\" not found","timestamp":"2019-02-20T02:38:55.117Z"}
{"level":"info","message":"GET /js/vue-count-to.min.js.map 1 2019-02-20T02:38:55.118Z","timestamp":"2019-02-20T02:38:55.118Z"}
{"level":"info","message":"GET /system/info 487 2019-02-20T02:40:24.996Z","timestamp":"2019-02-20T02:40:24.997Z"}
{"level":"error","message":"resource \"GET:/js/vue-count-to.min.js.map\" not found","timestamp":"2019-02-20T02:40:25.195Z"}
{"level":"info","message":"GET /js/vue-count-to.min.js.map 3 2019-02-20T02:40:25.196Z","timestamp":"2019-02-20T02:40:25.203Z"}
{"level":"info","message":"GET /system/info 464 2019-02-20T02:42:27.684Z","timestamp":"2019-02-20T02:42:27.685Z"}
{"level":"error","message":"resource \"GET:/js/vue-count-to.min.js.map\" not found","timestamp":"2019-02-20T02:42:27.873Z"}
{"level":"info","message":"GET /js/vue-count-to.min.js.map 1 2019-02-20T02:42:27.873Z","timestamp":"2019-02-20T02:42:27.873Z"}
{"level":"info","message":"GET /newpos/pos/charts/day/business/statistics 72 2019-02-20T02:44:01.232Z","timestamp":"2019-02-20T02:44:01.232Z"}
{"level":"info","message":"GET /resto/brand/shop/detail/list 774 2019-02-20T02:44:11.843Z","timestamp":"2019-02-20T02:44:11.843Z"}
{"level":"info","message":"GET /resto/brand/shop/detail/list 34 2019-02-20T02:44:17.761Z","timestamp":"2019-02-20T02:44:17.761Z"}
{"level":"info","message":"GET /resto/brand/shop/detail/list 165 2019-02-20T02:44:18.709Z","timestamp":"2019-02-20T02:44:18.710Z"}
{"level":"info","message":"GET /resto/brand/shop/detail/list 38 2019-02-20T02:44:26.459Z","timestamp":"2019-02-20T02:44:26.460Z"}
{"level":"info","message":"GET /resto/brand/shop/detail/list 155 2019-02-20T02:44:27.890Z","timestamp":"2019-02-20T02:44:27.890Z"}
{"level":"info","message":"GET /resto/brand/shop/detail/list 172 2019-02-20T02:44:35.189Z","timestamp":"2019-02-20T02:44:35.189Z"}
{"level":"info","message":"DELETE /admin/logout 9 2019-02-20T02:44:50.101Z","timestamp":"2019-02-20T02:44:50.101Z"}
{"level":"info","message":"POST /admin/login 25 2019-02-20T02:45:01.122Z","timestamp":"2019-02-20T02:45:01.122Z"}
{"level":"info","message":"GET /system/info 48 2019-02-20T02:45:01.197Z","timestamp":"2019-02-20T02:45:01.197Z"}
{"level":"error","message":"resource \"GET:/js/vue-count-to.min.js.map\" not found","timestamp":"2019-02-20T02:45:01.405Z"}
{"level":"info","message":"GET /js/vue-count-to.min.js.map 1 2019-02-20T02:45:01.406Z","timestamp":"2019-02-20T02:45:01.406Z"}
{"level":"info","message":"GET /system/total 23 2019-02-20T02:45:01.501Z","timestamp":"2019-02-20T02:45:01.501Z"}
{"level":"info","message":"GET /resto/brand/shop/detail/list 186 2019-02-20T02:45:06.874Z","timestamp":"2019-02-20T02:45:06.874Z"}
{"level":"info","message":"GET /resto/brand/shop/all 110 2019-02-20T02:46:16.625Z","timestamp":"2019-02-20T02:46:16.625Z"}
{"level":"info","message":"GET /resto/brand/shop/order/abnormal/list 94 2019-02-20T02:46:16.799Z","timestamp":"2019-02-20T02:46:16.799Z"}
{"level":"info","message":"GET /resto/brand/shop/order/abnormal/list 122 2019-02-20T02:46:34.161Z","timestamp":"2019-02-20T02:46:34.164Z"}
{"level":"info","message":"GET /resto/brand/shop/order/abnormal/list 88 2019-02-20T02:46:38.305Z","timestamp":"2019-02-20T02:46:38.305Z"}
{"level":"info","message":"GET /resto/brand/shop/detail/list 186 2019-02-20T02:47:02.899Z","timestamp":"2019-02-20T02:47:02.899Z"}
{"level":"info","message":"GET /resto/brand/shop/all 124 2019-02-20T02:47:33.681Z","timestamp":"2019-02-20T02:47:33.681Z"}
{"level":"error","message":"SequelizeDatabaseError: Unknown column 'order_remark_ids' in 'field list'\n    at Query.formatError (/Users/chintec/Documents/node/pos-admin/public/node_modules/sequelize/lib/dialects/mysql/query.js:247:16)\n    at Query.handler [as onResult] (/Users/chintec/Documents/node/pos-admin/public/node_modules/sequelize/lib/dialects/mysql/query.js:68:23)\n    at Query.Command.execute (/Users/chintec/Documents/node/pos-admin/public/node_modules/mysql2/lib/commands/command.js:30:12)\n    at Connection.handlePacket (/Users/chintec/Documents/node/pos-admin/public/node_modules/mysql2/lib/connection.js:513:28)\n    at PacketParser.onPacket (/Users/chintec/Documents/node/pos-admin/public/node_modules/mysql2/lib/connection.js:81:16)\n    at PacketParser.executeStart (/Users/chintec/Documents/node/pos-admin/public/node_modules/mysql2/lib/packet_parser.js:76:14)\n    at Socket.<anonymous> (/Users/chintec/Documents/node/pos-admin/public/node_modules/mysql2/lib/connection.js:89:29)\n    at emitOne (events.js:116:13)\n    at Socket.emit (events.js:211:7)\n    at addChunk (_stream_readable.js:263:12)\n    at readableAddChunk (_stream_readable.js:250:11)\n    at Socket.Readable.push (_stream_readable.js:208:10)\n    at TCP.onread (net.js:594:20)","timestamp":"2019-02-20T02:47:33.901Z"}
{"level":"info","message":"GET /resto/brand/shop/order/list 149 2019-02-20T02:47:33.901Z","timestamp":"2019-02-20T02:47:33.902Z"}
{"level":"info","message":"GET /resto/brand/shop/order/list 184 2019-02-20T02:47:39.856Z","timestamp":"2019-02-20T02:47:39.856Z"}
{"level":"info","message":"GET /resto/brand/shop/order/list 117 2019-02-20T02:47:44.768Z","timestamp":"2019-02-20T02:47:44.768Z"}
{"level":"info","message":"GET /resto/brand/shop/detail/list 196 2019-02-20T02:48:20.389Z","timestamp":"2019-02-20T02:48:20.389Z"}
{"level":"info","message":"GET /resto/brand/shop/all 142 2019-02-20T02:48:29.538Z","timestamp":"2019-02-20T02:48:29.539Z"}
{"level":"error","message":"SequelizeDatabaseError: Unknown column 'order_remark_ids' in 'field list'\n    at Query.formatError (/Users/chintec/Documents/node/pos-admin/public/node_modules/sequelize/lib/dialects/mysql/query.js:247:16)\n    at Query.handler [as onResult] (/Users/chintec/Documents/node/pos-admin/public/node_modules/sequelize/lib/dialects/mysql/query.js:68:23)\n    at Query.Command.execute (/Users/chintec/Documents/node/pos-admin/public/node_modules/mysql2/lib/commands/command.js:30:12)\n    at Connection.handlePacket (/Users/chintec/Documents/node/pos-admin/public/node_modules/mysql2/lib/connection.js:513:28)\n    at PacketParser.onPacket (/Users/chintec/Documents/node/pos-admin/public/node_modules/mysql2/lib/connection.js:81:16)\n    at PacketParser.executeStart (/Users/chintec/Documents/node/pos-admin/public/node_modules/mysql2/lib/packet_parser.js:76:14)\n    at Socket.<anonymous> (/Users/chintec/Documents/node/pos-admin/public/node_modules/mysql2/lib/connection.js:89:29)\n    at emitOne (events.js:116:13)\n    at Socket.emit (events.js:211:7)\n    at addChunk (_stream_readable.js:263:12)\n    at readableAddChunk (_stream_readable.js:250:11)\n    at Socket.Readable.push (_stream_readable.js:208:10)\n    at TCP.onread (net.js:594:20)","timestamp":"2019-02-20T02:48:29.712Z"}
{"level":"info","message":"GET /resto/brand/shop/order/list 151 2019-02-20T02:48:29.715Z","timestamp":"2019-02-20T02:48:29.715Z"}
{"level":"info","message":"GET /resto/brand/shop/all 123 2019-02-20T02:48:43.108Z","timestamp":"2019-02-20T02:48:43.108Z"}
{"level":"info","message":"GET /resto/brand/shop/order/abnormal/list 95 2019-02-20T02:48:43.230Z","timestamp":"2019-02-20T02:48:43.231Z"}
{"level":"info","message":"GET /resto/brand/shop/detail/list 174 2019-02-20T02:49:01.750Z","timestamp":"2019-02-20T02:49:01.750Z"}
{"level":"info","message":"GET /resto/brand/shop/detail/list 123 2019-02-20T02:49:06.593Z","timestamp":"2019-02-20T02:49:06.593Z"}
{"level":"info","message":"GET /resto/brand/shop/all 89 2019-02-20T02:49:10.973Z","timestamp":"2019-02-20T02:49:10.973Z"}
{"level":"info","message":"GET /resto/brand/shop/order/abnormal/list 90 2019-02-20T02:49:11.089Z","timestamp":"2019-02-20T02:49:11.090Z"}
{"level":"info","message":"GET /newpos/pos/charts/day/business/statistics 22 2019-02-20T02:49:21.665Z","timestamp":"2019-02-20T02:49:21.666Z"}
{"level":"info","message":"GET /resto/brand/shop/all 129 2019-02-20T02:51:52.283Z","timestamp":"2019-02-20T02:51:52.283Z"}
{"level":"info","message":"GET /resto/brand/shop/order/abnormal/list 97 2019-02-20T02:51:52.406Z","timestamp":"2019-02-20T02:51:52.406Z"}
{"level":"info","message":"GET /resto/brand/shop/order/abnormal/list 87 2019-02-20T02:51:53.393Z","timestamp":"2019-02-20T02:51:53.393Z"}
{"level":"info","message":"GET /resto/brand/shop/order/abnormal/list 95 2019-02-20T02:51:57.522Z","timestamp":"2019-02-20T02:51:57.522Z"}
{"level":"info","message":"GET /resto/brand/shop/order/abnormal/list 95 2019-02-20T02:52:04.920Z","timestamp":"2019-02-20T02:52:04.920Z"}
{"level":"info","message":"GET /resto/brand/shop/detail/list 205 2019-02-20T02:52:33.077Z","timestamp":"2019-02-20T02:52:33.077Z"}
{"level":"info","message":"GET /resto/brand/shop/all 100 2019-02-20T02:52:37.593Z","timestamp":"2019-02-20T02:52:37.593Z"}
{"level":"info","message":"GET /resto/brand/shop/order/abnormal/list 82 2019-02-20T02:52:37.701Z","timestamp":"2019-02-20T02:52:37.702Z"}
{"level":"info","message":"GET /resto/brand/shop/order/abnormal/list 92 2019-02-20T02:52:38.708Z","timestamp":"2019-02-20T02:52:38.708Z"}
{"level":"info","message":"GET /newpos/pos/charts/day/business/statistics 17 2019-02-20T02:52:40.860Z","timestamp":"2019-02-20T02:52:40.861Z"}
{"level":"info","message":"GET /resto/brand/shop/detail/list 174 2019-02-20T02:52:41.671Z","timestamp":"2019-02-20T02:52:41.672Z"}
{"level":"info","message":"GET /newpos/pos/charts/day/business/statistics 20 2019-02-20T03:00:10.385Z","timestamp":"2019-02-20T03:00:10.385Z"}
{"level":"info","message":"GET /newpos/pos/charts/day/business/statistics 22 2019-02-20T03:00:15.086Z","timestamp":"2019-02-20T03:00:15.086Z"}
{"level":"error","message":"ServiceUnavailableError: Response timeout\n    at IncomingMessage.<anonymous> (/Users/chintec/Documents/node/pos-admin/node_modules/connect-timeout/index.js:84:8)\n    at emitOne (events.js:116:13)\n    at IncomingMessage.emit (events.js:211:7)\n    at Timeout._onTimeout (/Users/chintec/Documents/node/pos-admin/node_modules/connect-timeout/index.js:49:11)\n    at ontimeout (timers.js:475:11)\n    at tryOnTimeout (timers.js:310:5)\n    at Timer.listOnTimeout (timers.js:270:5)","timestamp":"2019-02-20T06:07:54.785Z"}
{"level":"error","message":"resource \"GET:/9cb569ef2733f5a3d316.hot-update.json\" not found","timestamp":"2019-02-20T06:08:14.919Z"}
{"level":"info","message":"GET /9cb569ef2733f5a3d316.hot-update.json 2 2019-02-20T06:08:14.920Z","timestamp":"2019-02-20T06:08:14.921Z"}
{"level":"info","message":"GET /system/info 209 2019-02-20T06:09:18.469Z","timestamp":"2019-02-20T06:09:18.469Z"}
{"level":"info","message":"POST /admin/login 24 2019-02-20T06:10:00.528Z","timestamp":"2019-02-20T06:10:00.528Z"}
{"level":"info","message":"GET /system/info 40 2019-02-20T06:10:00.594Z","timestamp":"2019-02-20T06:10:00.595Z"}
{"level":"info","message":"POST /admin/login 11 2019-02-20T06:10:14.470Z","timestamp":"2019-02-20T06:10:14.470Z"}
{"level":"info","message":"GET /system/info 35 2019-02-20T06:10:14.534Z","timestamp":"2019-02-20T06:10:14.534Z"}
{"level":"error","message":"resource \"GET:/js/vue-count-to.min.js.map\" not found","timestamp":"2019-02-20T06:10:14.754Z"}
{"level":"info","message":"GET /js/vue-count-to.min.js.map 1 2019-02-20T06:10:14.754Z","timestamp":"2019-02-20T06:10:14.755Z"}
{"level":"info","message":"GET /system/total 24 2019-02-20T06:10:14.827Z","timestamp":"2019-02-20T06:10:14.827Z"}
{"level":"info","message":"GET /system/info 185 2019-02-20T06:10:35.688Z","timestamp":"2019-02-20T06:10:35.688Z"}
{"level":"error","message":"resource \"GET:/js/vue-count-to.min.js.map\" not found","timestamp":"2019-02-20T06:10:35.931Z"}
{"level":"info","message":"GET /js/vue-count-to.min.js.map 1 2019-02-20T06:10:35.932Z","timestamp":"2019-02-20T06:10:35.932Z"}
{"level":"info","message":"GET /system/total 234 2019-02-20T06:10:36.220Z","timestamp":"2019-02-20T06:10:36.220Z"}
{"level":"info","message":"GET /system/total 70 2019-02-20T06:11:59.729Z","timestamp":"2019-02-20T06:11:59.730Z"}
{"level":"info","message":"GET /system/total 32 2019-02-20T06:12:03.220Z","timestamp":"2019-02-20T06:12:03.220Z"}
{"level":"info","message":"GET /system/info 201 2019-02-20T06:12:06.927Z","timestamp":"2019-02-20T06:12:06.927Z"}
{"level":"error","message":"resource \"GET:/js/vue-count-to.min.js.map\" not found","timestamp":"2019-02-20T06:12:07.154Z"}
{"level":"info","message":"GET /js/vue-count-to.min.js.map 1 2019-02-20T06:12:07.155Z","timestamp":"2019-02-20T06:12:07.155Z"}
{"level":"info","message":"GET /system/total 17 2019-02-20T06:12:07.220Z","timestamp":"2019-02-20T06:12:07.220Z"}
{"level":"info","message":"DELETE /admin/logout 8 2019-02-20T06:13:49.747Z","timestamp":"2019-02-20T06:13:49.747Z"}
{"level":"info","message":"POST /admin/login 14 2019-02-20T06:18:01.261Z","timestamp":"2019-02-20T06:18:01.261Z"}
{"level":"info","message":"GET /system/info 250 2019-02-20T06:18:01.540Z","timestamp":"2019-02-20T06:18:01.540Z"}
{"level":"error","message":"resource \"GET:/js/vue-count-to.min.js.map\" not found","timestamp":"2019-02-20T06:18:01.707Z"}
{"level":"info","message":"GET /js/vue-count-to.min.js.map 1 2019-02-20T06:18:01.707Z","timestamp":"2019-02-20T06:18:01.708Z"}
{"level":"info","message":"GET /system/total 20 2019-02-20T06:18:01.785Z","timestamp":"2019-02-20T06:18:01.785Z"}
{"level":"info","message":"GET /system/info 461 2019-02-20T06:18:32.819Z","timestamp":"2019-02-20T06:18:32.820Z"}
{"level":"error","message":"resource \"GET:/js/vue-count-to.min.js.map\" not found","timestamp":"2019-02-20T06:18:33.007Z"}
{"level":"info","message":"GET /js/vue-count-to.min.js.map 1 2019-02-20T06:18:33.008Z","timestamp":"2019-02-20T06:18:33.008Z"}
{"level":"info","message":"GET /system/total 22 2019-02-20T06:18:33.092Z","timestamp":"2019-02-20T06:18:33.092Z"}
{"level":"info","message":"GET /system/info 151 2019-02-20T06:19:29.347Z","timestamp":"2019-02-20T06:19:29.348Z"}
{"level":"error","message":"resource \"GET:/js/vue-count-to.min.js.map\" not found","timestamp":"2019-02-20T06:19:29.598Z"}
{"level":"info","message":"GET /js/vue-count-to.min.js.map 4 2019-02-20T06:19:29.601Z","timestamp":"2019-02-20T06:19:29.604Z"}
{"level":"info","message":"GET /system/total 21 2019-02-20T06:19:29.684Z","timestamp":"2019-02-20T06:19:29.684Z"}
{"level":"info","message":"GET /system/total 45 2019-02-20T06:20:18.378Z","timestamp":"2019-02-20T06:20:18.379Z"}
{"level":"info","message":"GET /system/info 252 2019-02-20T06:20:32.434Z","timestamp":"2019-02-20T06:20:32.434Z"}
{"level":"error","message":"resource \"GET:/js/vue-count-to.min.js.map\" not found","timestamp":"2019-02-20T06:20:32.709Z"}
{"level":"info","message":"GET /js/vue-count-to.min.js.map 1 2019-02-20T06:20:32.709Z","timestamp":"2019-02-20T06:20:32.710Z"}
{"level":"info","message":"GET /system/total 35 2019-02-20T06:20:32.809Z","timestamp":"2019-02-20T06:20:32.809Z"}
{"level":"info","message":"DELETE /admin/logout 8 2019-02-20T06:20:40.328Z","timestamp":"2019-02-20T06:20:40.328Z"}
{"level":"info","message":"POST /admin/login 11 2019-02-20T06:20:47.704Z","timestamp":"2019-02-20T06:20:47.704Z"}
{"level":"info","message":"GET /system/info 50 2019-02-20T06:20:47.791Z","timestamp":"2019-02-20T06:20:47.791Z"}
{"level":"error","message":"resource \"GET:/js/vue-count-to.min.js.map\" not found","timestamp":"2019-02-20T06:20:47.983Z"}
{"level":"info","message":"GET /js/vue-count-to.min.js.map 1 2019-02-20T06:20:47.983Z","timestamp":"2019-02-20T06:20:47.983Z"}
{"level":"info","message":"GET /system/total 16 2019-02-20T06:20:48.068Z","timestamp":"2019-02-20T06:20:48.068Z"}
{"level":"info","message":"GET /system/total 30 2019-02-20T06:20:58.073Z","timestamp":"2019-02-20T06:20:58.073Z"}
{"level":"info","message":"DELETE /admin/logout 12 2019-02-20T06:25:26.828Z","timestamp":"2019-02-20T06:25:26.828Z"}
{"level":"info","message":"POST /admin/login 13 2019-02-20T06:25:28.844Z","timestamp":"2019-02-20T06:25:28.844Z"}
{"level":"info","message":"GET /system/info 41 2019-02-20T06:25:28.912Z","timestamp":"2019-02-20T06:25:28.912Z"}
{"level":"error","message":"resource \"GET:/js/vue-count-to.min.js.map\" not found","timestamp":"2019-02-20T06:25:29.094Z"}
{"level":"info","message":"GET /js/vue-count-to.min.js.map 1 2019-02-20T06:25:29.094Z","timestamp":"2019-02-20T06:25:29.094Z"}
{"level":"info","message":"GET /system/total 34 2019-02-20T06:25:29.202Z","timestamp":"2019-02-20T06:25:29.203Z"}
{"level":"info","message":"GET /system/info 146 2019-02-20T06:38:16.098Z","timestamp":"2019-02-20T06:38:16.098Z"}
{"level":"error","message":"resource \"GET:/js/vue-count-to.min.js.map\" not found","timestamp":"2019-02-20T06:38:16.309Z"}
{"level":"info","message":"GET /js/vue-count-to.min.js.map 1 2019-02-20T06:38:16.310Z","timestamp":"2019-02-20T06:38:16.310Z"}
{"level":"info","message":"GET /system/total 21 2019-02-20T06:38:16.381Z","timestamp":"2019-02-20T06:38:16.381Z"}
{"level":"info","message":"GET /system/total 67 2019-02-20T06:41:11.357Z","timestamp":"2019-02-20T06:41:11.358Z"}
{"level":"info","message":"GET /system/info 133 2019-02-20T06:41:12.242Z","timestamp":"2019-02-20T06:41:12.243Z"}
{"level":"error","message":"resource \"GET:/js/vue-count-to.min.js.map\" not found","timestamp":"2019-02-20T06:41:12.451Z"}
{"level":"info","message":"GET /js/vue-count-to.min.js.map 1 2019-02-20T06:41:12.451Z","timestamp":"2019-02-20T06:41:12.451Z"}
{"level":"info","message":"GET /system/total 227 2019-02-20T06:41:12.734Z","timestamp":"2019-02-20T06:41:12.735Z"}
{"level":"info","message":"GET /system/total 8 2019-02-20T06:41:47.930Z","timestamp":"2019-02-20T06:41:47.931Z"}
{"level":"info","message":"POST /admin/login 13 2019-02-20T06:41:51.948Z","timestamp":"2019-02-20T06:41:51.949Z"}
{"level":"info","message":"GET /system/info 40 2019-02-20T06:41:52.018Z","timestamp":"2019-02-20T06:41:52.018Z"}
{"level":"error","message":"resource \"GET:/js/vue-count-to.min.js.map\" not found","timestamp":"2019-02-20T06:41:52.238Z"}
{"level":"info","message":"GET /js/vue-count-to.min.js.map 1 2019-02-20T06:41:52.239Z","timestamp":"2019-02-20T06:41:52.239Z"}
{"level":"info","message":"GET /system/total 33 2019-02-20T06:41:52.320Z","timestamp":"2019-02-20T06:41:52.321Z"}
{"level":"info","message":"GET /system/info 37 2019-02-20T06:41:57.076Z","timestamp":"2019-02-20T06:41:57.077Z"}
{"level":"error","message":"resource \"GET:/js/vue-count-to.min.js.map\" not found","timestamp":"2019-02-20T06:41:57.484Z"}
{"level":"info","message":"GET /js/vue-count-to.min.js.map 1 2019-02-20T06:41:57.485Z","timestamp":"2019-02-20T06:41:57.486Z"}
{"level":"info","message":"GET /system/total 23 2019-02-20T06:41:57.559Z","timestamp":"2019-02-20T06:41:57.560Z"}
{"level":"info","message":"GET /system/info 179 2019-02-20T06:42:04.912Z","timestamp":"2019-02-20T06:42:04.912Z"}
{"level":"info","message":"GET /system/info 48 2019-02-20T06:42:16.594Z","timestamp":"2019-02-20T06:42:16.594Z"}
{"level":"error","message":"resource \"GET:/js/vue-count-to.min.js.map\" not found","timestamp":"2019-02-20T06:42:17.027Z"}
{"level":"info","message":"GET /js/vue-count-to.min.js.map 1 2019-02-20T06:42:17.027Z","timestamp":"2019-02-20T06:42:17.028Z"}
{"level":"info","message":"GET /system/total 26 2019-02-20T06:42:17.134Z","timestamp":"2019-02-20T06:42:17.134Z"}
{"level":"info","message":"DELETE /admin/logout 13 2019-02-20T06:46:36.436Z","timestamp":"2019-02-20T06:46:36.436Z"}
{"level":"info","message":"POST /admin/login 10 2019-02-20T06:46:38.555Z","timestamp":"2019-02-20T06:46:38.555Z"}
{"level":"info","message":"GET /system/info 46 2019-02-20T06:46:38.631Z","timestamp":"2019-02-20T06:46:38.631Z"}
{"level":"error","message":"resource \"GET:/js/vue-count-to.min.js.map\" not found","timestamp":"2019-02-20T06:46:38.799Z"}
{"level":"info","message":"GET /js/vue-count-to.min.js.map 1 2019-02-20T06:46:38.800Z","timestamp":"2019-02-20T06:46:38.800Z"}
{"level":"info","message":"GET /system/total 18 2019-02-20T06:46:38.867Z","timestamp":"2019-02-20T06:46:38.867Z"}
{"level":"info","message":"GET /resto/brand/shop/detail/list 461 2019-02-20T07:06:13.439Z","timestamp":"2019-02-20T07:06:13.439Z"}
{"level":"info","message":"GET /resto/brand/shop/all 133 2019-02-20T07:16:07.686Z","timestamp":"2019-02-20T07:16:07.686Z"}
{"level":"info","message":"GET /resto/brand/customer/list 244 2019-02-20T07:16:07.964Z","timestamp":"2019-02-20T07:16:07.964Z"}
{"level":"info","message":"GET /resto/brand/customer/list 253 2019-02-20T07:16:09.105Z","timestamp":"2019-02-20T07:16:09.107Z"}
{"level":"info","message":"GET /resto/brand/shop/detail/list 188 2019-02-20T07:16:11.880Z","timestamp":"2019-02-20T07:16:11.881Z"}
{"level":"info","message":"GET /resto/brand/shop/detail/list 194 2019-02-20T07:24:14.198Z","timestamp":"2019-02-20T07:24:14.199Z"}
{"level":"info","message":"GET /system/info 154 2019-02-20T07:25:00.673Z","timestamp":"2019-02-20T07:25:00.674Z"}
{"level":"info","message":"GET /resto/brand/shop/detail/list 225 2019-02-20T07:25:01.817Z","timestamp":"2019-02-20T07:25:01.817Z"}
{"level":"info","message":"GET /system/info 43 2019-02-20T07:25:24.780Z","timestamp":"2019-02-20T07:25:24.780Z"}
{"level":"info","message":"GET /resto/brand/shop/detail/list 257 2019-02-20T07:25:25.769Z","timestamp":"2019-02-20T07:25:25.773Z"}
{"level":"info","message":"GET /system/info 48 2019-02-20T07:26:21.340Z","timestamp":"2019-02-20T07:26:21.341Z"}
{"level":"info","message":"GET /resto/brand/shop/detail/list 219 2019-02-20T07:26:22.640Z","timestamp":"2019-02-20T07:26:22.641Z"}
{"level":"info","message":"GET /system/info 46 2019-02-20T07:27:22.058Z","timestamp":"2019-02-20T07:27:22.058Z"}
{"level":"info","message":"GET /resto/brand/shop/detail/list 202 2019-02-20T07:27:23.174Z","timestamp":"2019-02-20T07:27:23.174Z"}
{"level":"info","message":"GET /system/info 40 2019-02-20T07:28:03.658Z","timestamp":"2019-02-20T07:28:03.659Z"}
{"level":"info","message":"GET /resto/brand/shop/detail/list 204 2019-02-20T07:28:05.006Z","timestamp":"2019-02-20T07:28:05.006Z"}
{"level":"info","message":"GET /system/info 46 2019-02-20T07:29:09.626Z","timestamp":"2019-02-20T07:29:09.627Z"}
{"level":"info","message":"GET /resto/brand/shop/detail/list 250 2019-02-20T07:29:10.815Z","timestamp":"2019-02-20T07:29:10.815Z"}
{"level":"info","message":"GET /system/info 55 2019-02-20T07:31:49.298Z","timestamp":"2019-02-20T07:31:49.299Z"}
{"level":"info","message":"GET /resto/brand/shop/detail/list 242 2019-02-20T07:31:50.775Z","timestamp":"2019-02-20T07:31:50.775Z"}
{"level":"info","message":"GET /resto/brand/shop/all 105 2019-02-20T07:35:09.087Z","timestamp":"2019-02-20T07:35:09.088Z"}
{"level":"info","message":"GET /resto/brand/shop/order/abnormal/list 118 2019-02-20T07:35:09.249Z","timestamp":"2019-02-20T07:35:09.250Z"}
{"level":"info","message":"GET /resto/brand/shop/order/abnormal/list 100 2019-02-20T07:35:10.215Z","timestamp":"2019-02-20T07:35:10.216Z"}
{"level":"info","message":"GET /resto/brand/shop/detail/list 167 2019-02-20T07:35:21.645Z","timestamp":"2019-02-20T07:35:21.645Z"}
{"level":"info","message":"GET /resto/brand/shop/detail/list 183 2019-02-20T07:37:32.758Z","timestamp":"2019-02-20T07:37:32.758Z"}
{"level":"info","message":"GET /resto/brand/shop/detail/list 177 2019-02-20T07:38:48.256Z","timestamp":"2019-02-20T07:38:48.257Z"}
{"level":"info","message":"GET /resto/brand/shop/detail/list 211 2019-02-20T07:39:18.666Z","timestamp":"2019-02-20T07:39:18.667Z"}
{"level":"info","message":"GET /system/info 38 2019-02-20T07:39:38.239Z","timestamp":"2019-02-20T07:39:38.239Z"}
{"level":"info","message":"GET /resto/brand/shop/detail/list 183 2019-02-20T07:39:39.126Z","timestamp":"2019-02-20T07:39:39.127Z"}
{"level":"info","message":"GET /resto/brand/shop/all 92 2019-02-20T07:39:42.419Z","timestamp":"2019-02-20T07:39:42.419Z"}
{"level":"error","message":"brand_id is null","timestamp":"2019-02-20T07:39:42.495Z"}
{"level":"info","message":"GET /resto/brand/shop/order/abnormal/list 11 2019-02-20T07:39:42.496Z","timestamp":"2019-02-20T07:39:42.496Z"}
{"level":"info","message":"GET /system/info 191 2019-02-20T07:40:21.964Z","timestamp":"2019-02-20T07:40:21.965Z"}
{"level":"info","message":"GET /resto/brand/shop/detail/list 320 2019-02-20T07:40:22.774Z","timestamp":"2019-02-20T07:40:22.774Z"}
{"level":"info","message":"GET /resto/brand/shop/all 73 2019-02-20T07:40:27.289Z","timestamp":"2019-02-20T07:40:27.290Z"}
{"level":"info","message":"GET /resto/brand/shop/order/abnormal/list 92 2019-02-20T07:40:27.424Z","timestamp":"2019-02-20T07:40:27.424Z"}
{"level":"info","message":"GET /resto/brand/shop/detail/list 214 2019-02-20T07:40:43.719Z","timestamp":"2019-02-20T07:40:43.720Z"}
{"level":"info","message":"GET /resto/brand/shop/all 2191 2019-02-20T07:45:44.400Z","timestamp":"2019-02-20T07:45:44.400Z"}
{"level":"info","message":"GET /resto/brand/shop/order/abnormal/list 93 2019-02-20T07:45:44.523Z","timestamp":"2019-02-20T07:45:44.523Z"}
{"level":"info","message":"GET /resto/brand/shop/order/abnormal/list 2135 2019-02-20T07:45:47.557Z","timestamp":"2019-02-20T07:45:47.557Z"}
{"level":"info","message":"GET /resto/brand/shop/order/abnormal/list 524 2019-02-20T07:46:16.736Z","timestamp":"2019-02-20T07:46:16.737Z"}
{"level":"info","message":"GET /resto/brand/shop/order/abnormal/list 2554 2019-02-20T07:46:18.790Z","timestamp":"2019-02-20T07:46:18.790Z"}
{"level":"info","message":"GET /resto/brand/shop/all 139 2019-02-20T07:52:57.339Z","timestamp":"2019-02-20T07:52:57.339Z"}
{"level":"info","message":"GET /resto/brand/shop/order/abnormal/list 105 2019-02-20T07:52:57.486Z","timestamp":"2019-02-20T07:52:57.486Z"}
{"level":"info","message":"GET /resto/brand/shop/order/abnormal/list 97 2019-02-20T07:52:58.507Z","timestamp":"2019-02-20T07:52:58.507Z"}
{"level":"info","message":"GET /resto/brand/shop/detail/list 222 2019-02-20T07:52:59.246Z","timestamp":"2019-02-20T07:52:59.246Z"}
{"level":"info","message":"GET /resto/brand/shop/all 99 2019-02-20T07:53:01.170Z","timestamp":"2019-02-20T07:53:01.171Z"}
{"level":"info","message":"GET /resto/brand/shop/order/abnormal/list 19 2019-02-20T07:53:01.261Z","timestamp":"2019-02-20T07:53:01.261Z"}
{"level":"info","message":"GET /system/info 279 2019-02-20T07:53:57.953Z","timestamp":"2019-02-20T07:53:57.953Z"}
{"level":"info","message":"GET /resto/brand/shop/detail/list 251 2019-02-20T07:53:58.770Z","timestamp":"2019-02-20T07:53:58.771Z"}
{"level":"info","message":"GET /resto/brand/shop/all 91 2019-02-20T07:54:01.297Z","timestamp":"2019-02-20T07:54:01.297Z"}
{"level":"info","message":"GET /resto/brand/shop/order/abnormal/list 17 2019-02-20T07:54:01.356Z","timestamp":"2019-02-20T07:54:01.356Z"}
{"level":"info","message":"GET /resto/brand/shop/all 92 2019-02-20T07:54:12.366Z","timestamp":"2019-02-20T07:54:12.366Z"}
{"level":"info","message":"GET /resto/brand/shop/order/abnormal/list 95 2019-02-20T07:54:12.496Z","timestamp":"2019-02-20T07:54:12.496Z"}
{"level":"info","message":"GET /resto/brand/shop/order/abnormal/list 84 2019-02-20T07:54:13.479Z","timestamp":"2019-02-20T07:54:13.479Z"}
{"level":"info","message":"GET /resto/brand/shop/detail/list 150 2019-02-20T07:54:16.429Z","timestamp":"2019-02-20T07:54:16.429Z"}
{"level":"info","message":"GET /resto/brand/shop/all 88 2019-02-20T07:54:22.896Z","timestamp":"2019-02-20T07:54:22.896Z"}
{"level":"info","message":"GET /resto/brand/shop/order/abnormal/list 17 2019-02-20T07:54:22.939Z","timestamp":"2019-02-20T07:54:22.939Z"}
{"level":"info","message":"GET /system/info 458 2019-02-20T07:55:14.375Z","timestamp":"2019-02-20T07:55:14.376Z"}
{"level":"info","message":"GET /resto/brand/shop/detail/list 747 2019-02-20T07:55:15.628Z","timestamp":"2019-02-20T07:55:15.628Z"}
{"level":"info","message":"GET /resto/brand/shop/all 85 2019-02-20T07:55:17.479Z","timestamp":"2019-02-20T07:55:17.480Z"}
{"level":"info","message":"GET /resto/brand/shop/order/abnormal/list 83 2019-02-20T07:55:17.593Z","timestamp":"2019-02-20T07:55:17.594Z"}
{"level":"info","message":"GET /resto/brand/shop/order/abnormal/list 382 2019-02-20T07:55:37.044Z","timestamp":"2019-02-20T07:55:37.045Z"}
{"level":"info","message":"GET /resto/brand/shop/order/abnormal/list 83 2019-02-20T07:55:54.889Z","timestamp":"2019-02-20T07:55:54.889Z"}
{"level":"info","message":"GET /resto/brand/shop/order/abnormal/list 111 2019-02-20T07:55:59.704Z","timestamp":"2019-02-20T07:55:59.704Z"}
{"level":"info","message":"GET /resto/brand/shop/order/abnormal/list 97 2019-02-20T07:56:07.404Z","timestamp":"2019-02-20T07:56:07.404Z"}
{"level":"info","message":"GET /resto/brand/shop/order/abnormal/list 102 2019-02-20T07:56:07.509Z","timestamp":"2019-02-20T07:56:07.509Z"}
{"level":"info","message":"GET /resto/brand/shop/order/abnormal/list 94 2019-02-20T07:56:11.859Z","timestamp":"2019-02-20T07:56:11.859Z"}
{"level":"info","message":"GET /resto/brand/shop/all 119 2019-02-20T07:56:23.278Z","timestamp":"2019-02-20T07:56:23.278Z"}
{"level":"info","message":"GET /resto/brand/shop/order/abnormal/list 90 2019-02-20T07:56:23.397Z","timestamp":"2019-02-20T07:56:23.397Z"}
{"level":"info","message":"GET /resto/brand/shop/order/abnormal/list 86 2019-02-20T07:56:24.390Z","timestamp":"2019-02-20T07:56:24.390Z"}
{"level":"info","message":"GET /resto/brand/shop/detail/list 144 2019-02-20T07:56:31.346Z","timestamp":"2019-02-20T07:56:31.346Z"}
{"level":"info","message":"GET /resto/brand/shop/all 87 2019-02-20T07:56:36.454Z","timestamp":"2019-02-20T07:56:36.454Z"}
{"level":"info","message":"GET /resto/brand/shop/order/abnormal/list 80 2019-02-20T07:56:36.561Z","timestamp":"2019-02-20T07:56:36.562Z"}
{"level":"info","message":"GET /resto/brand/shop/all 87 2019-02-20T07:56:39.823Z","timestamp":"2019-02-20T07:56:39.823Z"}
{"level":"info","message":"GET /resto/brand/shop/order/abnormal/list 93 2019-02-20T07:56:39.947Z","timestamp":"2019-02-20T07:56:39.948Z"}
{"level":"info","message":"GET /resto/brand/shop/detail/list 166 2019-02-20T07:56:40.949Z","timestamp":"2019-02-20T07:56:40.949Z"}
{"level":"info","message":"GET /resto/brand/shop/order/abnormal/list 95 2019-02-20T07:56:40.950Z","timestamp":"2019-02-20T07:56:40.950Z"}
{"level":"info","message":"GET /resto/brand/shop/all 155 2019-02-20T07:56:43.693Z","timestamp":"2019-02-20T07:56:43.693Z"}
{"level":"info","message":"GET /resto/brand/shop/order/abnormal/list 97 2019-02-20T07:56:43.825Z","timestamp":"2019-02-20T07:56:43.825Z"}
{"level":"error","message":"resource \"GET:/js/vue-count-to.min.js.map\" not found","timestamp":"2019-02-20T07:56:59.943Z"}
{"level":"info","message":"GET /js/vue-count-to.min.js.map 1 2019-02-20T07:56:59.943Z","timestamp":"2019-02-20T07:56:59.943Z"}
{"level":"info","message":"GET /system/total 18 2019-02-20T07:57:00.606Z","timestamp":"2019-02-20T07:57:00.606Z"}
{"level":"info","message":"GET /resto/brand/shop/detail/list 179 2019-02-20T07:57:01.953Z","timestamp":"2019-02-20T07:57:01.953Z"}
{"level":"info","message":"GET /resto/brand/shop/all 90 2019-02-20T07:57:04.754Z","timestamp":"2019-02-20T07:57:04.754Z"}
{"level":"info","message":"GET /resto/brand/shop/order/abnormal/list 92 2019-02-20T07:57:04.869Z","timestamp":"2019-02-20T07:57:04.869Z"}
{"level":"info","message":"GET /resto/brand/shop/all 194 2019-02-20T07:59:35.592Z","timestamp":"2019-02-20T07:59:35.592Z"}
{"level":"info","message":"GET /system/info 40 2019-02-20T07:59:36.147Z","timestamp":"2019-02-20T07:59:36.147Z"}
{"level":"info","message":"GET /resto/brand/shop/detail/list 439 2019-02-20T07:59:37.312Z","timestamp":"2019-02-20T07:59:37.313Z"}
{"level":"info","message":"GET /resto/brand/shop/all 95 2019-02-20T07:59:39.744Z","timestamp":"2019-02-20T07:59:39.744Z"}
{"level":"info","message":"GET /resto/brand/shop/order/abnormal/list 92 2019-02-20T07:59:39.870Z","timestamp":"2019-02-20T07:59:39.870Z"}
{"level":"info","message":"GET /resto/brand/shop/detail/list 182 2019-02-20T08:02:27.832Z","timestamp":"2019-02-20T08:02:27.832Z"}
{"level":"info","message":"GET /resto/brand/shop/detail/list 183 2019-02-20T08:03:09.790Z","timestamp":"2019-02-20T08:03:09.790Z"}
{"level":"info","message":"GET /system/info 184 2019-02-20T08:03:15.760Z","timestamp":"2019-02-20T08:03:15.761Z"}
{"level":"info","message":"GET /resto/brand/shop/detail/list 164 2019-02-20T08:03:16.488Z","timestamp":"2019-02-20T08:03:16.488Z"}
{"level":"info","message":"GET /resto/brand/shop/all 92 2019-02-20T08:03:19.963Z","timestamp":"2019-02-20T08:03:19.964Z"}
{"level":"info","message":"GET /resto/brand/shop/order/abnormal/list 389 2019-02-20T08:03:20.393Z","timestamp":"2019-02-20T08:03:20.393Z"}
{"level":"info","message":"GET /resto/brand/shop/order/abnormal/list 93 2019-02-20T08:03:23.652Z","timestamp":"2019-02-20T08:03:23.652Z"}
{"level":"info","message":"GET /resto/brand/shop/order/abnormal/list 98 2019-02-20T08:03:27.234Z","timestamp":"2019-02-20T08:03:27.234Z"}
{"level":"info","message":"GET /resto/brand/shop/order/abnormal/list 91 2019-02-20T08:03:31.757Z","timestamp":"2019-02-20T08:03:31.757Z"}
{"level":"info","message":"GET /system/info 209 2019-02-20T08:04:31.234Z","timestamp":"2019-02-20T08:04:31.235Z"}
{"level":"info","message":"GET /resto/brand/shop/detail/list 204 2019-02-20T08:04:31.954Z","timestamp":"2019-02-20T08:04:31.954Z"}
{"level":"info","message":"GET /resto/brand/shop/all 94 2019-02-20T08:04:34.530Z","timestamp":"2019-02-20T08:04:34.530Z"}
{"level":"info","message":"GET /resto/brand/shop/order/abnormal/list 94 2019-02-20T08:04:34.679Z","timestamp":"2019-02-20T08:04:34.680Z"}
{"level":"info","message":"GET /resto/brand/shop/order/abnormal/list 103 2019-02-20T08:04:40.689Z","timestamp":"2019-02-20T08:04:40.690Z"}
{"level":"info","message":"GET /resto/brand/shop/order/abnormal/list 105 2019-02-20T08:04:46.143Z","timestamp":"2019-02-20T08:04:46.143Z"}
{"level":"info","message":"GET /resto/brand/shop/order/abnormal/list 90 2019-02-20T08:04:50.403Z","timestamp":"2019-02-20T08:04:50.403Z"}
{"level":"info","message":"GET /resto/brand/shop/order/abnormal/list 76 2019-02-20T08:04:50.557Z","timestamp":"2019-02-20T08:04:50.557Z"}
{"level":"info","message":"GET /system/info 148 2019-02-20T08:05:12.887Z","timestamp":"2019-02-20T08:05:12.887Z"}
{"level":"info","message":"GET /resto/brand/shop/detail/list 213 2019-02-20T08:05:13.599Z","timestamp":"2019-02-20T08:05:13.599Z"}
{"level":"info","message":"GET /resto/brand/shop/all 86 2019-02-20T08:05:16.656Z","timestamp":"2019-02-20T08:05:16.656Z"}
{"level":"info","message":"GET /resto/brand/shop/order/abnormal/list 99 2019-02-20T08:05:16.795Z","timestamp":"2019-02-20T08:05:16.795Z"}
{"level":"info","message":"GET /resto/brand/shop/order/abnormal/list 90 2019-02-20T08:05:26.386Z","timestamp":"2019-02-20T08:05:26.387Z"}
{"level":"info","message":"GET /resto/brand/shop/order/abnormal/list 86 2019-02-20T08:05:35.781Z","timestamp":"2019-02-20T08:05:35.781Z"}
{"level":"info","message":"GET /resto/brand/shop/order/abnormal/list 108 2019-02-20T08:05:40.868Z","timestamp":"2019-02-20T08:05:40.869Z"}
{"level":"info","message":"GET /resto/brand/shop/order/abnormal/list 86 2019-02-20T08:05:44.075Z","timestamp":"2019-02-20T08:05:44.075Z"}
{"level":"info","message":"GET /resto/brand/shop/order/abnormal/list 114 2019-02-20T08:05:56.892Z","timestamp":"2019-02-20T08:05:56.892Z"}
{"level":"info","message":"GET /resto/brand/shop/order/abnormal/list 88 2019-02-20T08:06:02.177Z","timestamp":"2019-02-20T08:06:02.177Z"}
{"level":"info","message":"GET /resto/brand/shop/order/abnormal/list 89 2019-02-20T08:06:03.893Z","timestamp":"2019-02-20T08:06:03.894Z"}
{"level":"info","message":"GET /resto/brand/shop/order/abnormal/list 93 2019-02-20T08:06:08.147Z","timestamp":"2019-02-20T08:06:08.147Z"}
{"level":"info","message":"GET /resto/brand/shop/order/abnormal/list 83 2019-02-20T08:06:08.350Z","timestamp":"2019-02-20T08:06:08.350Z"}
{"level":"info","message":"GET /resto/brand/shop/order/abnormal/list 120 2019-02-20T08:06:17.072Z","timestamp":"2019-02-20T08:06:17.072Z"}
{"level":"info","message":"GET /resto/brand/shop/order/abnormal/list 96 2019-02-20T08:06:24.881Z","timestamp":"2019-02-20T08:06:24.881Z"}
{"level":"info","message":"GET /resto/brand/shop/order/abnormal/list 82 2019-02-20T08:06:27.103Z","timestamp":"2019-02-20T08:06:27.104Z"}
{"level":"info","message":"GET /resto/brand/shop/order/abnormal/list 103 2019-02-20T08:06:29.583Z","timestamp":"2019-02-20T08:06:29.584Z"}
{"level":"info","message":"GET /resto/brand/shop/order/abnormal/list 89 2019-02-20T08:06:29.991Z","timestamp":"2019-02-20T08:06:29.991Z"}
{"level":"info","message":"GET /resto/brand/shop/order/abnormal/list 90 2019-02-20T08:06:33.015Z","timestamp":"2019-02-20T08:06:33.015Z"}
{"level":"info","message":"GET /resto/brand/shop/order/abnormal/list 95 2019-02-20T08:06:35.380Z","timestamp":"2019-02-20T08:06:35.380Z"}
{"level":"info","message":"GET /system/info 209 2019-02-20T08:06:57.618Z","timestamp":"2019-02-20T08:06:57.618Z"}
{"level":"info","message":"GET /resto/brand/shop/detail/list 234 2019-02-20T08:06:58.377Z","timestamp":"2019-02-20T08:06:58.377Z"}
{"level":"info","message":"GET /resto/brand/shop/all 76 2019-02-20T08:07:01.167Z","timestamp":"2019-02-20T08:07:01.167Z"}
{"level":"info","message":"GET /resto/brand/shop/order/abnormal/list 96 2019-02-20T08:07:01.293Z","timestamp":"2019-02-20T08:07:01.293Z"}
{"level":"info","message":"GET /resto/brand/shop/order/abnormal/list 89 2019-02-20T08:07:09.525Z","timestamp":"2019-02-20T08:07:09.525Z"}
{"level":"info","message":"GET /system/info 173 2019-02-20T08:08:28.824Z","timestamp":"2019-02-20T08:08:28.824Z"}
{"level":"info","message":"GET /resto/brand/shop/detail/list 236 2019-02-20T08:08:29.595Z","timestamp":"2019-02-20T08:08:29.596Z"}
{"level":"info","message":"GET /resto/brand/shop/all 85 2019-02-20T08:08:33.599Z","timestamp":"2019-02-20T08:08:33.599Z"}
{"level":"error","message":"brand_id is null","timestamp":"2019-02-20T08:08:33.637Z"}
{"level":"info","message":"GET /resto/brand/shop/order/abnormal/list 9 2019-02-20T08:08:33.637Z","timestamp":"2019-02-20T08:08:33.637Z"}
{"level":"info","message":"GET /resto/brand/shop/all 84 2019-02-20T08:08:54.217Z","timestamp":"2019-02-20T08:08:54.217Z"}
{"level":"info","message":"GET /resto/brand/shop/order/abnormal/list 85 2019-02-20T08:08:54.362Z","timestamp":"2019-02-20T08:08:54.362Z"}
{"level":"info","message":"GET /system/info 178 2019-02-20T08:11:12.790Z","timestamp":"2019-02-20T08:11:12.791Z"}
{"level":"info","message":"GET /resto/brand/shop/detail/list 294 2019-02-20T08:11:13.628Z","timestamp":"2019-02-20T08:11:13.628Z"}
{"level":"info","message":"GET /system/info 187 2019-02-20T08:11:39.608Z","timestamp":"2019-02-20T08:11:39.609Z"}
{"level":"info","message":"GET /resto/brand/shop/detail/list 269 2019-02-20T08:11:40.352Z","timestamp":"2019-02-20T08:11:40.354Z"}
{"level":"info","message":"GET /resto/brand/shop/all 92 2019-02-20T08:11:43.444Z","timestamp":"2019-02-20T08:11:43.444Z"}
{"level":"info","message":"GET /resto/brand/shop/order/abnormal/list 90 2019-02-20T08:11:43.565Z","timestamp":"2019-02-20T08:11:43.565Z"}
{"level":"info","message":"GET /resto/brand/shop/order/abnormal/list 100 2019-02-20T08:11:44.569Z","timestamp":"2019-02-20T08:11:44.570Z"}
{"level":"info","message":"GET /resto/brand/customer/list 71 2019-02-20T08:11:56.393Z","timestamp":"2019-02-20T08:11:56.394Z"}
{"level":"info","message":"GET /constant/list 76 2019-02-20T08:11:56.403Z","timestamp":"2019-02-20T08:11:56.403Z"}
{"level":"info","message":"GET /constant/list 96 2019-02-20T08:11:56.420Z","timestamp":"2019-02-20T08:11:56.420Z"}
{"level":"info","message":"GET /constant/list 100 2019-02-20T08:11:56.429Z","timestamp":"2019-02-20T08:11:56.429Z"}
{"level":"info","message":"GET /resto/brand/customer/charge/list 64 2019-02-20T08:11:56.444Z","timestamp":"2019-02-20T08:11:56.444Z"}
{"level":"info","message":"GET /resto/brand/customer/appraise/list 54 2019-02-20T08:11:56.451Z","timestamp":"2019-02-20T08:11:56.451Z"}
{"level":"info","message":"GET /resto/brand/customer/coupon/list 25 2019-02-20T08:11:56.456Z","timestamp":"2019-02-20T08:11:56.457Z"}
{"level":"info","message":"GET /resto/brand/customer/order/list 19 2019-02-20T08:11:56.583Z","timestamp":"2019-02-20T08:11:56.583Z"}
{"level":"info","message":"GET /resto/brand/shop/all 98 2019-02-20T08:12:01.343Z","timestamp":"2019-02-20T08:12:01.344Z"}
{"level":"info","message":"GET /resto/brand/shop/order/abnormal/list 95 2019-02-20T08:12:01.466Z","timestamp":"2019-02-20T08:12:01.466Z"}
{"level":"info","message":"GET /resto/brand/shop/order/abnormal/list 92 2019-02-20T08:12:02.458Z","timestamp":"2019-02-20T08:12:02.458Z"}
{"level":"info","message":"GET /constant/list 29 2019-02-20T08:12:09.731Z","timestamp":"2019-02-20T08:12:09.731Z"}
{"level":"info","message":"GET /constant/list 29 2019-02-20T08:12:09.733Z","timestamp":"2019-02-20T08:12:09.733Z"}
{"level":"info","message":"GET /constant/list 59 2019-02-20T08:12:09.759Z","timestamp":"2019-02-20T08:12:09.759Z"}
{"level":"info","message":"GET /resto/brand/customer/list 71 2019-02-20T08:12:09.769Z","timestamp":"2019-02-20T08:12:09.769Z"}
{"level":"info","message":"GET /resto/brand/customer/charge/list 56 2019-02-20T08:12:09.771Z","timestamp":"2019-02-20T08:12:09.772Z"}
{"level":"info","message":"GET /resto/brand/customer/coupon/list 41 2019-02-20T08:12:09.778Z","timestamp":"2019-02-20T08:12:09.778Z"}
{"level":"info","message":"GET /resto/brand/customer/appraise/list 44 2019-02-20T08:12:09.779Z","timestamp":"2019-02-20T08:12:09.780Z"}
{"level":"info","message":"GET /resto/brand/customer/order/list 19 2019-02-20T08:12:09.810Z","timestamp":"2019-02-20T08:12:09.810Z"}
{"level":"info","message":"GET /resto/brand/shop/detail/list 167 2019-02-20T08:12:12.428Z","timestamp":"2019-02-20T08:12:12.428Z"}
{"level":"info","message":"GET /resto/brand/shop/detail/list 170 2019-02-20T08:12:56.538Z","timestamp":"2019-02-20T08:12:56.539Z"}
{"level":"info","message":"GET /system/info 187 2019-02-20T08:13:06.345Z","timestamp":"2019-02-20T08:13:06.346Z"}
{"level":"info","message":"GET /resto/brand/shop/detail/list 230 2019-02-20T08:13:07.122Z","timestamp":"2019-02-20T08:13:07.123Z"}
{"level":"info","message":"GET /resto/brand/shop/all 114 2019-02-20T08:13:44.748Z","timestamp":"2019-02-20T08:13:44.749Z"}
{"level":"info","message":"GET /resto/brand/shop/order/abnormal/list 90 2019-02-20T08:13:44.934Z","timestamp":"2019-02-20T08:13:44.934Z"}
{"level":"info","message":"GET /resto/brand/shop/all 95 2019-02-20T08:13:49.387Z","timestamp":"2019-02-20T08:13:49.387Z"}
{"level":"info","message":"GET /resto/brand/shop/order/abnormal/list 88 2019-02-20T08:13:49.536Z","timestamp":"2019-02-20T08:13:49.536Z"}
{"level":"info","message":"GET /resto/brand/shop/all 120 2019-02-20T08:14:02.742Z","timestamp":"2019-02-20T08:14:02.742Z"}
{"level":"info","message":"GET /resto/brand/shop/order/abnormal/list 89 2019-02-20T08:14:02.916Z","timestamp":"2019-02-20T08:14:02.916Z"}
{"level":"info","message":"GET /system/info 142 2019-02-20T08:16:12.176Z","timestamp":"2019-02-20T08:16:12.176Z"}
{"level":"info","message":"GET /resto/brand/shop/detail/list 207 2019-02-20T08:16:12.888Z","timestamp":"2019-02-20T08:16:12.888Z"}
{"level":"info","message":"GET /resto/brand/shop/all 80 2019-02-20T08:16:20.325Z","timestamp":"2019-02-20T08:16:20.325Z"}
{"level":"info","message":"GET /resto/brand/shop/order/abnormal/list 95 2019-02-20T08:16:20.522Z","timestamp":"2019-02-20T08:16:20.522Z"}
{"level":"info","message":"GET /resto/brand/shop/order/abnormal/list 85 2019-02-20T08:16:21.503Z","timestamp":"2019-02-20T08:16:21.504Z"}
{"level":"info","message":"GET /resto/brand/shop/all 79 2019-02-20T08:16:25.064Z","timestamp":"2019-02-20T08:16:25.065Z"}
{"level":"info","message":"GET /resto/brand/shop/order/abnormal/list 86 2019-02-20T08:16:25.213Z","timestamp":"2019-02-20T08:16:25.213Z"}
{"level":"info","message":"GET /resto/brand/shop/order/abnormal/list 77 2019-02-20T08:16:26.204Z","timestamp":"2019-02-20T08:16:26.205Z"}
{"level":"info","message":"GET /system/info 146 2019-02-20T08:16:57.904Z","timestamp":"2019-02-20T08:16:57.904Z"}
{"level":"info","message":"GET /resto/brand/shop/detail/list 243 2019-02-20T08:16:58.650Z","timestamp":"2019-02-20T08:16:58.650Z"}
{"level":"info","message":"GET /resto/brand/shop/all 75 2019-02-20T08:17:01.420Z","timestamp":"2019-02-20T08:17:01.421Z"}
{"level":"info","message":"GET /resto/brand/shop/order/abnormal/list 89 2019-02-20T08:17:01.541Z","timestamp":"2019-02-20T08:17:01.541Z"}
{"level":"info","message":"GET /resto/brand/shop/order/abnormal/list 89 2019-02-20T08:17:02.538Z","timestamp":"2019-02-20T08:17:02.538Z"}
{"level":"info","message":"GET /resto/brand/shop/all 79 2019-02-20T08:17:05.418Z","timestamp":"2019-02-20T08:17:05.418Z"}
{"level":"info","message":"GET /resto/brand/shop/order/abnormal/list 90 2019-02-20T08:17:05.541Z","timestamp":"2019-02-20T08:17:05.541Z"}
{"level":"info","message":"GET /resto/brand/shop/order/abnormal/list 81 2019-02-20T08:17:06.536Z","timestamp":"2019-02-20T08:17:06.537Z"}
{"level":"info","message":"GET /resto/brand/shop/all 75 2019-02-20T08:17:12.514Z","timestamp":"2019-02-20T08:17:12.514Z"}
{"level":"info","message":"GET /resto/brand/shop/order/abnormal/list 92 2019-02-20T08:17:12.626Z","timestamp":"2019-02-20T08:17:12.626Z"}
{"level":"info","message":"GET /resto/brand/shop/order/abnormal/list 93 2019-02-20T08:17:13.629Z","timestamp":"2019-02-20T08:17:13.629Z"}
{"level":"info","message":"GET /system/info 44 2019-02-20T08:18:44.888Z","timestamp":"2019-02-20T08:18:44.888Z"}
{"level":"info","message":"GET /resto/brand/shop/detail/list 287 2019-02-20T08:18:45.875Z","timestamp":"2019-02-20T08:18:45.876Z"}
{"level":"info","message":"GET /resto/brand/shop/all 79 2019-02-20T08:18:51.076Z","timestamp":"2019-02-20T08:18:51.076Z"}
{"level":"info","message":"GET /resto/brand/shop/order/abnormal/list 94 2019-02-20T08:18:51.205Z","timestamp":"2019-02-20T08:18:51.206Z"}
{"level":"info","message":"GET /resto/brand/shop/order/abnormal/list 207 2019-02-20T08:18:52.311Z","timestamp":"2019-02-20T08:18:52.311Z"}
{"level":"info","message":"GET /resto/brand/shop/all 106 2019-02-20T08:19:18.745Z","timestamp":"2019-02-20T08:19:18.745Z"}
{"level":"info","message":"GET /resto/brand/shop/order/abnormal/list 163 2019-02-20T08:19:18.944Z","timestamp":"2019-02-20T08:19:18.944Z"}
{"level":"info","message":"GET /resto/brand/shop/order/abnormal/list 677 2019-02-20T08:19:20.445Z","timestamp":"2019-02-20T08:19:20.445Z"}
{"level":"info","message":"GET /system/info 230 2019-02-20T08:21:25.370Z","timestamp":"2019-02-20T08:21:25.371Z"}
{"level":"info","message":"GET /resto/brand/shop/detail/list 263 2019-02-20T08:21:26.150Z","timestamp":"2019-02-20T08:21:26.152Z"}
{"level":"info","message":"GET /resto/brand/shop/all 80 2019-02-20T08:21:31.320Z","timestamp":"2019-02-20T08:21:31.321Z"}
{"level":"info","message":"GET /resto/brand/shop/order/abnormal/list 85 2019-02-20T08:21:31.485Z","timestamp":"2019-02-20T08:21:31.486Z"}
{"level":"info","message":"GET /resto/brand/shop/order/abnormal/list 90 2019-02-20T08:21:32.433Z","timestamp":"2019-02-20T08:21:32.433Z"}
{"level":"info","message":"GET /resto/brand/shop/all 119 2019-02-20T08:21:50.008Z","timestamp":"2019-02-20T08:21:50.008Z"}
{"level":"info","message":"GET /resto/brand/shop/order/abnormal/list 90 2019-02-20T08:21:50.127Z","timestamp":"2019-02-20T08:21:50.127Z"}
{"level":"info","message":"GET /resto/brand/shop/order/abnormal/list 84 2019-02-20T08:21:51.115Z","timestamp":"2019-02-20T08:21:51.115Z"}
{"level":"error","message":"ServiceUnavailableError: Response timeout\n    at IncomingMessage.<anonymous> (/Users/chintec/Documents/node/pos-admin/node_modules/connect-timeout/index.js:84:8)\n    at emitOne (events.js:116:13)\n    at IncomingMessage.emit (events.js:211:7)\n    at Timeout._onTimeout (/Users/chintec/Documents/node/pos-admin/node_modules/connect-timeout/index.js:49:11)\n    at ontimeout (timers.js:475:11)\n    at tryOnTimeout (timers.js:310:5)\n    at Timer.listOnTimeout (timers.js:270:5)","timestamp":"2019-02-20T08:24:09.150Z"}
{"level":"error","message":"resource \"GET:/563d21da1d795a296aa5.hot-update.json\" not found","timestamp":"2019-02-20T08:24:29.282Z"}
{"level":"info","message":"GET /563d21da1d795a296aa5.hot-update.json 2 2019-02-20T08:24:29.283Z","timestamp":"2019-02-20T08:24:29.285Z"}
{"level":"info","message":"GET /resto/brand/shop/all 293 2019-02-20T09:04:14.967Z","timestamp":"2019-02-20T09:04:14.968Z"}
{"level":"info","message":"GET /resto/brand/shop/order/abnormal/list 100 2019-02-20T09:04:15.103Z","timestamp":"2019-02-20T09:04:15.103Z"}
{"level":"info","message":"GET /resto/brand/shop/order/abnormal/list 89 2019-02-20T09:04:16.081Z","timestamp":"2019-02-20T09:04:16.081Z"}
{"level":"info","message":"GET /system/info 270 2019-02-20T09:05:10.423Z","timestamp":"2019-02-20T09:05:10.423Z"}
{"level":"info","message":"GET /resto/brand/shop/detail/list 386 2019-02-20T09:05:11.364Z","timestamp":"2019-02-20T09:05:11.364Z"}
{"level":"info","message":"GET /resto/brand/shop/all 89 2019-02-20T09:05:13.557Z","timestamp":"2019-02-20T09:05:13.557Z"}
{"level":"info","message":"GET /resto/brand/shop/order/abnormal/list 104 2019-02-20T09:05:13.694Z","timestamp":"2019-02-20T09:05:13.694Z"}
{"level":"info","message":"GET /resto/brand/shop/order/abnormal/list 88 2019-02-20T09:05:14.672Z","timestamp":"2019-02-20T09:05:14.672Z"}
{"level":"info","message":"GET /resto/brand/shop/all 114 2019-02-20T09:07:05.587Z","timestamp":"2019-02-20T09:07:05.587Z"}
{"level":"info","message":"GET /resto/brand/shop/order/abnormal/list 89 2019-02-20T09:07:05.701Z","timestamp":"2019-02-20T09:07:05.701Z"}
{"level":"info","message":"GET /resto/brand/shop/order/abnormal/list 83 2019-02-20T09:07:06.688Z","timestamp":"2019-02-20T09:07:06.688Z"}
{"level":"info","message":"GET /resto/brand/shop/detail/list 150 2019-02-20T09:07:12.379Z","timestamp":"2019-02-20T09:07:12.380Z"}
{"level":"info","message":"GET /resto/brand/shop/all 84 2019-02-20T09:07:14.573Z","timestamp":"2019-02-20T09:07:14.573Z"}
{"level":"info","message":"GET /resto/brand/shop/order/abnormal/list 91 2019-02-20T09:07:14.724Z","timestamp":"2019-02-20T09:07:14.724Z"}
{"level":"info","message":"GET /resto/brand/shop/order/abnormal/list 93 2019-02-20T09:07:15.685Z","timestamp":"2019-02-20T09:07:15.685Z"}
{"level":"info","message":"GET /system/info 42 2019-02-20T09:40:33.050Z","timestamp":"2019-02-20T09:40:33.052Z"}
{"level":"info","message":"GET /resto/brand/shop/detail/list 228 2019-02-20T09:40:34.004Z","timestamp":"2019-02-20T09:40:34.004Z"}
{"level":"info","message":"GET /resto/brand/shop/all 83 2019-02-20T09:40:37.259Z","timestamp":"2019-02-20T09:40:37.260Z"}
{"level":"info","message":"GET /resto/brand/shop/order/abnormal/list 89 2019-02-20T09:40:37.384Z","timestamp":"2019-02-20T09:40:37.384Z"}
{"level":"info","message":"GET /resto/brand/shop/order/abnormal/list 90 2019-02-20T09:40:38.372Z","timestamp":"2019-02-20T09:40:38.372Z"}
{"level":"info","message":"GET /resto/brand/shop/all 90 2019-02-20T09:40:46.704Z","timestamp":"2019-02-20T09:40:46.704Z"}
{"level":"info","message":"GET /resto/brand/shop/order/abnormal/list 89 2019-02-20T09:40:46.817Z","timestamp":"2019-02-20T09:40:46.817Z"}
{"level":"info","message":"GET /resto/brand/shop/order/abnormal/list 111 2019-02-20T09:40:47.834Z","timestamp":"2019-02-20T09:40:47.834Z"}
{"level":"info","message":"GET /resto/brand/shop/all 114 2019-02-20T09:40:58.456Z","timestamp":"2019-02-20T09:40:58.456Z"}
{"level":"info","message":"GET /resto/brand/shop/order/abnormal/list 146 2019-02-20T09:40:58.631Z","timestamp":"2019-02-20T09:40:58.631Z"}
{"level":"info","message":"GET /resto/brand/shop/order/abnormal/list 82 2019-02-20T09:40:59.558Z","timestamp":"2019-02-20T09:40:59.558Z"}
{"level":"info","message":"GET /resto/brand/shop/all 92 2019-02-20T09:41:00.976Z","timestamp":"2019-02-20T09:41:00.976Z"}
{"level":"info","message":"GET /resto/brand/shop/order/abnormal/list 96 2019-02-20T09:41:01.097Z","timestamp":"2019-02-20T09:41:01.098Z"}
{"level":"info","message":"GET /resto/brand/shop/order/abnormal/list 97 2019-02-20T09:41:02.099Z","timestamp":"2019-02-20T09:41:02.099Z"}
{"level":"info","message":"GET /system/info 53 2019-02-20T09:42:08.088Z","timestamp":"2019-02-20T09:42:08.088Z"}
{"level":"info","message":"GET /resto/brand/shop/detail/list 217 2019-02-20T09:42:08.940Z","timestamp":"2019-02-20T09:42:08.940Z"}
{"level":"info","message":"GET /resto/brand/shop/detail/list 25 2019-02-20T09:42:11.953Z","timestamp":"2019-02-20T09:42:11.953Z"}
{"level":"error","message":"ServiceUnavailableError: Response timeout\n    at IncomingMessage.<anonymous> (/Users/chintec/Documents/node/pos-admin/node_modules/connect-timeout/index.js:84:8)\n    at emitOne (events.js:116:13)\n    at IncomingMessage.emit (events.js:211:7)\n    at Timeout._onTimeout (/Users/chintec/Documents/node/pos-admin/node_modules/connect-timeout/index.js:49:11)\n    at ontimeout (timers.js:475:11)\n    at tryOnTimeout (timers.js:310:5)\n    at Timer.listOnTimeout (timers.js:270:5)","timestamp":"2019-02-20T09:44:53.112Z"}
{"level":"error","message":"resource \"GET:/09d9493c9e40a7cb83b4.hot-update.json\" not found","timestamp":"2019-02-20T09:45:13.227Z"}
{"level":"info","message":"GET /09d9493c9e40a7cb83b4.hot-update.json 2 2019-02-20T09:45:13.228Z","timestamp":"2019-02-20T09:45:13.229Z"}
{"level":"info","message":"GET /system/info 231 2019-02-20T10:13:33.395Z","timestamp":"2019-02-20T10:13:33.396Z"}
{"level":"info","message":"GET /resto/brand/shop/detail/list 623 2019-02-20T10:13:34.524Z","timestamp":"2019-02-20T10:13:34.524Z"}
{"level":"info","message":"GET /resto/brand/shop/all 103 2019-02-20T10:13:36.710Z","timestamp":"2019-02-20T10:13:36.711Z"}
{"level":"info","message":"GET /resto/brand/shop/order/abnormal/list 95 2019-02-20T10:13:36.833Z","timestamp":"2019-02-20T10:13:36.833Z"}
{"level":"info","message":"GET /resto/brand/shop/order/abnormal/list 88 2019-02-20T10:13:37.816Z","timestamp":"2019-02-20T10:13:37.817Z"}
{"level":"info","message":"GET /resto/brand/shop/all 91 2019-02-20T10:13:40.238Z","timestamp":"2019-02-20T10:13:40.239Z"}
{"level":"info","message":"GET /resto/brand/shop/order/abnormal/list 89 2019-02-20T10:13:40.354Z","timestamp":"2019-02-20T10:13:40.354Z"}
{"level":"info","message":"GET /resto/brand/shop/order/abnormal/list 92 2019-02-20T10:13:41.352Z","timestamp":"2019-02-20T10:13:41.352Z"}
{"level":"info","message":"GET /resto/brand/shop/detail/list 183 2019-02-20T10:13:48.008Z","timestamp":"2019-02-20T10:13:48.008Z"}
{"level":"info","message":"GET /system/info 198 2019-02-20T10:14:57.256Z","timestamp":"2019-02-20T10:14:57.256Z"}
{"level":"info","message":"GET /resto/brand/shop/detail/list 201 2019-02-20T10:14:57.937Z","timestamp":"2019-02-20T10:14:57.938Z"}
{"level":"info","message":"GET /resto/brand/shop/order/abnormal/list 96 2019-02-20T10:15:00.403Z","timestamp":"2019-02-20T10:15:00.403Z"}
{"level":"info","message":"GET /resto/brand/shop/order/abnormal/list 92 2019-02-20T10:15:09.462Z","timestamp":"2019-02-20T10:15:09.463Z"}
{"level":"info","message":"GET /resto/brand/shop/order/abnormal/list 185 2019-02-20T10:15:15.461Z","timestamp":"2019-02-20T10:15:15.461Z"}
{"level":"info","message":"GET /resto/brand/shop/detail/list 156 2019-02-20T10:15:20.904Z","timestamp":"2019-02-20T10:15:20.904Z"}
{"level":"info","message":"GET /resto/brand/shop/order/abnormal/list 85 2019-02-20T10:15:23.837Z","timestamp":"2019-02-20T10:15:23.837Z"}
{"level":"info","message":"GET /resto/brand/shop/order/abnormal/list 99 2019-02-20T10:15:29.212Z","timestamp":"2019-02-20T10:15:29.213Z"}
{"level":"info","message":"GET /resto/brand/shop/order/abnormal/list 111 2019-02-20T10:15:35.629Z","timestamp":"2019-02-20T10:15:35.629Z"}
{"level":"info","message":"GET /resto/brand/shop/order/abnormal/list 102 2019-02-20T10:15:45.039Z","timestamp":"2019-02-20T10:15:45.039Z"}
{"level":"info","message":"GET /system/info 40 2019-02-20T10:16:51.615Z","timestamp":"2019-02-20T10:16:51.615Z"}
{"level":"info","message":"GET /resto/brand/shop/detail/list 266 2019-02-20T10:16:52.597Z","timestamp":"2019-02-20T10:16:52.597Z"}
{"level":"info","message":"GET /resto/brand/shop/order/abnormal/list 136 2019-02-20T10:38:38.446Z","timestamp":"2019-02-20T10:38:38.447Z"}
{"level":"info","message":"GET /resto/brand/shop/order/abnormal/list 94 2019-02-20T10:38:45.453Z","timestamp":"2019-02-20T10:38:45.454Z"}
{"level":"info","message":"GET /resto/brand/shop/detail/list 60 2019-02-20T10:39:16.865Z","timestamp":"2019-02-20T10:39:16.865Z"}
{"level":"info","message":"GET /resto/brand/shop/detail/list 40 2019-02-20T10:39:43.728Z","timestamp":"2019-02-20T10:39:43.728Z"}
{"level":"info","message":"GET /resto/brand/shop/detail/list 240 2019-02-20T10:41:10.144Z","timestamp":"2019-02-20T10:41:10.144Z"}
{"level":"info","message":"GET /resto/brand/shop/detail/list 27 2019-02-20T10:41:12.296Z","timestamp":"2019-02-20T10:41:12.296Z"}
{"level":"info","message":"GET /resto/brand/shop/detail/list 26 2019-02-20T10:41:14.067Z","timestamp":"2019-02-20T10:41:14.067Z"}
{"level":"info","message":"GET /resto/brand/shop/detail/list 168 2019-02-20T10:41:16.516Z","timestamp":"2019-02-20T10:41:16.516Z"}
{"level":"info","message":"GET /constant/list 53 2019-02-20T10:41:57.623Z","timestamp":"2019-02-20T10:41:57.623Z"}
{"level":"info","message":"GET /constant/list 57 2019-02-20T10:41:57.629Z","timestamp":"2019-02-20T10:41:57.629Z"}
{"level":"info","message":"GET /constant/list 58 2019-02-20T10:41:57.633Z","timestamp":"2019-02-20T10:41:57.633Z"}
{"level":"info","message":"GET /resto/brand/customer/list 108 2019-02-20T10:41:57.676Z","timestamp":"2019-02-20T10:41:57.676Z"}
{"level":"info","message":"GET /resto/brand/customer/charge/list 111 2019-02-20T10:41:57.691Z","timestamp":"2019-02-20T10:41:57.691Z"}
{"level":"info","message":"GET /resto/brand/customer/appraise/list 57 2019-02-20T10:41:57.695Z","timestamp":"2019-02-20T10:41:57.696Z"}
{"level":"info","message":"GET /resto/brand/customer/coupon/list 55 2019-02-20T10:41:57.703Z","timestamp":"2019-02-20T10:41:57.703Z"}
{"level":"info","message":"GET /resto/brand/customer/order/list 23 2019-02-20T10:41:57.712Z","timestamp":"2019-02-20T10:41:57.712Z"}
{"level":"info","message":"GET /resto/brand/shop/all 92 2019-02-20T10:42:02.311Z","timestamp":"2019-02-20T10:42:02.311Z"}
{"level":"info","message":"GET /resto/brand/customer/list 197 2019-02-20T10:42:02.549Z","timestamp":"2019-02-20T10:42:02.549Z"}
{"level":"info","message":"GET /resto/brand/customer/list 205 2019-02-20T10:42:03.181Z","timestamp":"2019-02-20T10:42:03.181Z"}
{"level":"info","message":"GET /resto/brand/shop/detail/list 151 2019-02-20T10:42:11.110Z","timestamp":"2019-02-20T10:42:11.111Z"}
{"level":"info","message":"GET /resto/brand/shop/all 97 2019-02-20T10:42:14.726Z","timestamp":"2019-02-20T10:42:14.726Z"}
{"level":"error","message":"SequelizeDatabaseError: Unknown column 'order_remark_ids' in 'field list'\n    at Query.formatError (/Users/chintec/Documents/node/pos-admin/public/node_modules/sequelize/lib/dialects/mysql/query.js:247:16)\n    at Query.handler [as onResult] (/Users/chintec/Documents/node/pos-admin/public/node_modules/sequelize/lib/dialects/mysql/query.js:68:23)\n    at Query.Command.execute (/Users/chintec/Documents/node/pos-admin/public/node_modules/mysql2/lib/commands/command.js:30:12)\n    at Connection.handlePacket (/Users/chintec/Documents/node/pos-admin/public/node_modules/mysql2/lib/connection.js:513:28)\n    at PacketParser.onPacket (/Users/chintec/Documents/node/pos-admin/public/node_modules/mysql2/lib/connection.js:81:16)\n    at PacketParser.executeStart (/Users/chintec/Documents/node/pos-admin/public/node_modules/mysql2/lib/packet_parser.js:76:14)\n    at Socket.<anonymous> (/Users/chintec/Documents/node/pos-admin/public/node_modules/mysql2/lib/connection.js:89:29)\n    at emitOne (events.js:116:13)\n    at Socket.emit (events.js:211:7)\n    at addChunk (_stream_readable.js:263:12)\n    at readableAddChunk (_stream_readable.js:250:11)\n    at Socket.Readable.push (_stream_readable.js:208:10)\n    at TCP.onread (net.js:594:20)","timestamp":"2019-02-20T10:42:14.910Z"}
{"level":"info","message":"GET /resto/brand/shop/order/list 153 2019-02-20T10:42:14.911Z","timestamp":"2019-02-20T10:42:14.912Z"}
{"level":"info","message":"GET /resto/brand/shop/order/list 145 2019-02-20T10:42:18.450Z","timestamp":"2019-02-20T10:42:18.450Z"}
{"level":"info","message":"GET /resto/brand/shop/order/list 105 2019-02-20T10:42:21.332Z","timestamp":"2019-02-20T10:42:21.332Z"}
{"level":"error","message":"SequelizeDatabaseError: Unknown column 'order_remark_ids' in 'field list'\n    at Query.formatError (/Users/chintec/Documents/node/pos-admin/public/node_modules/sequelize/lib/dialects/mysql/query.js:247:16)\n    at Query.handler [as onResult] (/Users/chintec/Documents/node/pos-admin/public/node_modules/sequelize/lib/dialects/mysql/query.js:68:23)\n    at Query.Command.execute (/Users/chintec/Documents/node/pos-admin/public/node_modules/mysql2/lib/commands/command.js:30:12)\n    at Connection.handlePacket (/Users/chintec/Documents/node/pos-admin/public/node_modules/mysql2/lib/connection.js:513:28)\n    at PacketParser.onPacket (/Users/chintec/Documents/node/pos-admin/public/node_modules/mysql2/lib/connection.js:81:16)\n    at PacketParser.executeStart (/Users/chintec/Documents/node/pos-admin/public/node_modules/mysql2/lib/packet_parser.js:76:14)\n    at Socket.<anonymous> (/Users/chintec/Documents/node/pos-admin/public/node_modules/mysql2/lib/connection.js:89:29)\n    at emitOne (events.js:116:13)\n    at Socket.emit (events.js:211:7)\n    at addChunk (_stream_readable.js:263:12)\n    at readableAddChunk (_stream_readable.js:250:11)\n    at Socket.Readable.push (_stream_readable.js:208:10)\n    at TCP.onread (net.js:594:20)","timestamp":"2019-02-20T10:42:23.977Z"}
{"level":"info","message":"GET /resto/brand/shop/order/list 112 2019-02-20T10:42:23.977Z","timestamp":"2019-02-20T10:42:23.977Z"}
{"level":"info","message":"GET /resto/brand/shop/order/list 148 2019-02-20T10:42:34.615Z","timestamp":"2019-02-20T10:42:34.615Z"}
{"level":"info","message":"GET /resto/brand/shop/order/list 146 2019-02-20T10:42:36.807Z","timestamp":"2019-02-20T10:42:36.807Z"}
{"level":"info","message":"GET /resto/brand/shop/order/list 128 2019-02-20T10:42:39.308Z","timestamp":"2019-02-20T10:42:39.309Z"}
{"level":"info","message":"GET /resto/brand/shop/order/list 143 2019-02-20T10:42:44.236Z","timestamp":"2019-02-20T10:42:44.236Z"}
{"level":"info","message":"GET /resto/brand/shop/order/list 170 2019-02-20T10:42:46.155Z","timestamp":"2019-02-20T10:42:46.156Z"}
{"level":"info","message":"GET /resto/brand/shop/order/list 121 2019-02-20T10:42:53.449Z","timestamp":"2019-02-20T10:42:53.449Z"}
