{"level":"info","message":"GET /newpos/pos/charts/day/business/statistics 117 2019-02-19T07:35:58.877Z","timestamp":"2019-02-19T07:35:58.881Z"}
{"level":"error","message":"resource \"GET:/page/charts/index.html\" not found","timestamp":"2019-02-19T07:45:00.161Z"}
{"level":"info","message":"GET /page/charts/index.html 14 2019-02-19T07:45:00.165Z","timestamp":"2019-02-19T07:45:00.168Z"}
{"level":"info","message":"GET /system/info 21 2019-02-19T07:45:05.708Z","timestamp":"2019-02-19T07:45:05.708Z"}
{"level":"error","message":"ServiceUnavailableError: Response timeout\n    at IncomingMessage.<anonymous> (/Users/chintec/Documents/node/pos-admin/node_modules/connect-timeout/index.js:84:8)\n    at emitOne (events.js:116:13)\n    at IncomingMessage.emit (events.js:211:7)\n    at Timeout._onTimeout (/Users/chintec/Documents/node/pos-admin/node_modules/connect-timeout/index.js:49:11)\n    at ontimeout (timers.js:475:11)\n    at tryOnTimeout (timers.js:310:5)\n    at Timer.listOnTimeout (timers.js:270:5)","timestamp":"2019-02-19T08:28:34.763Z"}
{"level":"error","message":"resource \"GET:/1e487d69aa420b07076e.hot-update.json\" not found","timestamp":"2019-02-19T08:29:02.063Z"}
{"level":"info","message":"GET /1e487d69aa420b07076e.hot-update.json 2 2019-02-19T08:29:02.064Z","timestamp":"2019-02-19T08:29:02.065Z"}
{"level":"error","message":"ServiceUnavailableError: Response timeout\n    at IncomingMessage.<anonymous> (/Users/chintec/Documents/node/pos-admin/node_modules/connect-timeout/index.js:84:8)\n    at emitOne (events.js:116:13)\n    at IncomingMessage.emit (events.js:211:7)\n    at Timeout._onTimeout (/Users/chintec/Documents/node/pos-admin/node_modules/connect-timeout/index.js:49:11)\n    at ontimeout (timers.js:475:11)\n    at tryOnTimeout (timers.js:310:5)\n    at Timer.listOnTimeout (timers.js:270:5)","timestamp":"2019-02-19T08:30:40.931Z"}
{"level":"info","message":"POST /admin/login 81 2019-02-19T08:44:27.129Z","timestamp":"2019-02-19T08:44:27.131Z"}
{"level":"info","message":"GET /system/info 372 2019-02-19T08:44:27.531Z","timestamp":"2019-02-19T08:44:27.532Z"}
{"level":"error","message":"resource \"GET:/js/vue-count-to.min.js.map\" not found","timestamp":"2019-02-19T08:45:09.166Z"}
{"level":"info","message":"GET /js/vue-count-to.min.js.map 2 2019-02-19T08:45:09.167Z","timestamp":"2019-02-19T08:45:09.167Z"}
{"level":"error","message":"ServiceUnavailableError: Response timeout\n    at IncomingMessage.<anonymous> (/Users/chintec/Documents/node/pos-admin/node_modules/connect-timeout/index.js:84:8)\n    at emitOne (events.js:116:13)\n    at IncomingMessage.emit (events.js:211:7)\n    at Timeout._onTimeout (/Users/chintec/Documents/node/pos-admin/node_modules/connect-timeout/index.js:49:11)\n    at ontimeout (timers.js:475:11)\n    at tryOnTimeout (timers.js:310:5)\n    at Timer.listOnTimeout (timers.js:270:5)","timestamp":"2019-02-19T08:46:54.165Z"}
{"level":"info","message":"GET /system/info 471 2019-02-19T08:47:34.670Z","timestamp":"2019-02-19T08:47:34.672Z"}
{"level":"info","message":"GET /system/info 549 2019-02-19T08:49:12.326Z","timestamp":"2019-02-19T08:49:12.327Z"}
{"level":"info","message":"GET /system/info 643 2019-02-19T08:49:28.062Z","timestamp":"2019-02-19T08:49:28.063Z"}
{"level":"info","message":"GET /system/info 471 2019-02-19T08:51:32.151Z","timestamp":"2019-02-19T08:51:32.152Z"}
{"level":"info","message":"GET /system/info 487 2019-02-19T08:51:35.672Z","timestamp":"2019-02-19T08:51:35.672Z"}
{"level":"info","message":"GET /system/info 377 2019-02-19T08:51:51.423Z","timestamp":"2019-02-19T08:51:51.423Z"}
{"level":"info","message":"GET /system/info 677 2019-02-19T08:55:05.779Z","timestamp":"2019-02-19T08:55:05.779Z"}
{"level":"info","message":"GET /system/info 436 2019-02-19T08:56:08.449Z","timestamp":"2019-02-19T08:56:08.450Z"}
{"level":"info","message":"GET /system/info 442 2019-02-19T08:56:33.019Z","timestamp":"2019-02-19T08:56:33.019Z"}
{"level":"error","message":"resource \"GET:/js/vue-count-to.min.js.map\" not found","timestamp":"2019-02-19T08:56:52.632Z"}
{"level":"info","message":"GET /js/vue-count-to.min.js.map 2 2019-02-19T08:56:52.633Z","timestamp":"2019-02-19T08:56:52.634Z"}
{"level":"info","message":"GET /system/info 508 2019-02-19T08:58:22.426Z","timestamp":"2019-02-19T08:58:22.426Z"}
{"level":"error","message":"ServiceUnavailableError: Response timeout\n    at IncomingMessage.<anonymous> (/Users/chintec/Documents/node/pos-admin/node_modules/connect-timeout/index.js:84:8)\n    at emitOne (events.js:116:13)\n    at IncomingMessage.emit (events.js:211:7)\n    at Timeout._onTimeout (/Users/chintec/Documents/node/pos-admin/node_modules/connect-timeout/index.js:49:11)\n    at ontimeout (timers.js:475:11)\n    at tryOnTimeout (timers.js:310:5)\n    at Timer.listOnTimeout (timers.js:270:5)","timestamp":"2019-02-19T09:02:08.854Z"}
{"level":"error","message":"ServiceUnavailableError: Response timeout\n    at IncomingMessage.<anonymous> (/Users/chintec/Documents/node/pos-admin/node_modules/connect-timeout/index.js:84:8)\n    at emitOne (events.js:116:13)\n    at IncomingMessage.emit (events.js:211:7)\n    at Timeout._onTimeout (/Users/chintec/Documents/node/pos-admin/node_modules/connect-timeout/index.js:49:11)\n    at ontimeout (timers.js:475:11)\n    at tryOnTimeout (timers.js:310:5)\n    at Timer.listOnTimeout (timers.js:270:5)","timestamp":"2019-02-19T09:02:08.924Z"}
{"level":"info","message":"GET /system/info 452 2019-02-19T09:02:19.620Z","timestamp":"2019-02-19T09:02:19.620Z"}
{"level":"error","message":"ServiceUnavailableError: Response timeout\n    at IncomingMessage.<anonymous> (/Users/chintec/Documents/node/pos-admin/node_modules/connect-timeout/index.js:84:8)\n    at emitOne (events.js:116:13)\n    at IncomingMessage.emit (events.js:211:7)\n    at Timeout._onTimeout (/Users/chintec/Documents/node/pos-admin/node_modules/connect-timeout/index.js:49:11)\n    at ontimeout (timers.js:475:11)\n    at tryOnTimeout (timers.js:310:5)\n    at Timer.listOnTimeout (timers.js:270:5)","timestamp":"2019-02-19T09:04:27.807Z"}
{"level":"info","message":"GET /system/info 513 2019-02-19T09:04:59.737Z","timestamp":"2019-02-19T09:04:59.737Z"}
